SF:D:\Projects\AdLer\AdLerBackend\AdLerBackend.API\Program.cs
FN:7,System.Void Program::<Main>$(System.String[])
FNDA:0,System.Void Program::<Main>$(System.String[])
DA:8,0
DA:10,0
DA:12,0
DA:13,0
DA:14,0
DA:16,0
DA:17,0
DA:18,0
DA:19,0
DA:20,0
DA:23,0
DA:24,0
DA:26,0
DA:28,0
DA:30,0
DA:32,0
DA:34,0
DA:35,0
DA:36,0
BRDA:23,95,0,0
BRDA:23,95,1,0
LF:19
LH:0
BRF:2
BRH:0
FNF:1
FNH:0
end_of_record
SF:D:\Projects\AdLer\AdLerBackend\AdLerBackend.API\BackendConfigExtentions.cs
FN:13,Microsoft.AspNetCore.Builder.WebApplicationBuilder AdLerBackend.API.BackendConfigExtensions::AddLoggingViaSerilog(Microsoft.AspNetCore.Builder.WebApplicationBuilder)
FNDA:0,Microsoft.AspNetCore.Builder.WebApplicationBuilder AdLerBackend.API.BackendConfigExtensions::AddLoggingViaSerilog(Microsoft.AspNetCore.Builder.WebApplicationBuilder)
DA:14,0
DA:15,0
DA:16,0
DA:17,0
DA:18,0
DA:19,0
DA:20,0
DA:21,0
DA:22,0
DA:23,0
DA:25,0
DA:28,0
DA:29,0
DA:31,0
DA:32,0
FN:35,Microsoft.Extensions.DependencyInjection.IServiceCollection AdLerBackend.API.BackendConfigExtensions::AddAndValidateBackendConfig(Microsoft.Extensions.DependencyInjection.IServiceCollection,Microsoft.Extensions.Configuration.IConfiguration)
FNDA:1,Microsoft.Extensions.DependencyInjection.IServiceCollection AdLerBackend.API.BackendConfigExtensions::AddAndValidateBackendConfig(Microsoft.Extensions.DependencyInjection.IServiceCollection,Microsoft.Extensions.Configuration.IConfiguration)
DA:36,1
DA:37,1
DA:39,1
DA:40,1
DA:41,1
DA:42,1
DA:43,1
DA:44,1
DA:45,1
DA:46,0
DA:47,0
DA:48,2
DA:50,2
DA:52,1
DA:53,1
BRDA:45,30,0,0
BRDA:45,30,1,1
LF:30
LH:13
BRF:2
BRH:1
FNF:2
FNH:1
end_of_record
SF:D:\Projects\AdLer\AdLerBackend\AdLerBackend.API\Middleware\LoggingMiddleware.cs
FN:10,System.Void AdLerBackend.API.Middleware.LoggingMiddleware::.ctor(Microsoft.AspNetCore.Http.RequestDelegate)
FNDA:0,System.Void AdLerBackend.API.Middleware.LoggingMiddleware::.ctor(Microsoft.AspNetCore.Http.RequestDelegate)
DA:11,0
DA:12,0
DA:13,0
DA:14,0
FN:16,System.Void AdLerBackend.API.Middleware.LoggingMiddleware/<InvokeAsync>d__2::MoveNext()
FNDA:0,System.Void AdLerBackend.API.Middleware.LoggingMiddleware/<InvokeAsync>d__2::MoveNext()
DA:17,0
DA:18,0
DA:19,0
DA:20,0
DA:21,0
DA:22,0
DA:23,0
DA:24,0
DA:26,0
DA:27,0
DA:28,0
DA:29,0
BRDA:18,47,0,0
BRDA:18,47,1,0
LF:16
LH:0
BRF:2
BRH:0
FNF:2
FNH:0
end_of_record
SF:D:\Projects\AdLer\AdLerBackend\AdLerBackend.API\Middleware\UnzipMiddleware.cs
FN:21,System.Void AdLerBackend.API.Middleware.UnzipMiddleware::.ctor(Microsoft.AspNetCore.Http.RequestDelegate,System.IO.Abstractions.IFileSystem)
FNDA:0,System.Void AdLerBackend.API.Middleware.UnzipMiddleware::.ctor(Microsoft.AspNetCore.Http.RequestDelegate,System.IO.Abstractions.IFileSystem)
DA:22,0
DA:23,0
DA:24,0
DA:25,0
DA:26,0
FN:32,System.Void AdLerBackend.API.Middleware.UnzipMiddleware/<Invoke>d__3::MoveNext()
FNDA:0,System.Void AdLerBackend.API.Middleware.UnzipMiddleware/<Invoke>d__3::MoveNext()
DA:33,0
DA:34,0
DA:36,0
DA:37,0
DA:40,0
DA:41,0
DA:42,0
DA:43,0
DA:44,0
DA:47,0
DA:48,0
DA:49,0
DA:53,0
DA:54,0
DA:55,0
DA:56,0
DA:60,0
DA:61,0
DA:64,0
DA:65,0
DA:66,0
DA:67,0
BRDA:36,84,0,0
BRDA:47,524,1,0
BRDA:48,324,0,0
BRDA:48,324,1,0
BRDA:47,524,0,0
BRDA:36,84,1,0
LF:27
LH:0
BRF:6
BRH:0
FNF:2
FNH:0
end_of_record
SF:D:\Projects\AdLer\AdLerBackend\AdLerBackend.API\Filters\ApiExceptionFilterAttribute.cs
FN:39,System.Void AdLerBackend.API.Filters.ApiExceptionFilterAttribute::OnException(Microsoft.AspNetCore.Mvc.Filters.ExceptionContext)
FNDA:0,System.Void AdLerBackend.API.Filters.ApiExceptionFilterAttribute::OnException(Microsoft.AspNetCore.Mvc.Filters.ExceptionContext)
DA:40,0
DA:41,0
DA:42,0
DA:43,0
FN:45,System.Void AdLerBackend.API.Filters.ApiExceptionFilterAttribute::HandleException(Microsoft.AspNetCore.Mvc.Filters.ExceptionContext)
FNDA:0,System.Void AdLerBackend.API.Filters.ApiExceptionFilterAttribute::HandleException(Microsoft.AspNetCore.Mvc.Filters.ExceptionContext)
DA:46,0
DA:47,0
DA:48,0
DA:49,0
DA:51,0
DA:52,0
BRDA:48,29,0,0
BRDA:48,29,1,0
FN:54,System.Void AdLerBackend.API.Filters.ApiExceptionFilterAttribute::SetResult(Microsoft.AspNetCore.Mvc.Filters.ExceptionContext,Microsoft.AspNetCore.Mvc.ProblemDetails)
FNDA:0,System.Void AdLerBackend.API.Filters.ApiExceptionFilterAttribute::SetResult(Microsoft.AspNetCore.Mvc.Filters.ExceptionContext,Microsoft.AspNetCore.Mvc.ProblemDetails)
DA:55,0
DA:56,0
DA:57,0
DA:58,0
FN:60,System.Void AdLerBackend.API.Filters.ApiExceptionFilterAttribute::HandleGenericLmsException(Microsoft.AspNetCore.Mvc.Filters.ExceptionContext)
FNDA:0,System.Void AdLerBackend.API.Filters.ApiExceptionFilterAttribute::HandleGenericLmsException(Microsoft.AspNetCore.Mvc.Filters.ExceptionContext)
DA:61,0
DA:62,0
DA:63,0
DA:64,0
DA:65,0
DA:66,0
DA:67,0
DA:68,0
DA:70,0
DA:72,0
DA:73,0
FN:75,System.Void AdLerBackend.API.Filters.ApiExceptionFilterAttribute::HandleWorldCreationException(Microsoft.AspNetCore.Mvc.Filters.ExceptionContext)
FNDA:0,System.Void AdLerBackend.API.Filters.ApiExceptionFilterAttribute::HandleWorldCreationException(Microsoft.AspNetCore.Mvc.Filters.ExceptionContext)
DA:76,0
DA:77,0
DA:79,0
DA:80,0
DA:81,0
DA:82,0
DA:83,0
DA:84,0
DA:85,0
DA:87,0
DA:89,0
DA:90,0
FN:93,System.Void AdLerBackend.API.Filters.ApiExceptionFilterAttribute::HandleForbiddenAccessException(Microsoft.AspNetCore.Mvc.Filters.ExceptionContext)
FNDA:0,System.Void AdLerBackend.API.Filters.ApiExceptionFilterAttribute::HandleForbiddenAccessException(Microsoft.AspNetCore.Mvc.Filters.ExceptionContext)
DA:94,0
DA:95,0
DA:96,0
DA:97,0
DA:98,0
DA:99,0
DA:100,0
DA:101,0
DA:102,0
DA:104,0
DA:106,0
DA:107,0
FN:109,System.Void AdLerBackend.API.Filters.ApiExceptionFilterAttribute::HandleNotFoundException(Microsoft.AspNetCore.Mvc.Filters.ExceptionContext)
FNDA:0,System.Void AdLerBackend.API.Filters.ApiExceptionFilterAttribute::HandleNotFoundException(Microsoft.AspNetCore.Mvc.Filters.ExceptionContext)
DA:110,0
DA:111,0
DA:112,0
DA:113,0
DA:114,0
DA:115,0
DA:116,0
DA:117,0
DA:118,0
DA:120,0
DA:122,0
DA:123,0
FN:125,System.Void AdLerBackend.API.Filters.ApiExceptionFilterAttribute::HandleInvalidTokenException(Microsoft.AspNetCore.Mvc.Filters.ExceptionContext)
FNDA:0,System.Void AdLerBackend.API.Filters.ApiExceptionFilterAttribute::HandleInvalidTokenException(Microsoft.AspNetCore.Mvc.Filters.ExceptionContext)
DA:126,0
DA:127,0
DA:128,0
DA:129,0
DA:130,0
DA:131,0
DA:132,0
DA:133,0
DA:135,0
DA:137,0
DA:138,0
FN:140,System.Void AdLerBackend.API.Filters.ApiExceptionFilterAttribute::HandleUnknownException(Microsoft.AspNetCore.Mvc.Filters.ExceptionContext)
FNDA:0,System.Void AdLerBackend.API.Filters.ApiExceptionFilterAttribute::HandleUnknownException(Microsoft.AspNetCore.Mvc.Filters.ExceptionContext)
DA:141,0
DA:142,0
DA:143,0
DA:144,0
DA:145,0
DA:146,0
DA:147,0
DA:148,0
DA:150,0
DA:152,0
DA:153,0
FN:155,System.Void AdLerBackend.API.Filters.ApiExceptionFilterAttribute::HandleValidationException(Microsoft.AspNetCore.Mvc.Filters.ExceptionContext)
FNDA:0,System.Void AdLerBackend.API.Filters.ApiExceptionFilterAttribute::HandleValidationException(Microsoft.AspNetCore.Mvc.Filters.ExceptionContext)
DA:156,0
DA:157,0
DA:159,0
DA:160,0
DA:161,0
DA:162,0
DA:163,0
DA:164,0
DA:166,0
DA:168,0
DA:169,0
FN:171,System.Void AdLerBackend.API.Filters.ApiExceptionFilterAttribute::HandleLmsLoginException(Microsoft.AspNetCore.Mvc.Filters.ExceptionContext)
FNDA:0,System.Void AdLerBackend.API.Filters.ApiExceptionFilterAttribute::HandleLmsLoginException(Microsoft.AspNetCore.Mvc.Filters.ExceptionContext)
DA:172,0
DA:173,0
DA:174,0
DA:175,0
DA:176,0
DA:177,0
DA:178,0
DA:179,0
DA:181,0
DA:183,0
DA:184,0
FN:19,System.Void AdLerBackend.API.Filters.ApiExceptionFilterAttribute::.ctor(Microsoft.Extensions.Logging.ILogger`1<AdLerBackend.API.Filters.ApiExceptionFilterAttribute>)
FNDA:0,System.Void AdLerBackend.API.Filters.ApiExceptionFilterAttribute::.ctor(Microsoft.Extensions.Logging.ILogger`1<AdLerBackend.API.Filters.ApiExceptionFilterAttribute>)
DA:20,0
DA:21,0
DA:22,0
DA:23,0
DA:24,0
DA:25,0
DA:26,0
DA:27,0
DA:28,0
DA:29,0
DA:30,0
DA:31,0
DA:32,0
DA:33,0
LF:119
LH:0
BRF:2
BRH:0
FNF:12
FNH:0
end_of_record
SF:D:\Projects\AdLer\AdLerBackend\AdLerBackend.API\Controllers\BaseApiController.cs
FN:12,System.Void AdLerBackend.API.Controllers.BaseApiController::.ctor(MediatR.IMediator)
FNDA:0,System.Void AdLerBackend.API.Controllers.BaseApiController::.ctor(MediatR.IMediator)
DA:13,0
DA:14,0
DA:15,0
DA:16,0
LF:4
LH:0
BRF:0
BRH:0
FNF:1
FNH:0
end_of_record
SF:D:\Projects\AdLer\AdLerBackend\AdLerBackend.API\Controllers\Worlds\WorldsController.cs
FN:22,System.Void AdLerBackend.API.Controllers.Worlds.WorldsController::.ctor(MediatR.IMediator)
FNDA:0,System.Void AdLerBackend.API.Controllers.Worlds.WorldsController::.ctor(MediatR.IMediator)
DA:23,0
DA:24,0
DA:25,0
FN:84,System.Void AdLerBackend.API.Controllers.Worlds.WorldsController/<CreateWorld>d__4::MoveNext()
FNDA:0,System.Void AdLerBackend.API.Controllers.Worlds.WorldsController/<CreateWorld>d__4::MoveNext()
DA:85,0
DA:87,0
DA:89,0
DA:90,0
DA:91,0
DA:92,0
DA:93,0
DA:94,0
DA:96,0
DA:98,0
DA:99,0
FN:108,System.Void AdLerBackend.API.Controllers.Worlds.WorldsController/<DeleteWorld>d__5::MoveNext()
FNDA:0,System.Void AdLerBackend.API.Controllers.Worlds.WorldsController/<DeleteWorld>d__5::MoveNext()
DA:109,0
DA:110,0
DA:111,0
DA:112,0
DA:113,0
DA:114,0
DA:115,0
FN:125,System.Void AdLerBackend.API.Controllers.Worlds.WorldsController/<GetElementStatus>d__6::MoveNext()
FNDA:0,System.Void AdLerBackend.API.Controllers.Worlds.WorldsController/<GetElementStatus>d__6::MoveNext()
DA:126,0
DA:127,0
DA:128,0
DA:129,0
DA:130,0
DA:131,0
DA:132,0
FN:52,System.Void AdLerBackend.API.Controllers.Worlds.WorldsController/<GetWorldAtf>d__2::MoveNext()
FNDA:0,System.Void AdLerBackend.API.Controllers.Worlds.WorldsController/<GetWorldAtf>d__2::MoveNext()
DA:53,0
DA:54,0
DA:55,0
DA:56,0
DA:57,0
DA:58,0
DA:59,0
FN:36,System.Void AdLerBackend.API.Controllers.Worlds.WorldsController/<GetWorldsForAuthor>d__1::MoveNext()
FNDA:0,System.Void AdLerBackend.API.Controllers.Worlds.WorldsController/<GetWorldsForAuthor>d__1::MoveNext()
DA:37,0
DA:38,0
DA:39,0
DA:40,0
DA:41,0
DA:42,0
DA:43,0
FN:67,System.Void AdLerBackend.API.Controllers.Worlds.WorldsController/<GetWorldsForUser>d__3::MoveNext()
FNDA:0,System.Void AdLerBackend.API.Controllers.Worlds.WorldsController/<GetWorldsForUser>d__3::MoveNext()
DA:68,0
DA:69,0
DA:70,0
DA:71,0
DA:72,0
DA:73,0
LF:48
LH:0
BRF:0
BRH:0
FNF:7
FNH:0
end_of_record
SF:D:\Projects\AdLer\AdLerBackend\AdLerBackend.API\Controllers\Player\PlayerController.cs
FN:21,System.Void AdLerBackend.API.Controllers.Player.PlayerController::.ctor(MediatR.IMediator)
FNDA:0,System.Void AdLerBackend.API.Controllers.Player.PlayerController::.ctor(MediatR.IMediator)
DA:22,0
DA:23,0
DA:24,0
FN:64,System.Void AdLerBackend.API.Controllers.Player.PlayerController/<DeletePlayer>d__3::MoveNext()
FNDA:0,System.Void AdLerBackend.API.Controllers.Player.PlayerController/<DeletePlayer>d__3::MoveNext()
DA:65,0
DA:66,0
DA:67,0
DA:68,0
DA:69,0
DA:70,0
FN:32,System.Void AdLerBackend.API.Controllers.Player.PlayerController/<GetPlayer>d__1::MoveNext()
FNDA:0,System.Void AdLerBackend.API.Controllers.Player.PlayerController/<GetPlayer>d__1::MoveNext()
DA:33,0
DA:34,0
DA:35,0
DA:36,0
DA:37,0
DA:38,0
FN:49,System.Void AdLerBackend.API.Controllers.Player.PlayerController/<UpdatePlayer>d__2::MoveNext()
FNDA:0,System.Void AdLerBackend.API.Controllers.Player.PlayerController/<UpdatePlayer>d__2::MoveNext()
DA:50,0
DA:51,0
DA:52,0
DA:53,0
DA:54,0
DA:55,0
DA:56,0
LF:22
LH:0
BRF:0
BRH:0
FNF:4
FNH:0
end_of_record
SF:D:\Projects\AdLer\AdLerBackend\AdLerBackend.API\Controllers\LMSUserService\LMSUserController.cs
FN:13,System.Void AdLerBackend.API.Controllers.LMSUserService.LmsLoginController::.ctor(MediatR.IMediator)
FNDA:0,System.Void AdLerBackend.API.Controllers.LMSUserService.LmsLoginController::.ctor(MediatR.IMediator)
DA:14,0
DA:15,0
DA:16,0
FN:23,System.Void AdLerBackend.API.Controllers.LMSUserService.LmsLoginController/<GetLmsUserData>d__1::MoveNext()
FNDA:0,System.Void AdLerBackend.API.Controllers.LMSUserService.LmsLoginController/<GetLmsUserData>d__1::MoveNext()
DA:24,0
DA:25,0
DA:26,0
FN:30,System.Void AdLerBackend.API.Controllers.LMSUserService.LmsLoginController/<GetLmsUserToken>d__2::MoveNext()
FNDA:0,System.Void AdLerBackend.API.Controllers.LMSUserService.LmsLoginController/<GetLmsUserToken>d__2::MoveNext()
DA:31,0
DA:32,0
DA:33,0
LF:9
LH:0
BRF:0
BRH:0
FNF:3
FNH:0
end_of_record
SF:D:\Projects\AdLer\AdLerBackend\AdLerBackend.API\Controllers\Elements\ElementsController.cs
FN:24,System.Void AdLerBackend.API.Controllers.Elements.ElementsController::.ctor(MediatR.IMediator)
FNDA:0,System.Void AdLerBackend.API.Controllers.Elements.ElementsController::.ctor(MediatR.IMediator)
DA:25,0
DA:26,0
DA:27,0
FN:61,System.Void AdLerBackend.API.Controllers.Elements.ElementsController/<AnswerAdaptivityQuestion>d__2::MoveNext()
FNDA:0,System.Void AdLerBackend.API.Controllers.Elements.ElementsController/<AnswerAdaptivityQuestion>d__2::MoveNext()
DA:62,0
DA:63,0
DA:64,0
DA:65,0
DA:66,0
DA:67,0
DA:68,0
DA:69,0
DA:70,0
DA:71,0
FN:80,System.Void AdLerBackend.API.Controllers.Elements.ElementsController/<GetAdaptivityQuestions>d__3::MoveNext()
FNDA:0,System.Void AdLerBackend.API.Controllers.Elements.ElementsController/<GetAdaptivityQuestions>d__3::MoveNext()
DA:81,0
DA:82,0
DA:83,0
DA:84,0
DA:85,0
DA:86,0
DA:87,0
DA:88,0
FN:99,System.Void AdLerBackend.API.Controllers.Elements.ElementsController/<GetElementScore>d__4::MoveNext()
FNDA:0,System.Void AdLerBackend.API.Controllers.Elements.ElementsController/<GetElementScore>d__4::MoveNext()
DA:100,0
DA:101,0
DA:102,0
DA:103,0
DA:104,0
DA:105,0
DA:106,0
DA:107,0
FN:119,System.Void AdLerBackend.API.Controllers.Elements.ElementsController/<GetElementSource>d__5::MoveNext()
FNDA:0,System.Void AdLerBackend.API.Controllers.Elements.ElementsController/<GetElementSource>d__5::MoveNext()
DA:120,0
DA:121,0
DA:122,0
DA:123,0
DA:124,0
DA:125,0
DA:126,0
DA:127,0
FN:41,System.Void AdLerBackend.API.Controllers.Elements.ElementsController/<ScoreElement>d__1::MoveNext()
FNDA:0,System.Void AdLerBackend.API.Controllers.Elements.ElementsController/<ScoreElement>d__1::MoveNext()
DA:42,0
DA:43,0
DA:44,0
DA:45,0
DA:46,0
DA:47,0
DA:48,0
DA:49,0
DA:50,0
LF:46
LH:0
BRF:0
BRH:0
FNF:6
FNH:0
end_of_record
SF:D:\Projects\AdLer\AdLerBackend\AdLerBackend.Application\World\WorldManagement\UploadWorld\UploadWorldCommand.cs
FN:8,System.IO.Stream AdLerBackend.Application.World.WorldManagement.UploadWorld.UploadWorldCommand::get_BackupFileStream()
FNDA:6,System.IO.Stream AdLerBackend.Application.World.WorldManagement.UploadWorld.UploadWorldCommand::get_BackupFileStream()
DA:9,6
FN:9,System.IO.Stream AdLerBackend.Application.World.WorldManagement.UploadWorld.UploadWorldCommand::get_ATFFileStream()
FNDA:4,System.IO.Stream AdLerBackend.Application.World.WorldManagement.UploadWorld.UploadWorldCommand::get_ATFFileStream()
DA:10,4
FN:6,System.Void AdLerBackend.Application.World.WorldManagement.UploadWorld.UploadWorldCommand::.ctor(AdLerBackend.Application.World.WorldManagement.UploadWorld.UploadWorldCommand)
FNDA:0,System.Void AdLerBackend.Application.World.WorldManagement.UploadWorld.UploadWorldCommand::.ctor(AdLerBackend.Application.World.WorldManagement.UploadWorld.UploadWorldCommand)
DA:7,0
LF:3
LH:2
BRF:0
BRH:0
FNF:3
FNH:2
end_of_record
SF:D:\Projects\AdLer\AdLerBackend\AdLerBackend.Application\World\WorldManagement\UploadWorld\UploadWorldUseCase.cs
FN:103,System.Collections.Generic.Dictionary`2<System.String,System.String> AdLerBackend.Application.World.WorldManagement.UploadWorld.UploadWorldUseCase::StoreH5PFiles(AdLerBackend.Application.Common.Responses.World.WorldAtfResponse,System.Int32,System.IO.Stream)
FNDA:2,System.Collections.Generic.Dictionary`2<System.String,System.String> AdLerBackend.Application.World.WorldManagement.UploadWorld.UploadWorldUseCase::StoreH5PFiles(AdLerBackend.Application.Common.Responses.World.WorldAtfResponse,System.Int32,System.IO.Stream)
DA:104,2
DA:105,6
DA:106,1
DA:108,1
DA:110,1
DA:111,1
DA:112,1
DA:113,1
DA:114,1
DA:115,2
BRDA:105,50,0,1
BRDA:105,50,1,1
FN:23,System.Void AdLerBackend.Application.World.WorldManagement.UploadWorld.UploadWorldUseCase::.ctor(AdLerBackend.Application.Common.Interfaces.ILmsBackupProcessor,MediatR.IMediator,AdLerBackend.Application.Common.Interfaces.IFileAccess,AdLerBackend.Application.Common.Interfaces.IWorldRepository,AdLerBackend.Application.Common.Interfaces.ISerialization,AdLerBackend.Application.Common.Interfaces.ILMS,Microsoft.Extensions.Options.IOptions`1<AdLerBackend.Application.Configuration.BackendConfig>)
FNDA:2,System.Void AdLerBackend.Application.World.WorldManagement.UploadWorld.UploadWorldUseCase::.ctor(AdLerBackend.Application.Common.Interfaces.ILmsBackupProcessor,MediatR.IMediator,AdLerBackend.Application.Common.Interfaces.IFileAccess,AdLerBackend.Application.Common.Interfaces.IWorldRepository,AdLerBackend.Application.Common.Interfaces.ISerialization,AdLerBackend.Application.Common.Interfaces.ILMS,Microsoft.Extensions.Options.IOptions`1<AdLerBackend.Application.Configuration.BackendConfig>)
DA:24,2
DA:25,2
DA:26,2
DA:27,2
DA:28,2
DA:29,2
DA:30,2
DA:31,2
DA:32,2
DA:33,2
DA:35,2
DA:36,2
FN:50,System.String AdLerBackend.Application.World.WorldManagement.UploadWorld.UploadWorldUseCase/<>c::<Handle>b__8_3(System.String,System.ComponentModel.DataAnnotations.ValidationResult)
FNDA:0,System.String AdLerBackend.Application.World.WorldManagement.UploadWorld.UploadWorldUseCase/<>c::<Handle>b__8_3(System.String,System.ComponentModel.DataAnnotations.ValidationResult)
DA:51,0
FN:62,<>f__AnonymousType1`2<System.Collections.Generic.KeyValuePair`2<System.String,System.String>,System.Guid> AdLerBackend.Application.World.WorldManagement.UploadWorld.UploadWorldUseCase/<>c::<Handle>b__8_0(System.Collections.Generic.KeyValuePair`2<System.String,System.String>)
FNDA:1,<>f__AnonymousType1`2<System.Collections.Generic.KeyValuePair`2<System.String,System.String>,System.Guid> AdLerBackend.Application.World.WorldManagement.UploadWorld.UploadWorldUseCase/<>c::<Handle>b__8_0(System.Collections.Generic.KeyValuePair`2<System.String,System.String>)
DA:63,1
FN:64,AdLerBackend.Domain.Entities.H5PLocationEntity AdLerBackend.Application.World.WorldManagement.UploadWorld.UploadWorldUseCase/<>c::<Handle>b__8_2(<>f__AnonymousType2`2<<>f__AnonymousType1`2<System.Collections.Generic.KeyValuePair`2<System.String,System.String>,System.Guid>,AdLerBackend.Application.Common.Responses.World.BaseElement>)
FNDA:1,AdLerBackend.Domain.Entities.H5PLocationEntity AdLerBackend.Application.World.WorldManagement.UploadWorld.UploadWorldUseCase/<>c::<Handle>b__8_2(<>f__AnonymousType2`2<<>f__AnonymousType1`2<System.Collections.Generic.KeyValuePair`2<System.String,System.String>,System.Guid>,AdLerBackend.Application.Common.Responses.World.BaseElement>)
DA:65,1
FN:63,<>f__AnonymousType2`2<<>f__AnonymousType1`2<System.Collections.Generic.KeyValuePair`2<System.String,System.String>,System.Guid>,AdLerBackend.Application.Common.Responses.World.BaseElement> AdLerBackend.Application.World.WorldManagement.UploadWorld.UploadWorldUseCase/<>c__DisplayClass8_0::<Handle>b__1(<>f__AnonymousType1`2<System.Collections.Generic.KeyValuePair`2<System.String,System.String>,System.Guid>)
FNDA:2,<>f__AnonymousType2`2<<>f__AnonymousType1`2<System.Collections.Generic.KeyValuePair`2<System.String,System.String>,System.Guid>,AdLerBackend.Application.Common.Responses.World.BaseElement> AdLerBackend.Application.World.WorldManagement.UploadWorld.UploadWorldUseCase/<>c__DisplayClass8_0::<Handle>b__1(<>f__AnonymousType1`2<System.Collections.Generic.KeyValuePair`2<System.String,System.String>,System.Guid>)
DA:64,2
FN:92,System.Void AdLerBackend.Application.World.WorldManagement.UploadWorld.UploadWorldUseCase/<GetUserDataFromLms>d__9::MoveNext()
FNDA:2,System.Void AdLerBackend.Application.World.WorldManagement.UploadWorld.UploadWorldUseCase/<GetUserDataFromLms>d__9::MoveNext()
DA:93,2
DA:94,2
DA:95,2
DA:96,2
DA:97,2
DA:98,2
DA:99,2
FN:38,System.Void AdLerBackend.Application.World.WorldManagement.UploadWorld.UploadWorldUseCase/<Handle>d__8::MoveNext()
FNDA:2,System.Void AdLerBackend.Application.World.WorldManagement.UploadWorld.UploadWorldUseCase/<Handle>d__8::MoveNext()
DA:39,2
DA:40,2
DA:42,2
DA:45,2
DA:46,2
DA:47,2
DA:49,2
DA:50,0
DA:52,0
DA:56,2
DA:57,2
DA:59,2
DA:60,2
DA:62,2
DA:66,2
DA:69,2
DA:71,2
DA:72,2
DA:73,2
DA:74,2
DA:75,2
DA:76,2
DA:77,2
DA:79,2
DA:81,2
DA:82,2
DA:83,2
DA:84,2
DA:85,2
DA:86,2
DA:87,2
DA:88,2
DA:89,2
BRDA:49,307,0,0
BRDA:49,307,1,2
BRDA:81,979,0,0
BRDA:81,979,1,2
LF:66
LH:63
BRF:6
BRH:4
FNF:8
FNH:7
end_of_record
SF:D:\Projects\AdLer\AdLerBackend\AdLerBackend.Application\World\WorldManagement\DeleteWorld\DeleteWorldCommand.cs
FN:6,System.Int32 AdLerBackend.Application.World.WorldManagement.DeleteWorld.DeleteWorldCommand::get_WorldId()
FNDA:8,System.Int32 AdLerBackend.Application.World.WorldManagement.DeleteWorld.DeleteWorldCommand::get_WorldId()
DA:7,8
FN:4,System.Void AdLerBackend.Application.World.WorldManagement.DeleteWorld.DeleteWorldCommand::.ctor(AdLerBackend.Application.World.WorldManagement.DeleteWorld.DeleteWorldCommand)
FNDA:0,System.Void AdLerBackend.Application.World.WorldManagement.DeleteWorld.DeleteWorldCommand::.ctor(AdLerBackend.Application.World.WorldManagement.DeleteWorld.DeleteWorldCommand)
DA:5,0
LF:2
LH:1
BRF:0
BRH:0
FNF:2
FNH:1
end_of_record
SF:D:\Projects\AdLer\AdLerBackend\AdLerBackend.Application\World\WorldManagement\DeleteWorld\DeleteWorldUseCase.cs
FN:15,System.Void AdLerBackend.Application.World.WorldManagement.DeleteWorld.DeleteWorldUseCase::.ctor(AdLerBackend.Application.Common.Interfaces.IWorldRepository,AdLerBackend.Application.Common.Interfaces.IFileAccess,MediatR.IMediator,AdLerBackend.Application.Common.Interfaces.ILMS)
FNDA:3,System.Void AdLerBackend.Application.World.WorldManagement.DeleteWorld.DeleteWorldUseCase::.ctor(AdLerBackend.Application.Common.Interfaces.IWorldRepository,AdLerBackend.Application.Common.Interfaces.IFileAccess,MediatR.IMediator,AdLerBackend.Application.Common.Interfaces.ILMS)
DA:16,3
DA:17,3
DA:18,3
DA:19,3
DA:20,3
DA:21,3
DA:22,3
DA:23,3
FN:25,System.Void AdLerBackend.Application.World.WorldManagement.DeleteWorld.DeleteWorldUseCase/<Handle>d__5::MoveNext()
FNDA:3,System.Void AdLerBackend.Application.World.WorldManagement.DeleteWorld.DeleteWorldUseCase/<Handle>d__5::MoveNext()
DA:26,3
DA:27,3
DA:28,3
DA:29,3
DA:30,3
DA:33,3
DA:35,3
DA:36,1
DA:39,2
DA:40,1
DA:43,1
DA:45,1
DA:46,1
DA:47,1
DA:48,1
DA:50,1
DA:52,1
DA:53,1
BRDA:35,365,0,1
BRDA:35,365,1,2
BRDA:39,439,0,1
BRDA:39,439,1,1
LF:26
LH:26
BRF:4
BRH:4
FNF:2
FNH:2
end_of_record
SF:D:\Projects\AdLer\AdLerBackend\AdLerBackend.Application\World\GetWorldStatus\GetWorldStatusCommand.cs
FN:7,System.Int32 AdLerBackend.Application.World.GetWorldStatus.GetWorldStatusCommand::get_WorldId()
FNDA:3,System.Int32 AdLerBackend.Application.World.GetWorldStatus.GetWorldStatusCommand::get_WorldId()
DA:8,3
FN:5,System.Void AdLerBackend.Application.World.GetWorldStatus.GetWorldStatusCommand::.ctor(AdLerBackend.Application.World.GetWorldStatus.GetWorldStatusCommand)
FNDA:0,System.Void AdLerBackend.Application.World.GetWorldStatus.GetWorldStatusCommand::.ctor(AdLerBackend.Application.World.GetWorldStatus.GetWorldStatusCommand)
DA:6,0
LF:2
LH:1
BRF:0
BRH:0
FNF:2
FNH:1
end_of_record
SF:D:\Projects\AdLer\AdLerBackend\AdLerBackend.Application\World\GetWorldStatus\GetWorldStatusUseCase.cs
FN:14,System.Void AdLerBackend.Application.World.GetWorldStatus.GetWorldStatusUseCase::.ctor(MediatR.IMediator,AdLerBackend.Application.Common.Interfaces.ILMS)
FNDA:1,System.Void AdLerBackend.Application.World.GetWorldStatus.GetWorldStatusUseCase::.ctor(MediatR.IMediator,AdLerBackend.Application.Common.Interfaces.ILMS)
DA:15,1
DA:16,1
DA:17,1
DA:18,1
DA:19,1
FN:54,System.Boolean AdLerBackend.Application.World.GetWorldStatus.GetWorldStatusUseCase/<>c__DisplayClass3_0::<Handle>b__0(AdLerBackend.Application.Common.Responses.LMSAdapter.LmsElementStatus)
FNDA:2,System.Boolean AdLerBackend.Application.World.GetWorldStatus.GetWorldStatusUseCase/<>c__DisplayClass3_0::<Handle>b__0(AdLerBackend.Application.Common.Responses.LMSAdapter.LmsElementStatus)
DA:55,2
FN:22,System.Void AdLerBackend.Application.World.GetWorldStatus.GetWorldStatusUseCase/<Handle>d__3::MoveNext()
FNDA:1,System.Void AdLerBackend.Application.World.GetWorldStatus.GetWorldStatusUseCase/<Handle>d__3::MoveNext()
DA:23,1
DA:24,1
DA:25,1
DA:26,1
DA:27,1
DA:28,1
DA:32,1
DA:33,1
DA:35,1
DA:36,1
DA:37,1
DA:38,1
DA:39,1
DA:41,7
DA:42,2
DA:44,2
DA:45,1
DA:46,1
DA:47,1
DA:48,1
DA:49,1
DA:50,1
DA:51,1
DA:56,1
DA:57,1
DA:58,1
DA:59,1
DA:60,1
DA:61,1
DA:63,1
DA:64,1
BRDA:41,687,1,2
BRDA:44,481,0,1
BRDA:44,481,1,1
BRDA:56,638,0,0
BRDA:56,638,1,1
BRDA:41,687,0,1
LF:37
LH:37
BRF:6
BRH:5
FNF:3
FNH:3
end_of_record
SF:D:\Projects\AdLer\AdLerBackend\AdLerBackend.Application\World\GetWorldsForUser\GetWorldsForUserCommand.cs
FN:5,System.Void AdLerBackend.Application.World.GetWorldsForUser.GetWorldsForUserCommand::.ctor(AdLerBackend.Application.World.GetWorldsForUser.GetWorldsForUserCommand)
FNDA:0,System.Void AdLerBackend.Application.World.GetWorldsForUser.GetWorldsForUserCommand::.ctor(AdLerBackend.Application.World.GetWorldsForUser.GetWorldsForUserCommand)
DA:6,0
LF:1
LH:0
BRF:0
BRH:0
FNF:1
FNH:0
end_of_record
SF:D:\Projects\AdLer\AdLerBackend\AdLerBackend.Application\World\GetWorldsForUser\GetWorldsForUserUseCase.cs
FN:11,System.Void AdLerBackend.Application.World.GetWorldsForUser.GetWorldsForUserUseCase::.ctor(AdLerBackend.Application.Common.Interfaces.ILMS,AdLerBackend.Application.Common.Interfaces.IWorldRepository)
FNDA:1,System.Void AdLerBackend.Application.World.GetWorldsForUser.GetWorldsForUserUseCase::.ctor(AdLerBackend.Application.Common.Interfaces.ILMS,AdLerBackend.Application.Common.Interfaces.IWorldRepository)
DA:12,1
DA:13,1
DA:14,1
DA:15,1
DA:16,1
FN:22,System.Int32 AdLerBackend.Application.World.GetWorldsForUser.GetWorldsForUserUseCase/<>c::<Handle>b__3_0(AdLerBackend.Application.Common.Responses.LMSAdapter.MoodleCourse)
FNDA:2,System.Int32 AdLerBackend.Application.World.GetWorldsForUser.GetWorldsForUserUseCase/<>c::<Handle>b__3_0(AdLerBackend.Application.Common.Responses.LMSAdapter.MoodleCourse)
DA:23,2
FN:32,AdLerBackend.Application.Common.Responses.World.WorldResponse AdLerBackend.Application.World.GetWorldsForUser.GetWorldsForUserUseCase/<>c::<Handle>b__3_2(AdLerBackend.Domain.Entities.WorldEntity)
FNDA:1,AdLerBackend.Application.Common.Responses.World.WorldResponse AdLerBackend.Application.World.GetWorldsForUser.GetWorldsForUserUseCase/<>c::<Handle>b__3_2(AdLerBackend.Domain.Entities.WorldEntity)
DA:33,1
DA:34,1
DA:35,1
DA:36,1
DA:37,1
FN:28,System.Boolean AdLerBackend.Application.World.GetWorldsForUser.GetWorldsForUserUseCase/<>c__DisplayClass3_0::<Handle>b__1(AdLerBackend.Domain.Entities.WorldEntity)
FNDA:2,System.Boolean AdLerBackend.Application.World.GetWorldsForUser.GetWorldsForUserUseCase/<>c__DisplayClass3_0::<Handle>b__1(AdLerBackend.Domain.Entities.WorldEntity)
DA:29,2
FN:19,System.Void AdLerBackend.Application.World.GetWorldsForUser.GetWorldsForUserUseCase/<Handle>d__3::MoveNext()
FNDA:1,System.Void AdLerBackend.Application.World.GetWorldsForUser.GetWorldsForUserUseCase/<Handle>d__3::MoveNext()
DA:20,1
DA:21,1
DA:26,1
DA:31,1
DA:32,1
DA:38,1
DA:39,1
BRDA:31,462,0,0
BRDA:31,462,1,1
LF:19
LH:19
BRF:2
BRH:1
FNF:5
FNH:5
end_of_record
SF:D:\Projects\AdLer\AdLerBackend\AdLerBackend.Application\World\GetWorldsForAuthor\GetWorldsForAuthorCommand.cs
FN:7,System.Int32 AdLerBackend.Application.World.GetWorldsForAuthor.GetWorldsForAuthorCommand::get_AuthorId()
FNDA:2,System.Int32 AdLerBackend.Application.World.GetWorldsForAuthor.GetWorldsForAuthorCommand::get_AuthorId()
DA:8,2
FN:5,System.Void AdLerBackend.Application.World.GetWorldsForAuthor.GetWorldsForAuthorCommand::.ctor(AdLerBackend.Application.World.GetWorldsForAuthor.GetWorldsForAuthorCommand)
FNDA:0,System.Void AdLerBackend.Application.World.GetWorldsForAuthor.GetWorldsForAuthorCommand::.ctor(AdLerBackend.Application.World.GetWorldsForAuthor.GetWorldsForAuthorCommand)
DA:6,0
LF:2
LH:1
BRF:0
BRH:0
FNF:2
FNH:1
end_of_record
SF:D:\Projects\AdLer\AdLerBackend\AdLerBackend.Application\World\GetWorldsForAuthor\GetWorldsForAuthorUseCase.cs
FN:11,System.Void AdLerBackend.Application.World.GetWorldsForAuthor.GetWorldsForAuthorUseCase::.ctor(AdLerBackend.Application.Common.Interfaces.IWorldRepository,MediatR.IMediator)
FNDA:1,System.Void AdLerBackend.Application.World.GetWorldsForAuthor.GetWorldsForAuthorUseCase::.ctor(AdLerBackend.Application.Common.Interfaces.IWorldRepository,MediatR.IMediator)
DA:12,1
DA:13,1
DA:14,1
DA:15,1
DA:16,1
FN:24,AdLerBackend.Application.Common.Responses.World.WorldResponse AdLerBackend.Application.World.GetWorldsForAuthor.GetWorldsForAuthorUseCase/<>c::<Handle>b__3_0(AdLerBackend.Domain.Entities.WorldEntity)
FNDA:1,AdLerBackend.Application.Common.Responses.World.WorldResponse AdLerBackend.Application.World.GetWorldsForAuthor.GetWorldsForAuthorUseCase/<>c::<Handle>b__3_0(AdLerBackend.Domain.Entities.WorldEntity)
DA:25,1
DA:26,1
DA:27,1
DA:28,1
DA:29,1
FN:19,System.Void AdLerBackend.Application.World.GetWorldsForAuthor.GetWorldsForAuthorUseCase/<Handle>d__3::MoveNext()
FNDA:1,System.Void AdLerBackend.Application.World.GetWorldsForAuthor.GetWorldsForAuthorUseCase/<Handle>d__3::MoveNext()
DA:20,1
DA:21,1
DA:23,1
DA:24,1
DA:30,1
DA:31,1
LF:16
LH:16
BRF:0
BRH:0
FNF:3
FNH:3
end_of_record
SF:D:\Projects\AdLer\AdLerBackend\AdLerBackend.Application\World\GetWorldDetail\GetWorldDetailCommand.cs
FN:7,System.Int32 AdLerBackend.Application.World.GetWorldDetail.GetWorldDetailCommand::get_WorldId()
FNDA:5,System.Int32 AdLerBackend.Application.World.GetWorldDetail.GetWorldDetailCommand::get_WorldId()
DA:8,5
FN:5,System.Void AdLerBackend.Application.World.GetWorldDetail.GetWorldDetailCommand::.ctor(AdLerBackend.Application.World.GetWorldDetail.GetWorldDetailCommand)
FNDA:0,System.Void AdLerBackend.Application.World.GetWorldDetail.GetWorldDetailCommand::.ctor(AdLerBackend.Application.World.GetWorldDetail.GetWorldDetailCommand)
DA:6,0
LF:2
LH:1
BRF:0
BRH:0
FNF:2
FNH:1
end_of_record
SF:D:\Projects\AdLer\AdLerBackend\AdLerBackend.Application\World\GetWorldDetail\GetWorldDetailUseCase.cs
FN:13,System.Void AdLerBackend.Application.World.GetWorldDetail.GetWorldDetailUseCase::.ctor(AdLerBackend.Application.Common.Interfaces.IWorldRepository,AdLerBackend.Application.Common.Interfaces.IFileAccess,AdLerBackend.Application.Common.Interfaces.ISerialization)
FNDA:2,System.Void AdLerBackend.Application.World.GetWorldDetail.GetWorldDetailUseCase::.ctor(AdLerBackend.Application.Common.Interfaces.IWorldRepository,AdLerBackend.Application.Common.Interfaces.IFileAccess,AdLerBackend.Application.Common.Interfaces.ISerialization)
DA:14,2
DA:15,2
DA:16,2
DA:17,2
DA:18,2
DA:19,2
DA:20,2
FN:28,System.Void AdLerBackend.Application.World.GetWorldDetail.GetWorldDetailUseCase/<Handle>d__4::MoveNext()
FNDA:2,System.Void AdLerBackend.Application.World.GetWorldDetail.GetWorldDetailUseCase/<Handle>d__4::MoveNext()
DA:29,2
DA:31,2
DA:32,2
DA:33,1
DA:35,1
DA:36,1
BRDA:32,169,0,1
BRDA:32,169,1,1
LF:13
LH:13
BRF:2
BRH:2
FNF:2
FNH:2
end_of_record
SF:D:\Projects\AdLer\AdLerBackend\AdLerBackend.Application\Player\UpdatePlayerData\UpdatePlayerCommand.cs
FN:10,Microsoft.AspNetCore.JsonPatch.JsonPatchDocument`1<AdLerBackend.Domain.Entities.PlayerData.PlayerData> AdLerBackend.Application.Player.UpdatePlayerData.UpdatePlayerCommand::get_PatchDocument()
FNDA:2,Microsoft.AspNetCore.JsonPatch.JsonPatchDocument`1<AdLerBackend.Domain.Entities.PlayerData.PlayerData> AdLerBackend.Application.Player.UpdatePlayerData.UpdatePlayerCommand::get_PatchDocument()
DA:11,2
FN:8,System.Void AdLerBackend.Application.Player.UpdatePlayerData.UpdatePlayerCommand::.ctor(AdLerBackend.Application.Player.UpdatePlayerData.UpdatePlayerCommand)
FNDA:0,System.Void AdLerBackend.Application.Player.UpdatePlayerData.UpdatePlayerCommand::.ctor(AdLerBackend.Application.Player.UpdatePlayerData.UpdatePlayerCommand)
DA:9,0
LF:2
LH:1
BRF:0
BRH:0
FNF:2
FNH:1
end_of_record
SF:D:\Projects\AdLer\AdLerBackend\AdLerBackend.Application\Player\UpdatePlayerData\UpdatePlayerDataUseCase.cs
FN:11,System.Void AdLerBackend.Application.Player.UpdatePlayerData.UpdatePlayerDataUseCase::.ctor(AdLerBackend.Application.Common.Interfaces.IPlayerRepository,AdLerBackend.Application.Common.Interfaces.ILMS)
FNDA:1,System.Void AdLerBackend.Application.Player.UpdatePlayerData.UpdatePlayerDataUseCase::.ctor(AdLerBackend.Application.Common.Interfaces.IPlayerRepository,AdLerBackend.Application.Common.Interfaces.ILMS)
DA:12,1
DA:13,1
DA:14,1
DA:15,1
DA:16,1
FN:18,System.Void AdLerBackend.Application.Player.UpdatePlayerData.UpdatePlayerDataUseCase/<Handle>d__3::MoveNext()
FNDA:1,System.Void AdLerBackend.Application.Player.UpdatePlayerData.UpdatePlayerDataUseCase/<Handle>d__3::MoveNext()
DA:19,1
DA:21,1
DA:24,1
DA:27,1
DA:28,1
DA:30,1
DA:31,1
DA:32,1
DA:33,1
DA:34,1
DA:35,1
LF:16
LH:16
BRF:0
BRH:0
FNF:2
FNH:2
end_of_record
SF:D:\Projects\AdLer\AdLerBackend\AdLerBackend.Application\Player\GetPlayerData\GetPlayerDataCommand.cs
FN:5,System.Void AdLerBackend.Application.Player.GetPlayerData.GetPlayerDataCommand::.ctor(AdLerBackend.Application.Player.GetPlayerData.GetPlayerDataCommand)
FNDA:0,System.Void AdLerBackend.Application.Player.GetPlayerData.GetPlayerDataCommand::.ctor(AdLerBackend.Application.Player.GetPlayerData.GetPlayerDataCommand)
DA:6,0
LF:1
LH:0
BRF:0
BRH:0
FNF:1
FNH:0
end_of_record
SF:D:\Projects\AdLer\AdLerBackend\AdLerBackend.Application\Player\GetPlayerData\GetPlayerDataUseCase.cs
FN:11,System.Void AdLerBackend.Application.Player.GetPlayerData.GetPlayerDataUseCase::.ctor(AdLerBackend.Application.Common.Interfaces.ILMS,AdLerBackend.Application.Common.Interfaces.IPlayerRepository)
FNDA:1,System.Void AdLerBackend.Application.Player.GetPlayerData.GetPlayerDataUseCase::.ctor(AdLerBackend.Application.Common.Interfaces.ILMS,AdLerBackend.Application.Common.Interfaces.IPlayerRepository)
DA:12,1
DA:13,1
DA:14,1
DA:15,1
DA:16,1
FN:18,System.Void AdLerBackend.Application.Player.GetPlayerData.GetPlayerDataUseCase/<Handle>d__3::MoveNext()
FNDA:1,System.Void AdLerBackend.Application.Player.GetPlayerData.GetPlayerDataUseCase/<Handle>d__3::MoveNext()
DA:19,1
DA:20,1
DA:22,1
DA:25,1
DA:26,1
DA:27,1
DA:28,1
DA:29,1
DA:30,1
LF:14
LH:14
BRF:0
BRH:0
FNF:2
FNH:2
end_of_record
SF:D:\Projects\AdLer\AdLerBackend\AdLerBackend.Application\Player\DeletePlayerData\DeletePlayerDataCommand.cs
FN:4,System.Void AdLerBackend.Application.Player.DeletePlayerData.DeletePlayerDataCommand::.ctor(AdLerBackend.Application.Player.DeletePlayerData.DeletePlayerDataCommand)
FNDA:0,System.Void AdLerBackend.Application.Player.DeletePlayerData.DeletePlayerDataCommand::.ctor(AdLerBackend.Application.Player.DeletePlayerData.DeletePlayerDataCommand)
DA:5,0
LF:1
LH:0
BRF:0
BRH:0
FNF:1
FNH:0
end_of_record
SF:D:\Projects\AdLer\AdLerBackend\AdLerBackend.Application\Player\DeletePlayerData\DeletePlayerDataUseCase.cs
FN:10,System.Void AdLerBackend.Application.Player.DeletePlayerData.DeletePlayerDataUseCase::.ctor(AdLerBackend.Application.Common.Interfaces.IPlayerRepository,AdLerBackend.Application.Common.Interfaces.ILMS)
FNDA:1,System.Void AdLerBackend.Application.Player.DeletePlayerData.DeletePlayerDataUseCase::.ctor(AdLerBackend.Application.Common.Interfaces.IPlayerRepository,AdLerBackend.Application.Common.Interfaces.ILMS)
DA:11,1
DA:12,1
DA:13,1
DA:14,1
DA:15,1
FN:17,System.Void AdLerBackend.Application.Player.DeletePlayerData.DeletePlayerDataUseCase/<Handle>d__3::MoveNext()
FNDA:1,System.Void AdLerBackend.Application.Player.DeletePlayerData.DeletePlayerDataUseCase/<Handle>d__3::MoveNext()
DA:18,1
DA:19,1
DA:20,1
DA:22,1
DA:23,1
LF:10
LH:10
BRF:0
BRH:0
FNF:2
FNH:2
end_of_record
SF:D:\Projects\AdLer\AdLerBackend\AdLerBackend.Application\LMS\GetUserData\GetLMSUserDataCommand.cs
FN:5,System.Void AdLerBackend.Application.LMS.GetUserData.GetLMSUserDataCommand::.ctor(AdLerBackend.Application.LMS.GetUserData.GetLMSUserDataCommand)
FNDA:0,System.Void AdLerBackend.Application.LMS.GetUserData.GetLMSUserDataCommand::.ctor(AdLerBackend.Application.LMS.GetUserData.GetLMSUserDataCommand)
DA:6,0
LF:1
LH:0
BRF:0
BRH:0
FNF:1
FNH:0
end_of_record
SF:D:\Projects\AdLer\AdLerBackend\AdLerBackend.Application\LMS\GetUserData\GetLmsUserDataUseCase.cs
FN:10,System.Void AdLerBackend.Application.LMS.GetUserData.GetLmsUserDataUseCase::.ctor(AdLerBackend.Application.Common.Interfaces.ILMS)
FNDA:1,System.Void AdLerBackend.Application.LMS.GetUserData.GetLmsUserDataUseCase::.ctor(AdLerBackend.Application.Common.Interfaces.ILMS)
DA:11,1
DA:12,1
DA:13,1
DA:14,1
FN:16,System.Void AdLerBackend.Application.LMS.GetUserData.GetLmsUserDataUseCase/<Handle>d__2::MoveNext()
FNDA:1,System.Void AdLerBackend.Application.LMS.GetUserData.GetLmsUserDataUseCase/<Handle>d__2::MoveNext()
DA:17,1
DA:18,1
DA:19,1
DA:20,1
LF:8
LH:8
BRF:0
BRH:0
FNF:2
FNH:2
end_of_record
SF:D:\Projects\AdLer\AdLerBackend\AdLerBackend.Application\LMS\GetLMSToken\GetLMSTokenCommand.cs
FN:8,System.String AdLerBackend.Application.LMS.GetLMSToken.GetLMSTokenCommand::get_UserName()
FNDA:12,System.String AdLerBackend.Application.LMS.GetLMSToken.GetLMSTokenCommand::get_UserName()
DA:9,12
FN:9,System.String AdLerBackend.Application.LMS.GetLMSToken.GetLMSTokenCommand::get_Password()
FNDA:12,System.String AdLerBackend.Application.LMS.GetLMSToken.GetLMSTokenCommand::get_Password()
DA:10,12
FN:6,System.Void AdLerBackend.Application.LMS.GetLMSToken.GetLMSTokenCommand::.ctor(AdLerBackend.Application.LMS.GetLMSToken.GetLMSTokenCommand)
FNDA:0,System.Void AdLerBackend.Application.LMS.GetLMSToken.GetLMSTokenCommand::.ctor(AdLerBackend.Application.LMS.GetLMSToken.GetLMSTokenCommand)
DA:7,0
LF:3
LH:2
BRF:0
BRH:0
FNF:3
FNH:2
end_of_record
SF:D:\Projects\AdLer\AdLerBackend\AdLerBackend.Application\LMS\GetLMSToken\GetLMSTokenCommandValidator.cs
FN:6,System.Void AdLerBackend.Application.LMS.GetLMSToken.GetLMSTokenCommandValidator::.ctor()
FNDA:4,System.Void AdLerBackend.Application.LMS.GetLMSToken.GetLMSTokenCommandValidator::.ctor()
DA:7,4
DA:8,4
DA:9,4
DA:10,4
DA:12,4
DA:13,4
DA:14,4
LF:7
LH:7
BRF:0
BRH:0
FNF:1
FNH:1
end_of_record
SF:D:\Projects\AdLer\AdLerBackend\AdLerBackend.Application\LMS\GetLMSToken\GetLmsUserTokenUseCase.cs
FN:10,System.Void AdLerBackend.Application.LMS.GetLMSToken.GetLmsUserTokenUseCase::.ctor(AdLerBackend.Application.Common.Interfaces.ILMS)
FNDA:1,System.Void AdLerBackend.Application.LMS.GetLMSToken.GetLmsUserTokenUseCase::.ctor(AdLerBackend.Application.Common.Interfaces.ILMS)
DA:11,1
DA:12,1
DA:13,1
DA:14,1
FN:16,System.Void AdLerBackend.Application.LMS.GetLMSToken.GetLmsUserTokenUseCase/<Handle>d__2::MoveNext()
FNDA:1,System.Void AdLerBackend.Application.LMS.GetLMSToken.GetLmsUserTokenUseCase/<Handle>d__2::MoveNext()
DA:17,1
DA:18,1
DA:19,1
DA:20,1
LF:8
LH:8
BRF:0
BRH:0
FNF:2
FNH:2
end_of_record
SF:D:\Projects\AdLer\AdLerBackend\AdLerBackend.Application\Element\ScoreElement\ScoreElementCommand.cs
FN:8,System.Int32 AdLerBackend.Application.Element.ScoreElement.ScoreElementCommand::get_ElementId()
FNDA:18,System.Int32 AdLerBackend.Application.Element.ScoreElement.ScoreElementCommand::get_ElementId()
DA:9,18
FN:9,System.Int32 AdLerBackend.Application.Element.ScoreElement.ScoreElementCommand::get_WorldId()
FNDA:12,System.Int32 AdLerBackend.Application.Element.ScoreElement.ScoreElementCommand::get_WorldId()
DA:10,12
FN:10,AdLerBackend.Application.Common.DTOs.ScoreElementParams AdLerBackend.Application.Element.ScoreElement.ScoreElementCommand::get_ScoreElementParams()
FNDA:12,AdLerBackend.Application.Common.DTOs.ScoreElementParams AdLerBackend.Application.Element.ScoreElement.ScoreElementCommand::get_ScoreElementParams()
DA:11,12
FN:6,System.Void AdLerBackend.Application.Element.ScoreElement.ScoreElementCommand::.ctor(AdLerBackend.Application.Element.ScoreElement.ScoreElementCommand)
FNDA:0,System.Void AdLerBackend.Application.Element.ScoreElement.ScoreElementCommand::.ctor(AdLerBackend.Application.Element.ScoreElement.ScoreElementCommand)
DA:7,0
LF:4
LH:3
BRF:0
BRH:0
FNF:4
FNH:3
end_of_record
SF:D:\Projects\AdLer\AdLerBackend\AdLerBackend.Application\Element\ScoreElement\ScoreElementUseCase.cs
FN:54,AdLerBackend.Application.Common.CommandWithToken`1<AdLerBackend.Application.Common.Responses.Elements.ScoreElementResponse> AdLerBackend.Application.Element.ScoreElement.ScoreElementUseCase::GetStrategy(System.String,AdLerBackend.Application.Element.ScoreElement.ScoreElementUseCase/GetStrategyParams,System.Int32)
FNDA:6,AdLerBackend.Application.Common.CommandWithToken`1<AdLerBackend.Application.Common.Responses.Elements.ScoreElementResponse> AdLerBackend.Application.Element.ScoreElement.ScoreElementUseCase::GetStrategy(System.String,AdLerBackend.Application.Element.ScoreElement.ScoreElementUseCase/GetStrategyParams,System.Int32)
DA:55,6
DA:56,6
DA:59,1
DA:60,1
DA:61,1
DA:62,1
DA:63,1
DA:64,1
DA:68,4
DA:69,4
DA:70,4
DA:71,4
DA:72,4
DA:74,0
DA:75,0
DA:76,0
DA:77,0
DA:78,0
DA:80,1
DA:82,5
BRDA:56,16,0,5
BRDA:56,29,0,4
BRDA:56,42,0,2
BRDA:56,55,0,1
BRDA:56,16,1,1
BRDA:56,29,1,4
BRDA:56,42,1,4
BRDA:56,55,1,4
BRDA:56,68,1,0
BRDA:56,68,0,1
FN:23,System.Void AdLerBackend.Application.Element.ScoreElement.ScoreElementUseCase::.ctor(MediatR.IMediator)
FNDA:6,System.Void AdLerBackend.Application.Element.ScoreElement.ScoreElementUseCase::.ctor(MediatR.IMediator)
DA:24,6
DA:25,6
DA:26,6
DA:27,6
FN:86,System.String AdLerBackend.Application.Element.ScoreElement.ScoreElementUseCase/GetStrategyParams::get_WebServiceToken()
FNDA:11,System.String AdLerBackend.Application.Element.ScoreElement.ScoreElementUseCase/GetStrategyParams::get_WebServiceToken()
DA:87,11
FN:87,AdLerBackend.Application.Common.DTOs.ScoreElementParams AdLerBackend.Application.Element.ScoreElement.ScoreElementUseCase/GetStrategyParams::get_ScoreElementParams()
FNDA:7,AdLerBackend.Application.Common.DTOs.ScoreElementParams AdLerBackend.Application.Element.ScoreElement.ScoreElementUseCase/GetStrategyParams::get_ScoreElementParams()
DA:88,7
FN:88,AdLerBackend.Application.Common.Responses.LMSAdapter.LmsModule AdLerBackend.Application.Element.ScoreElement.ScoreElementUseCase/GetStrategyParams::get_LearningElementMoule()
FNDA:11,AdLerBackend.Application.Common.Responses.LMSAdapter.LmsModule AdLerBackend.Application.Element.ScoreElement.ScoreElementUseCase/GetStrategyParams::get_LearningElementMoule()
DA:89,11
FN:30,System.Void AdLerBackend.Application.Element.ScoreElement.ScoreElementUseCase/<Handle>d__2::MoveNext()
FNDA:6,System.Void AdLerBackend.Application.Element.ScoreElement.ScoreElementUseCase/<Handle>d__2::MoveNext()
DA:31,6
DA:32,6
DA:33,6
DA:34,6
DA:35,6
DA:36,6
DA:37,6
DA:39,6
DA:40,6
DA:41,6
DA:42,6
DA:43,6
DA:44,6
DA:45,6
DA:47,5
DA:48,5
DA:49,5
DA:50,5
DA:51,5
BRDA:39,305,0,0
BRDA:39,305,1,6
LF:46
LH:41
BRF:12
BRH:10
FNF:6
FNH:6
end_of_record
SF:D:\Projects\AdLer\AdLerBackend\AdLerBackend.Application\Element\GetElementSource\GetElementSourceCommand.cs
FN:7,System.Int32 AdLerBackend.Application.Element.GetElementSource.GetElementSourceCommand::get_ElementId()
FNDA:15,System.Int32 AdLerBackend.Application.Element.GetElementSource.GetElementSourceCommand::get_ElementId()
DA:8,15
FN:8,System.Int32 AdLerBackend.Application.Element.GetElementSource.GetElementSourceCommand::get_WorldId()
FNDA:16,System.Int32 AdLerBackend.Application.Element.GetElementSource.GetElementSourceCommand::get_WorldId()
DA:9,16
FN:5,System.Void AdLerBackend.Application.Element.GetElementSource.GetElementSourceCommand::.ctor(AdLerBackend.Application.Element.GetElementSource.GetElementSourceCommand)
FNDA:0,System.Void AdLerBackend.Application.Element.GetElementSource.GetElementSourceCommand::.ctor(AdLerBackend.Application.Element.GetElementSource.GetElementSourceCommand)
DA:6,0
LF:3
LH:2
BRF:0
BRH:0
FNF:3
FNH:2
end_of_record
SF:D:\Projects\AdLer\AdLerBackend\AdLerBackend.Application\Element\GetElementSource\GetElementSourceUseCase.cs
FN:14,System.Void AdLerBackend.Application.Element.GetElementSource.GetElementSourceUseCase::.ctor(MediatR.IMediator)
FNDA:4,System.Void AdLerBackend.Application.Element.GetElementSource.GetElementSourceUseCase::.ctor(MediatR.IMediator)
DA:15,4
DA:16,4
DA:17,4
DA:18,4
FN:21,System.Void AdLerBackend.Application.Element.GetElementSource.GetElementSourceUseCase/<Handle>d__2::MoveNext()
FNDA:4,System.Void AdLerBackend.Application.Element.GetElementSource.GetElementSourceUseCase/<Handle>d__2::MoveNext()
DA:22,4
DA:23,4
DA:24,4
DA:25,4
DA:26,4
DA:27,4
DA:28,4
DA:31,4
DA:35,2
DA:36,2
DA:37,2
DA:38,2
DA:39,2
DA:40,2
DA:42,1
DA:43,1
DA:44,1
DA:45,1
DA:46,1
DA:47,1
DA:49,1
DA:50,1
DA:51,1
DA:52,1
DA:54,0
DA:55,1
DA:57,3
BRDA:31,270,0,3
BRDA:31,284,0,2
BRDA:31,298,0,1
BRDA:31,270,1,2
BRDA:31,284,1,2
BRDA:31,298,1,1
BRDA:31,312,1,0
BRDA:31,312,0,1
LF:31
LH:30
BRF:8
BRH:7
FNF:2
FNH:2
end_of_record
SF:D:\Projects\AdLer\AdLerBackend\AdLerBackend.Application\Element\GetElementSource\GetH5PFilePath\GetH5PFilePathCommand.cs
FN:2,System.Void AdLerBackend.Application.Element.GetElementSource.GetH5PFilePath.GetH5PFilePathCommand::.ctor(AdLerBackend.Application.Element.GetElementSource.GetH5PFilePath.GetH5PFilePathCommand)
FNDA:0,System.Void AdLerBackend.Application.Element.GetElementSource.GetH5PFilePath.GetH5PFilePathCommand::.ctor(AdLerBackend.Application.Element.GetElementSource.GetH5PFilePath.GetH5PFilePathCommand)
DA:3,0
LF:1
LH:0
BRF:0
BRH:0
FNF:1
FNH:0
end_of_record
SF:D:\Projects\AdLer\AdLerBackend\AdLerBackend.Application\Element\GetElementSource\GetH5PFilePath\GetH5PFilePathHandler.cs
FN:11,System.Void AdLerBackend.Application.Element.GetElementSource.GetH5PFilePath.GetH5PFilePathHandler::.ctor(AdLerBackend.Application.Common.Interfaces.IWorldRepository)
FNDA:3,System.Void AdLerBackend.Application.Element.GetElementSource.GetH5PFilePath.GetH5PFilePathHandler::.ctor(AdLerBackend.Application.Common.Interfaces.IWorldRepository)
DA:12,3
DA:13,3
DA:14,3
DA:15,3
FN:24,System.Boolean AdLerBackend.Application.Element.GetElementSource.GetH5PFilePath.GetH5PFilePathHandler/<>c__DisplayClass2_0::<Handle>b__0(AdLerBackend.Domain.Entities.H5PLocationEntity)
FNDA:4,System.Boolean AdLerBackend.Application.Element.GetElementSource.GetH5PFilePath.GetH5PFilePathHandler/<>c__DisplayClass2_0::<Handle>b__0(AdLerBackend.Domain.Entities.H5PLocationEntity)
DA:25,4
FN:18,System.Void AdLerBackend.Application.Element.GetElementSource.GetH5PFilePath.GetH5PFilePathHandler/<Handle>d__2::MoveNext()
FNDA:3,System.Void AdLerBackend.Application.Element.GetElementSource.GetH5PFilePath.GetH5PFilePathHandler/<Handle>d__2::MoveNext()
DA:19,3
DA:21,3
DA:23,4
DA:27,3
DA:29,1
DA:30,1
DA:31,1
DA:32,1
DA:33,1
BRDA:23,202,0,1
BRDA:23,202,1,2
BRDA:25,250,0,1
BRDA:25,250,1,1
BRDA:27,279,0,1
BRDA:27,279,1,1
LF:14
LH:14
BRF:6
BRH:6
FNF:3
FNH:3
end_of_record
SF:D:\Projects\AdLer\AdLerBackend\AdLerBackend.Application\Element\GetElementScore\GetElementScoreCommand.cs
FN:10,System.Int32 AdLerBackend.Application.Element.GetElementScore.GetElementScoreCommand::get_LearningWorldId()
FNDA:8,System.Int32 AdLerBackend.Application.Element.GetElementScore.GetElementScoreCommand::get_LearningWorldId()
DA:11,8
FN:11,System.Int32 AdLerBackend.Application.Element.GetElementScore.GetElementScoreCommand::get_ElementId()
FNDA:12,System.Int32 AdLerBackend.Application.Element.GetElementScore.GetElementScoreCommand::get_ElementId()
DA:12,12
FN:8,System.Void AdLerBackend.Application.Element.GetElementScore.GetElementScoreCommand::.ctor(AdLerBackend.Application.Element.GetElementScore.GetElementScoreCommand)
FNDA:0,System.Void AdLerBackend.Application.Element.GetElementScore.GetElementScoreCommand::.ctor(AdLerBackend.Application.Element.GetElementScore.GetElementScoreCommand)
DA:9,0
LF:3
LH:2
BRF:0
BRH:0
FNF:3
FNH:2
end_of_record
SF:D:\Projects\AdLer\AdLerBackend\AdLerBackend.Application\Element\GetElementScore\GetElementScoreUseCase.cs
FN:17,System.Void AdLerBackend.Application.Element.GetElementScore.GetElementScoreUseCase::.ctor(MediatR.IMediator,AdLerBackend.Application.Common.Interfaces.ILMS)
FNDA:4,System.Void AdLerBackend.Application.Element.GetElementScore.GetElementScoreUseCase::.ctor(MediatR.IMediator,AdLerBackend.Application.Common.Interfaces.ILMS)
DA:18,4
DA:19,4
DA:20,4
DA:21,4
DA:22,4
FN:25,System.Void AdLerBackend.Application.Element.GetElementScore.GetElementScoreUseCase/<Handle>d__3::MoveNext()
FNDA:4,System.Void AdLerBackend.Application.Element.GetElementScore.GetElementScoreUseCase/<Handle>d__3::MoveNext()
DA:26,4
DA:27,4
DA:28,4
DA:29,4
DA:30,4
DA:31,4
DA:32,4
DA:33,4
DA:35,4
DA:36,0
DA:37,0
DA:38,0
DA:39,0
DA:40,0
DA:42,4
DA:43,4
DA:45,4
DA:46,4
DA:47,4
DA:48,4
DA:49,4
DA:50,4
BRDA:35,246,0,0
BRDA:35,246,1,4
LF:27
LH:22
BRF:2
BRH:1
FNF:2
FNH:2
end_of_record
SF:D:\Projects\AdLer\AdLerBackend\AdLerBackend.Application\Configuration\BackendConfig.cs
FN:15,System.String AdLerBackend.Application.Configuration.BackendConfig::get_Environment()
FNDA:6,System.String AdLerBackend.Application.Configuration.BackendConfig::get_Environment()
DA:16,6
FN:19,System.String AdLerBackend.Application.Configuration.BackendConfig::get_MoodleUrl()
FNDA:16,System.String AdLerBackend.Application.Configuration.BackendConfig::get_MoodleUrl()
DA:20,16
FN:23,System.String AdLerBackend.Application.Configuration.BackendConfig::get_AdLerEngineUrl()
FNDA:11,System.String AdLerBackend.Application.Configuration.BackendConfig::get_AdLerEngineUrl()
DA:24,11
FN:27,System.String AdLerBackend.Application.Configuration.BackendConfig::get_DbPassword()
FNDA:7,System.String AdLerBackend.Application.Configuration.BackendConfig::get_DbPassword()
DA:28,7
FN:31,System.String AdLerBackend.Application.Configuration.BackendConfig::get_DbUser()
FNDA:7,System.String AdLerBackend.Application.Configuration.BackendConfig::get_DbUser()
DA:32,7
FN:35,System.String AdLerBackend.Application.Configuration.BackendConfig::get_DbName()
FNDA:7,System.String AdLerBackend.Application.Configuration.BackendConfig::get_DbName()
DA:36,7
FN:39,System.String AdLerBackend.Application.Configuration.BackendConfig::get_DbHost()
FNDA:7,System.String AdLerBackend.Application.Configuration.BackendConfig::get_DbHost()
DA:40,7
FN:43,System.String AdLerBackend.Application.Configuration.BackendConfig::get_DbPort()
FNDA:7,System.String AdLerBackend.Application.Configuration.BackendConfig::get_DbPort()
DA:44,7
FN:47,System.Int32 AdLerBackend.Application.Configuration.BackendConfig::get_HttpPort()
FNDA:14,System.Int32 AdLerBackend.Application.Configuration.BackendConfig::get_HttpPort()
DA:48,14
FN:55,System.String AdLerBackend.Application.Configuration.BackendConfig::ToString()
FNDA:1,System.String AdLerBackend.Application.Configuration.BackendConfig::ToString()
DA:56,1
DA:58,1
DA:59,1
DA:60,30
DA:62,1
DA:63,1
BRDA:60,108,1,9
BRDA:60,108,0,1
LF:15
LH:15
BRF:2
BRH:2
FNF:10
FNH:10
end_of_record
SF:D:\Projects\AdLer\AdLerBackend\AdLerBackend.Application\Configuration\RequiredIfProductionAttribute.cs
FN:7,System.ComponentModel.DataAnnotations.ValidationResult AdLerBackend.Application.Configuration.RequiredIfProductionAttribute::IsValid(System.Object,System.ComponentModel.DataAnnotations.ValidationContext)
FNDA:6,System.ComponentModel.DataAnnotations.ValidationResult AdLerBackend.Application.Configuration.RequiredIfProductionAttribute::IsValid(System.Object,System.ComponentModel.DataAnnotations.ValidationContext)
DA:8,6
DA:9,6
DA:11,6
DA:12,0
DA:13,0
DA:15,6
DA:16,6
BRDA:11,23,0,6
BRDA:11,23,1,0
BRDA:11,34,0,0
BRDA:11,34,1,6
LF:7
LH:5
BRF:4
BRH:2
FNF:1
FNH:1
end_of_record
SF:D:\Projects\AdLer\AdLerBackend\AdLerBackend.Application\Common\CommandWithToken.cs
FN:7,System.String AdLerBackend.Application.Common.CommandWithToken`1::get_WebServiceToken()
FNDA:115,System.String AdLerBackend.Application.Common.CommandWithToken`1::get_WebServiceToken()
DA:8,115
FN:5,System.Void AdLerBackend.Application.Common.CommandWithToken`1::.ctor(AdLerBackend.Application.Common.CommandWithToken`1<TResponse>)
FNDA:0,System.Void AdLerBackend.Application.Common.CommandWithToken`1::.ctor(AdLerBackend.Application.Common.CommandWithToken`1<TResponse>)
DA:6,0
LF:2
LH:1
BRF:0
BRH:0
FNF:2
FNH:1
end_of_record
SF:D:\Projects\AdLer\AdLerBackend\AdLerBackend.Application\Common\Utils\IdExtractor.cs
FN:7,System.Guid AdLerBackend.Application.Common.Utils.IdExtractor::GetUuidFromQuestionId(System.Int32,AdLerBackend.Application.Common.Responses.World.AdaptivityElement)
FNDA:2,System.Guid AdLerBackend.Application.Common.Utils.IdExtractor::GetUuidFromQuestionId(System.Int32,AdLerBackend.Application.Common.Responses.World.AdaptivityElement)
DA:8,2
DA:9,7
DA:10,3
DA:11,1
DA:12,3
DA:13,1
DA:15,1
DA:16,1
BRDA:9,100,0,2
BRDA:9,100,1,2
BRDA:9,196,1,1
BRDA:9,196,0,1
FN:18,System.Int32 AdLerBackend.Application.Common.Utils.IdExtractor::GetQuestionIdFromUuid(System.Guid,AdLerBackend.Application.Common.Responses.World.AdaptivityElement)
FNDA:2,System.Int32 AdLerBackend.Application.Common.Utils.IdExtractor::GetQuestionIdFromUuid(System.Guid,AdLerBackend.Application.Common.Responses.World.AdaptivityElement)
DA:19,2
DA:20,7
DA:21,2
DA:22,1
DA:23,3
DA:24,1
DA:26,1
DA:27,1
BRDA:20,100,0,2
BRDA:20,100,1,2
BRDA:20,196,1,1
BRDA:20,196,0,1
FN:29,System.Int32 AdLerBackend.Application.Common.Utils.IdExtractor::GetTaskIdFromUuid(System.Guid,AdLerBackend.Application.Common.Responses.World.AdaptivityElement)
FNDA:2,System.Int32 AdLerBackend.Application.Common.Utils.IdExtractor::GetTaskIdFromUuid(System.Guid,AdLerBackend.Application.Common.Responses.World.AdaptivityElement)
DA:30,2
DA:31,7
DA:32,1
DA:33,2
DA:34,1
DA:36,1
DA:37,1
BRDA:31,33,0,2
BRDA:31,33,1,2
BRDA:31,93,1,1
BRDA:31,93,0,1
LF:23
LH:23
BRF:12
BRH:12
FNF:3
FNH:3
end_of_record
SF:D:\Projects\AdLer\AdLerBackend\AdLerBackend.Application\Common\Responses\World\CreateWorldResponse.cs
FN:4,System.Int32 AdLerBackend.Application.Common.Responses.World.CreateWorldResponse::get_WorldId()
FNDA:4,System.Int32 AdLerBackend.Application.Common.Responses.World.CreateWorldResponse::get_WorldId()
DA:5,4
FN:5,System.String AdLerBackend.Application.Common.Responses.World.CreateWorldResponse::get_WorldNameInLms()
FNDA:2,System.String AdLerBackend.Application.Common.Responses.World.CreateWorldResponse::get_WorldNameInLms()
DA:6,2
FN:6,System.String AdLerBackend.Application.Common.Responses.World.CreateWorldResponse::get_WorldLmsUrl()
FNDA:4,System.String AdLerBackend.Application.Common.Responses.World.CreateWorldResponse::get_WorldLmsUrl()
DA:7,4
FN:7,System.String AdLerBackend.Application.Common.Responses.World.CreateWorldResponse::get_World3DUrl()
FNDA:6,System.String AdLerBackend.Application.Common.Responses.World.CreateWorldResponse::get_World3DUrl()
DA:8,6
LF:4
LH:4
BRF:0
BRH:0
FNF:4
FNH:4
end_of_record
SF:D:\Projects\AdLer\AdLerBackend\AdLerBackend.Application\Common\Responses\World\GetAllElementsFromLmsWithAdLerIdResponse.cs
FN:7,System.Int32 AdLerBackend.Application.Common.Responses.World.GetAllElementsFromLmsWithAdLerIdResponse::get_LmsCourseId()
FNDA:3,System.Int32 AdLerBackend.Application.Common.Responses.World.GetAllElementsFromLmsWithAdLerIdResponse::get_LmsCourseId()
DA:8,3
FN:8,System.Int32 AdLerBackend.Application.Common.Responses.World.GetAllElementsFromLmsWithAdLerIdResponse::get_AdLerWorldId()
FNDA:1,System.Int32 AdLerBackend.Application.Common.Responses.World.GetAllElementsFromLmsWithAdLerIdResponse::get_AdLerWorldId()
DA:9,1
FN:9,System.Collections.Generic.IList`1<AdLerBackend.Application.Common.Responses.World.AdLerLmsElementAggregation> AdLerBackend.Application.Common.Responses.World.GetAllElementsFromLmsWithAdLerIdResponse::get_ElementAggregations()
FNDA:3,System.Collections.Generic.IList`1<AdLerBackend.Application.Common.Responses.World.AdLerLmsElementAggregation> AdLerBackend.Application.Common.Responses.World.GetAllElementsFromLmsWithAdLerIdResponse::get_ElementAggregations()
DA:10,3
FN:14,AdLerBackend.Application.Common.Responses.World.BaseElement AdLerBackend.Application.Common.Responses.World.AdLerLmsElementAggregation::get_AdLerElement()
FNDA:24,AdLerBackend.Application.Common.Responses.World.BaseElement AdLerBackend.Application.Common.Responses.World.AdLerLmsElementAggregation::get_AdLerElement()
DA:15,24
FN:15,AdLerBackend.Application.Common.Responses.LMSAdapter.LmsModule AdLerBackend.Application.Common.Responses.World.AdLerLmsElementAggregation::get_LmsModule()
FNDA:33,AdLerBackend.Application.Common.Responses.LMSAdapter.LmsModule AdLerBackend.Application.Common.Responses.World.AdLerLmsElementAggregation::get_LmsModule()
DA:16,33
FN:16,System.Boolean AdLerBackend.Application.Common.Responses.World.AdLerLmsElementAggregation::get_IsLocked()
FNDA:21,System.Boolean AdLerBackend.Application.Common.Responses.World.AdLerLmsElementAggregation::get_IsLocked()
DA:17,21
LF:6
LH:6
BRF:0
BRH:0
FNF:6
FNH:6
end_of_record
SF:D:\Projects\AdLer\AdLerBackend\AdLerBackend.Application\Common\Responses\World\GetWorldOverviewResponse.cs
FN:5,System.Collections.Generic.IList`1<AdLerBackend.Application.Common.Responses.World.WorldResponse> AdLerBackend.Application.Common.Responses.World.GetWorldOverviewResponse::get_Worlds()
FNDA:3,System.Collections.Generic.IList`1<AdLerBackend.Application.Common.Responses.World.WorldResponse> AdLerBackend.Application.Common.Responses.World.GetWorldOverviewResponse::get_Worlds()
DA:6,3
LF:1
LH:1
BRF:0
BRH:0
FNF:1
FNH:1
end_of_record
SF:D:\Projects\AdLer\AdLerBackend\AdLerBackend.Application\Common\Responses\World\WorldAtfResponse.cs
FN:16,System.String AdLerBackend.Application.Common.Responses.World.WorldAtfResponse::get_FileVersion()
FNDA:21,System.String AdLerBackend.Application.Common.Responses.World.WorldAtfResponse::get_FileVersion()
DA:17,21
FN:19,System.String AdLerBackend.Application.Common.Responses.World.WorldAtfResponse::get_AmgVersion()
FNDA:21,System.String AdLerBackend.Application.Common.Responses.World.WorldAtfResponse::get_AmgVersion()
DA:20,21
FN:20,System.String AdLerBackend.Application.Common.Responses.World.WorldAtfResponse::get_Author()
FNDA:19,System.String AdLerBackend.Application.Common.Responses.World.WorldAtfResponse::get_Author()
DA:21,19
FN:21,System.String AdLerBackend.Application.Common.Responses.World.WorldAtfResponse::get_Language()
FNDA:21,System.String AdLerBackend.Application.Common.Responses.World.WorldAtfResponse::get_Language()
DA:22,21
FN:22,AdLerBackend.Application.Common.Responses.World.World AdLerBackend.Application.Common.Responses.World.WorldAtfResponse::get_World()
FNDA:30,AdLerBackend.Application.Common.Responses.World.World AdLerBackend.Application.Common.Responses.World.WorldAtfResponse::get_World()
DA:23,30
FN:28,System.Int32 AdLerBackend.Application.Common.Responses.World.Space::get_SpaceId()
FNDA:60,System.Int32 AdLerBackend.Application.Common.Responses.World.Space::get_SpaceId()
DA:29,60
FN:29,System.String AdLerBackend.Application.Common.Responses.World.Space::get_SpaceUuid()
FNDA:59,System.String AdLerBackend.Application.Common.Responses.World.Space::get_SpaceUuid()
DA:30,59
FN:30,System.String AdLerBackend.Application.Common.Responses.World.Space::get_SpaceName()
FNDA:60,System.String AdLerBackend.Application.Common.Responses.World.Space::get_SpaceName()
DA:31,60
FN:31,System.String AdLerBackend.Application.Common.Responses.World.Space::get_SpaceDescription()
FNDA:59,System.String AdLerBackend.Application.Common.Responses.World.Space::get_SpaceDescription()
DA:32,59
FN:32,System.Collections.Generic.List`1<System.String> AdLerBackend.Application.Common.Responses.World.Space::get_SpaceGoals()
FNDA:59,System.Collections.Generic.List`1<System.String> AdLerBackend.Application.Common.Responses.World.Space::get_SpaceGoals()
DA:33,59
FN:33,System.Collections.Generic.List`1<System.Nullable`1<System.Int32>> AdLerBackend.Application.Common.Responses.World.Space::get_SpaceSlotContents()
FNDA:59,System.Collections.Generic.List`1<System.Nullable`1<System.Int32>> AdLerBackend.Application.Common.Responses.World.Space::get_SpaceSlotContents()
DA:34,59
FN:34,System.Nullable`1<System.Int32> AdLerBackend.Application.Common.Responses.World.Space::get_RequiredPointsToComplete()
FNDA:59,System.Nullable`1<System.Int32> AdLerBackend.Application.Common.Responses.World.Space::get_RequiredPointsToComplete()
DA:35,59
FN:35,System.String AdLerBackend.Application.Common.Responses.World.Space::get_RequiredSpacesToEnter()
FNDA:59,System.String AdLerBackend.Application.Common.Responses.World.Space::get_RequiredSpacesToEnter()
DA:36,59
FN:36,System.String AdLerBackend.Application.Common.Responses.World.Space::get_SpaceTemplate()
FNDA:59,System.String AdLerBackend.Application.Common.Responses.World.Space::get_SpaceTemplate()
DA:37,59
FN:37,System.String AdLerBackend.Application.Common.Responses.World.Space::get_SpaceTemplateStyle()
FNDA:59,System.String AdLerBackend.Application.Common.Responses.World.Space::get_SpaceTemplateStyle()
DA:38,59
FN:38,AdLerBackend.Application.Common.Responses.World.SpaceStory AdLerBackend.Application.Common.Responses.World.Space::get_SpaceStory()
FNDA:59,AdLerBackend.Application.Common.Responses.World.SpaceStory AdLerBackend.Application.Common.Responses.World.Space::get_SpaceStory()
DA:39,59
FN:44,AdLerBackend.Application.Common.Responses.World.StoryElement AdLerBackend.Application.Common.Responses.World.SpaceStory::get_IntroStory()
FNDA:57,AdLerBackend.Application.Common.Responses.World.StoryElement AdLerBackend.Application.Common.Responses.World.SpaceStory::get_IntroStory()
DA:45,57
FN:45,AdLerBackend.Application.Common.Responses.World.StoryElement AdLerBackend.Application.Common.Responses.World.SpaceStory::get_OutroStory()
FNDA:57,AdLerBackend.Application.Common.Responses.World.StoryElement AdLerBackend.Application.Common.Responses.World.SpaceStory::get_OutroStory()
DA:46,57
FN:51,System.Collections.Generic.List`1<System.String> AdLerBackend.Application.Common.Responses.World.StoryElement::get_StoryTexts()
FNDA:114,System.Collections.Generic.List`1<System.String> AdLerBackend.Application.Common.Responses.World.StoryElement::get_StoryTexts()
DA:52,114
FN:52,System.String AdLerBackend.Application.Common.Responses.World.StoryElement::get_ElementModel()
FNDA:114,System.String AdLerBackend.Application.Common.Responses.World.StoryElement::get_ElementModel()
DA:53,114
FN:58,System.Int32 AdLerBackend.Application.Common.Responses.World.Topic::get_TopicId()
FNDA:57,System.Int32 AdLerBackend.Application.Common.Responses.World.Topic::get_TopicId()
DA:59,57
FN:59,System.String AdLerBackend.Application.Common.Responses.World.Topic::get_TopicName()
FNDA:57,System.String AdLerBackend.Application.Common.Responses.World.Topic::get_TopicName()
DA:60,57
FN:60,System.Collections.Generic.List`1<System.Int32> AdLerBackend.Application.Common.Responses.World.Topic::get_TopicContents()
FNDA:57,System.Collections.Generic.List`1<System.Int32> AdLerBackend.Application.Common.Responses.World.Topic::get_TopicContents()
DA:61,57
FN:66,System.String AdLerBackend.Application.Common.Responses.World.World::get_WorldName()
FNDA:21,System.String AdLerBackend.Application.Common.Responses.World.World::get_WorldName()
DA:67,21
FN:67,System.String AdLerBackend.Application.Common.Responses.World.World::get_WorldUuid()
FNDA:21,System.String AdLerBackend.Application.Common.Responses.World.World::get_WorldUuid()
DA:68,21
FN:68,System.String AdLerBackend.Application.Common.Responses.World.World::get_WorldDescription()
FNDA:21,System.String AdLerBackend.Application.Common.Responses.World.World::get_WorldDescription()
DA:69,21
FN:69,System.Collections.Generic.List`1<System.String> AdLerBackend.Application.Common.Responses.World.World::get_WorldGoals()
FNDA:21,System.Collections.Generic.List`1<System.String> AdLerBackend.Application.Common.Responses.World.World::get_WorldGoals()
DA:70,21
FN:70,System.Collections.Generic.List`1<AdLerBackend.Application.Common.Responses.World.Topic> AdLerBackend.Application.Common.Responses.World.World::get_Topics()
FNDA:21,System.Collections.Generic.List`1<AdLerBackend.Application.Common.Responses.World.Topic> AdLerBackend.Application.Common.Responses.World.World::get_Topics()
DA:71,21
FN:71,System.Collections.Generic.List`1<AdLerBackend.Application.Common.Responses.World.Space> AdLerBackend.Application.Common.Responses.World.World::get_Spaces()
FNDA:22,System.Collections.Generic.List`1<AdLerBackend.Application.Common.Responses.World.Space> AdLerBackend.Application.Common.Responses.World.World::get_Spaces()
DA:72,22
FN:72,System.Collections.Generic.List`1<AdLerBackend.Application.Common.Responses.World.BaseElement> AdLerBackend.Application.Common.Responses.World.World::get_Elements()
FNDA:31,System.Collections.Generic.List`1<AdLerBackend.Application.Common.Responses.World.BaseElement> AdLerBackend.Application.Common.Responses.World.World::get_Elements()
DA:73,31
FN:73,System.String AdLerBackend.Application.Common.Responses.World.World::get_EvaluationLink()
FNDA:21,System.String AdLerBackend.Application.Common.Responses.World.World::get_EvaluationLink()
DA:74,21
FN:78,System.String AdLerBackend.Application.Common.Responses.World.Element::get_ElementDescription()
FNDA:5,System.String AdLerBackend.Application.Common.Responses.World.Element::get_ElementDescription()
DA:79,5
FN:79,System.Collections.Generic.List`1<System.String> AdLerBackend.Application.Common.Responses.World.Element::get_ElementGoals()
FNDA:5,System.Collections.Generic.List`1<System.String> AdLerBackend.Application.Common.Responses.World.Element::get_ElementGoals()
DA:80,5
FN:80,System.Int32 AdLerBackend.Application.Common.Responses.World.Element::get_ElementMaxScore()
FNDA:5,System.Int32 AdLerBackend.Application.Common.Responses.World.Element::get_ElementMaxScore()
DA:81,5
FN:81,System.String AdLerBackend.Application.Common.Responses.World.Element::get_ElementModel()
FNDA:5,System.String AdLerBackend.Application.Common.Responses.World.Element::get_ElementModel()
DA:82,5
FN:86,AdLerBackend.Application.Common.Responses.World.AdaptivityContent AdLerBackend.Application.Common.Responses.World.AdaptivityElement::get_AdaptivityContent()
FNDA:12,AdLerBackend.Application.Common.Responses.World.AdaptivityContent AdLerBackend.Application.Common.Responses.World.AdaptivityElement::get_AdaptivityContent()
DA:87,12
FN:94,System.Int32 AdLerBackend.Application.Common.Responses.World.BaseElement::get_ElementId()
FNDA:84,System.Int32 AdLerBackend.Application.Common.Responses.World.BaseElement::get_ElementId()
DA:95,84
FN:95,System.Guid AdLerBackend.Application.Common.Responses.World.BaseElement::get_ElementUuid()
FNDA:60,System.Guid AdLerBackend.Application.Common.Responses.World.BaseElement::get_ElementUuid()
DA:96,60
FN:96,System.String AdLerBackend.Application.Common.Responses.World.BaseElement::get_ElementName()
FNDA:57,System.String AdLerBackend.Application.Common.Responses.World.BaseElement::get_ElementName()
DA:97,57
FN:97,System.String AdLerBackend.Application.Common.Responses.World.BaseElement::get_ElementCategory()
FNDA:79,System.String AdLerBackend.Application.Common.Responses.World.BaseElement::get_ElementCategory()
DA:98,79
FN:98,System.String AdLerBackend.Application.Common.Responses.World.BaseElement::get_ElementFileType()
FNDA:57,System.String AdLerBackend.Application.Common.Responses.World.BaseElement::get_ElementFileType()
DA:99,57
FN:104,System.String AdLerBackend.Application.Common.Responses.World.AdaptivityContent::get_IntroText()
FNDA:0,System.String AdLerBackend.Application.Common.Responses.World.AdaptivityContent::get_IntroText()
DA:105,0
FN:105,System.Collections.Generic.List`1<AdLerBackend.Application.Common.Responses.World.AdaptivityTask> AdLerBackend.Application.Common.Responses.World.AdaptivityContent::get_AdaptivityTasks()
FNDA:12,System.Collections.Generic.List`1<AdLerBackend.Application.Common.Responses.World.AdaptivityTask> AdLerBackend.Application.Common.Responses.World.AdaptivityContent::get_AdaptivityTasks()
DA:106,12
FN:111,System.Int32 AdLerBackend.Application.Common.Responses.World.AdaptivityTask::get_TaskId()
FNDA:2,System.Int32 AdLerBackend.Application.Common.Responses.World.AdaptivityTask::get_TaskId()
DA:112,2
FN:112,System.Guid AdLerBackend.Application.Common.Responses.World.AdaptivityTask::get_TaskUuid()
FNDA:2,System.Guid AdLerBackend.Application.Common.Responses.World.AdaptivityTask::get_TaskUuid()
DA:113,2
FN:114,System.String AdLerBackend.Application.Common.Responses.World.AdaptivityTask::get_TaskTitle()
FNDA:0,System.String AdLerBackend.Application.Common.Responses.World.AdaptivityTask::get_TaskTitle()
DA:115,0
FN:117,System.Nullable`1<System.Boolean> AdLerBackend.Application.Common.Responses.World.AdaptivityTask::get_Optional()
FNDA:0,System.Nullable`1<System.Boolean> AdLerBackend.Application.Common.Responses.World.AdaptivityTask::get_Optional()
DA:118,0
FN:118,System.Nullable`1<System.Int32> AdLerBackend.Application.Common.Responses.World.AdaptivityTask::get_RequiredDifficulty()
FNDA:0,System.Nullable`1<System.Int32> AdLerBackend.Application.Common.Responses.World.AdaptivityTask::get_RequiredDifficulty()
DA:119,0
FN:119,System.Collections.Generic.List`1<AdLerBackend.Application.Common.Responses.World.AdaptivityQuestion> AdLerBackend.Application.Common.Responses.World.AdaptivityTask::get_AdaptivityQuestions()
FNDA:6,System.Collections.Generic.List`1<AdLerBackend.Application.Common.Responses.World.AdaptivityQuestion> AdLerBackend.Application.Common.Responses.World.AdaptivityTask::get_AdaptivityQuestions()
DA:120,6
FN:125,System.String AdLerBackend.Application.Common.Responses.World.AdaptivityQuestion::get_QuestionType()
FNDA:0,System.String AdLerBackend.Application.Common.Responses.World.AdaptivityQuestion::get_QuestionType()
DA:126,0
FN:126,System.Int32 AdLerBackend.Application.Common.Responses.World.AdaptivityQuestion::get_QuestionId()
FNDA:4,System.Int32 AdLerBackend.Application.Common.Responses.World.AdaptivityQuestion::get_QuestionId()
DA:127,4
FN:127,System.Guid AdLerBackend.Application.Common.Responses.World.AdaptivityQuestion::get_QuestionUuid()
FNDA:4,System.Guid AdLerBackend.Application.Common.Responses.World.AdaptivityQuestion::get_QuestionUuid()
DA:128,4
FN:128,System.Int32 AdLerBackend.Application.Common.Responses.World.AdaptivityQuestion::get_QuestionDifficulty()
FNDA:0,System.Int32 AdLerBackend.Application.Common.Responses.World.AdaptivityQuestion::get_QuestionDifficulty()
DA:129,0
FN:129,System.String AdLerBackend.Application.Common.Responses.World.AdaptivityQuestion::get_QuestionText()
FNDA:0,System.String AdLerBackend.Application.Common.Responses.World.AdaptivityQuestion::get_QuestionText()
DA:130,0
FN:130,System.Collections.Generic.List`1<AdLerBackend.Application.Common.Responses.World.AdaptivityTrigger> AdLerBackend.Application.Common.Responses.World.AdaptivityQuestion::get_AdaptivityRules()
FNDA:0,System.Collections.Generic.List`1<AdLerBackend.Application.Common.Responses.World.AdaptivityTrigger> AdLerBackend.Application.Common.Responses.World.AdaptivityQuestion::get_AdaptivityRules()
DA:131,0
FN:131,System.Collections.Generic.List`1<AdLerBackend.Application.Common.Responses.World.AdaptivityQuestionAnswer> AdLerBackend.Application.Common.Responses.World.AdaptivityQuestion::get_Choices()
FNDA:0,System.Collections.Generic.List`1<AdLerBackend.Application.Common.Responses.World.AdaptivityQuestionAnswer> AdLerBackend.Application.Common.Responses.World.AdaptivityQuestion::get_Choices()
DA:132,0
FN:144,System.String AdLerBackend.Application.Common.Responses.World.CommentAction::get_CommentText()
FNDA:0,System.String AdLerBackend.Application.Common.Responses.World.CommentAction::get_CommentText()
DA:145,0
FN:149,System.Int32 AdLerBackend.Application.Common.Responses.World.ElementReferenceAction::get_ElementId()
FNDA:0,System.Int32 AdLerBackend.Application.Common.Responses.World.ElementReferenceAction::get_ElementId()
DA:150,0
FN:150,System.String AdLerBackend.Application.Common.Responses.World.ElementReferenceAction::get_HintText()
FNDA:0,System.String AdLerBackend.Application.Common.Responses.World.ElementReferenceAction::get_HintText()
DA:151,0
FN:156,System.Int32 AdLerBackend.Application.Common.Responses.World.ContentReferenceAction::get_ElementId()
FNDA:0,System.Int32 AdLerBackend.Application.Common.Responses.World.ContentReferenceAction::get_ElementId()
DA:157,0
FN:158,System.String AdLerBackend.Application.Common.Responses.World.ContentReferenceAction::get_HintText()
FNDA:0,System.String AdLerBackend.Application.Common.Responses.World.ContentReferenceAction::get_HintText()
DA:159,0
FN:164,System.Int32 AdLerBackend.Application.Common.Responses.World.AdaptivityTrigger::get_TriggerId()
FNDA:0,System.Int32 AdLerBackend.Application.Common.Responses.World.AdaptivityTrigger::get_TriggerId()
DA:165,0
FN:165,System.String AdLerBackend.Application.Common.Responses.World.AdaptivityTrigger::get_TriggerCondition()
FNDA:0,System.String AdLerBackend.Application.Common.Responses.World.AdaptivityTrigger::get_TriggerCondition()
DA:166,0
FN:166,AdLerBackend.Application.Common.Responses.World.AdaptivityActionBase AdLerBackend.Application.Common.Responses.World.AdaptivityTrigger::get_AdaptivityAction()
FNDA:0,AdLerBackend.Application.Common.Responses.World.AdaptivityActionBase AdLerBackend.Application.Common.Responses.World.AdaptivityTrigger::get_AdaptivityAction()
DA:167,0
FN:176,System.String AdLerBackend.Application.Common.Responses.World.AdaptivityQuestionAnswer::get_AnswerText()
FNDA:0,System.String AdLerBackend.Application.Common.Responses.World.AdaptivityQuestionAnswer::get_AnswerText()
DA:177,0
LF:65
LH:47
BRF:0
BRH:0
FNF:65
FNH:47
end_of_record
SF:D:\Projects\AdLer\AdLerBackend\AdLerBackend.Application\Common\Responses\World\WorldResponse.cs
FN:5,System.String AdLerBackend.Application.Common.Responses.World.WorldResponse::get_WorldName()
FNDA:5,System.String AdLerBackend.Application.Common.Responses.World.WorldResponse::get_WorldName()
DA:6,5
FN:6,System.Int32 AdLerBackend.Application.Common.Responses.World.WorldResponse::get_WorldId()
FNDA:5,System.Int32 AdLerBackend.Application.Common.Responses.World.WorldResponse::get_WorldId()
DA:7,5
LF:2
LH:2
BRF:0
BRH:0
FNF:2
FNH:2
end_of_record
SF:D:\Projects\AdLer\AdLerBackend\AdLerBackend.Application\Common\Responses\World\WorldStatusResponse.cs
FN:7,System.Int32 AdLerBackend.Application.Common.Responses.World.WorldStatusResponse::get_WorldId()
FNDA:5,System.Int32 AdLerBackend.Application.Common.Responses.World.WorldStatusResponse::get_WorldId()
DA:8,5
FN:8,System.Collections.Generic.IList`1<AdLerBackend.Application.Common.Responses.Elements.ElementScoreResponse> AdLerBackend.Application.Common.Responses.World.WorldStatusResponse::get_Elements()
FNDA:8,System.Collections.Generic.IList`1<AdLerBackend.Application.Common.Responses.Elements.ElementScoreResponse> AdLerBackend.Application.Common.Responses.World.WorldStatusResponse::get_Elements()
DA:9,8
LF:2
LH:2
BRF:0
BRH:0
FNF:2
FNH:2
end_of_record
SF:D:\Projects\AdLer\AdLerBackend\AdLerBackend.Application\Common\Responses\Player\PlayerDataResponse.cs
FN:7,AdLerBackend.Domain.Entities.PlayerData.PlayerAvatarGender AdLerBackend.Application.Common.Responses.Player.PlayerDataResponse::get_PlayerGender()
FNDA:10,AdLerBackend.Domain.Entities.PlayerData.PlayerAvatarGender AdLerBackend.Application.Common.Responses.Player.PlayerDataResponse::get_PlayerGender()
DA:8,10
FN:8,AdLerBackend.Domain.Entities.PlayerData.PlayerWorldColor AdLerBackend.Application.Common.Responses.Player.PlayerDataResponse::get_PlayerWorldColor()
FNDA:9,AdLerBackend.Domain.Entities.PlayerData.PlayerWorldColor AdLerBackend.Application.Common.Responses.Player.PlayerDataResponse::get_PlayerWorldColor()
DA:9,9
LF:2
LH:2
BRF:0
BRH:0
FNF:2
FNH:2
end_of_record
SF:D:\Projects\AdLer\AdLerBackend\AdLerBackend.Application\Common\Responses\LMSAdapter\LMSCourseContentResponse.cs
FN:5,System.Collections.Generic.IList`1<AdLerBackend.Application.Common.Responses.LMSAdapter.LmsModule> AdLerBackend.Application.Common.Responses.LMSAdapter.LMSWorldContentResponse::get_Modules()
FNDA:5,System.Collections.Generic.IList`1<AdLerBackend.Application.Common.Responses.LMSAdapter.LmsModule> AdLerBackend.Application.Common.Responses.LMSAdapter.LMSWorldContentResponse::get_Modules()
DA:6,5
FN:10,System.Int32 AdLerBackend.Application.Common.Responses.LMSAdapter.LmsModule::get_Id()
FNDA:36,System.Int32 AdLerBackend.Application.Common.Responses.LMSAdapter.LmsModule::get_Id()
DA:11,36
FN:11,System.String AdLerBackend.Application.Common.Responses.LMSAdapter.LmsModule::get_Name()
FNDA:28,System.String AdLerBackend.Application.Common.Responses.LMSAdapter.LmsModule::get_Name()
DA:12,28
FN:12,System.Int32 AdLerBackend.Application.Common.Responses.LMSAdapter.LmsModule::get_contextid()
FNDA:31,System.Int32 AdLerBackend.Application.Common.Responses.LMSAdapter.LmsModule::get_contextid()
DA:13,31
FN:13,System.String AdLerBackend.Application.Common.Responses.LMSAdapter.LmsModule::get_ModName()
FNDA:24,System.String AdLerBackend.Application.Common.Responses.LMSAdapter.LmsModule::get_ModName()
DA:14,24
FN:14,System.Collections.Generic.IList`1<AdLerBackend.Application.Common.Responses.LMSAdapter.FileContents> AdLerBackend.Application.Common.Responses.LMSAdapter.LmsModule::get_Contents()
FNDA:14,System.Collections.Generic.IList`1<AdLerBackend.Application.Common.Responses.LMSAdapter.FileContents> AdLerBackend.Application.Common.Responses.LMSAdapter.LmsModule::get_Contents()
DA:15,14
FN:19,System.String AdLerBackend.Application.Common.Responses.LMSAdapter.FileContents::get_fileUrl()
FNDA:32,System.String AdLerBackend.Application.Common.Responses.LMSAdapter.FileContents::get_fileUrl()
DA:20,32
LF:7
LH:7
BRF:0
BRH:0
FNF:7
FNH:7
end_of_record
SF:D:\Projects\AdLer\AdLerBackend\AdLerBackend.Application\Common\Responses\LMSAdapter\LMSCourseCreationResponse.cs
FN:4,System.Int32 AdLerBackend.Application.Common.Responses.LMSAdapter.LMSCourseCreationResponse::get_CourseLmsId()
FNDA:8,System.Int32 AdLerBackend.Application.Common.Responses.LMSAdapter.LMSCourseCreationResponse::get_CourseLmsId()
DA:5,8
FN:5,System.String AdLerBackend.Application.Common.Responses.LMSAdapter.LMSCourseCreationResponse::get_CourseLmsName()
FNDA:4,System.String AdLerBackend.Application.Common.Responses.LMSAdapter.LMSCourseCreationResponse::get_CourseLmsName()
DA:6,4
LF:2
LH:2
BRF:0
BRH:0
FNF:2
FNH:2
end_of_record
SF:D:\Projects\AdLer\AdLerBackend\AdLerBackend.Application\Common\Responses\LMSAdapter\LmsCourseStatusResponse.cs
FN:4,System.Collections.Generic.IList`1<AdLerBackend.Application.Common.Responses.LMSAdapter.LmsElementStatus> AdLerBackend.Application.Common.Responses.LMSAdapter.LmsCourseStatusResponse::get_ElementScores()
FNDA:3,System.Collections.Generic.IList`1<AdLerBackend.Application.Common.Responses.LMSAdapter.LmsElementStatus> AdLerBackend.Application.Common.Responses.LMSAdapter.LmsCourseStatusResponse::get_ElementScores()
DA:5,3
LF:1
LH:1
BRF:0
BRH:0
FNF:1
FNH:1
end_of_record
SF:D:\Projects\AdLer\AdLerBackend\AdLerBackend.Application\Common\Responses\LMSAdapter\LmsElementStatus.cs
FN:4,System.Int32 AdLerBackend.Application.Common.Responses.LMSAdapter.LmsElementStatus::get_ModuleId()
FNDA:3,System.Int32 AdLerBackend.Application.Common.Responses.LMSAdapter.LmsElementStatus::get_ModuleId()
DA:5,3
FN:5,System.Boolean AdLerBackend.Application.Common.Responses.LMSAdapter.LmsElementStatus::get_HasScored()
FNDA:3,System.Boolean AdLerBackend.Application.Common.Responses.LMSAdapter.LmsElementStatus::get_HasScored()
DA:6,3
LF:2
LH:2
BRF:0
BRH:0
FNF:2
FNH:2
end_of_record
SF:D:\Projects\AdLer\AdLerBackend\AdLerBackend.Application\Common\Responses\LMSAdapter\LMSUserDataResponse.cs
FN:5,System.String AdLerBackend.Application.Common.Responses.LMSAdapter.LMSUserDataResponse::get_LMSUserName()
FNDA:10,System.String AdLerBackend.Application.Common.Responses.LMSAdapter.LMSUserDataResponse::get_LMSUserName()
DA:6,10
FN:6,System.Int32 AdLerBackend.Application.Common.Responses.LMSAdapter.LMSUserDataResponse::get_UserId()
FNDA:17,System.Int32 AdLerBackend.Application.Common.Responses.LMSAdapter.LMSUserDataResponse::get_UserId()
DA:7,17
[...]
DA:210,0
DA:211,0
DA:212,0
DA:213,0
DA:214,0
DA:215,0
DA:216,0
DA:218,0
DA:219,0
DA:220,0
DA:227,0
DA:228,0
DA:230,0
DA:231,0
FN:167,System.Void AdLerBackend.Infrastructure.Moodle.MoodleWebApi/<GetElementScoreFromPlugin>d__12::MoveNext()
FNDA:0,System.Void AdLerBackend.Infrastructure.Moodle.MoodleWebApi/<GetElementScoreFromPlugin>d__12::MoveNext()
DA:168,0
DA:169,0
DA:170,0
DA:171,0
DA:172,0
DA:173,0
DA:174,0
DA:175,0
DA:178,0
DA:179,0
FN:233,System.Void AdLerBackend.Infrastructure.Moodle.MoodleWebApi/<GetLMSUserDataAsync>d__16::MoveNext()
FNDA:0,System.Void AdLerBackend.Infrastructure.Moodle.MoodleWebApi/<GetLMSUserDataAsync>d__16::MoveNext()
DA:234,0
DA:235,0
DA:236,0
DA:237,0
DA:238,0
DA:239,0
DA:240,0
DA:241,0
DA:243,0
DA:244,0
DA:245,0
DA:246,0
DA:247,0
DA:248,0
DA:249,0
DA:250,0
DA:252,0
DA:253,0
DA:254,0
DA:255,0
DA:256,0
DA:257,0
DA:258,0
FN:42,System.Void AdLerBackend.Infrastructure.Moodle.MoodleWebApi/<GetLMSUserTokenAsync>d__5::MoveNext()
FNDA:0,System.Void AdLerBackend.Infrastructure.Moodle.MoodleWebApi/<GetLMSUserTokenAsync>d__5::MoveNext()
DA:43,0
DA:44,0
DA:45,0
DA:46,0
DA:47,0
DA:48,0
DA:49,0
DA:50,0
DA:51,0
DA:52,0
DA:54,0
DA:55,0
DA:56,0
DA:57,0
DA:58,0
FN:261,System.Void AdLerBackend.Infrastructure.Moodle.MoodleWebApi/<GetLmsElementIdsByUuidsAsync>d__17::MoveNext()
FNDA:0,System.Void AdLerBackend.Infrastructure.Moodle.MoodleWebApi/<GetLmsElementIdsByUuidsAsync>d__17::MoveNext()
DA:262,0
DA:263,0
DA:264,0
DA:265,0
DA:266,0
DA:267,0
DA:269,0
DA:270,0
DA:271,0
DA:272,0
DA:273,0
DA:274,0
DA:276,0
DA:284,0
BRDA:269,395,1,0
BRDA:269,395,0,0
FN:60,System.Void AdLerBackend.Infrastructure.Moodle.MoodleWebApi/<GetWorldContentAsync>d__6::MoveNext()
FNDA:0,System.Void AdLerBackend.Infrastructure.Moodle.MoodleWebApi/<GetWorldContentAsync>d__6::MoveNext()
DA:61,0
DA:62,0
DA:63,0
DA:64,0
DA:65,0
DA:66,0
DA:67,0
DA:68,0
DA:69,0
FN:71,System.Void AdLerBackend.Infrastructure.Moodle.MoodleWebApi/<GetWorldsForUserAsync>d__7::MoveNext()
FNDA:0,System.Void AdLerBackend.Infrastructure.Moodle.MoodleWebApi/<GetWorldsForUserAsync>d__7::MoveNext()
DA:72,0
DA:73,0
DA:74,0
DA:75,0
DA:76,0
DA:77,0
DA:78,0
DA:79,0
DA:80,0
DA:81,0
FN:329,System.Void AdLerBackend.Infrastructure.Moodle.MoodleWebApi/<MoodleCallAsync>d__19`1::MoveNext()
FNDA:0,System.Void AdLerBackend.Infrastructure.Moodle.MoodleWebApi/<MoodleCallAsync>d__19`1::MoveNext()
DA:330,0
DA:331,0
DA:333,0
DA:335,0
DA:337,0
DA:338,0
DA:340,0
DA:341,0
BRDA:335,161,1,0
BRDA:335,161,0,0
FN:343,System.Void AdLerBackend.Infrastructure.Moodle.MoodleWebApi/<MoodleCallAsync>d__20`1::MoveNext()
FNDA:0,System.Void AdLerBackend.Infrastructure.Moodle.MoodleWebApi/<MoodleCallAsync>d__20`1::MoveNext()
DA:344,0
DA:346,0
DA:347,0
DA:349,0
DA:350,0
DA:352,0
DA:353,0
BRDA:346,55,0,0
BRDA:346,55,1,0
FN:404,System.Void AdLerBackend.Infrastructure.Moodle.MoodleWebApi/<PostToMoodleAsync>d__24::MoveNext()
FNDA:0,System.Void AdLerBackend.Infrastructure.Moodle.MoodleWebApi/<PostToMoodleAsync>d__24::MoveNext()
DA:405,0
DA:406,0
DA:409,0
DA:410,0
DA:411,0
DA:412,0
DA:413,0
DA:414,0
DA:415,0
DA:418,0
DA:421,0
DA:423,0
DA:424,0
DA:425,0
DA:427,0
BRDA:410,44,0,0
BRDA:410,44,1,0
BRDA:411,86,0,0
BRDA:411,86,1,0
BRDA:411,92,1,0
BRDA:411,92,0,0
FN:195,System.Void AdLerBackend.Infrastructure.Moodle.MoodleWebApi/<ProcessXApiViaPlugin>d__14::MoveNext()
FNDA:0,System.Void AdLerBackend.Infrastructure.Moodle.MoodleWebApi/<ProcessXApiViaPlugin>d__14::MoveNext()
DA:196,0
DA:197,0
DA:198,0
DA:199,0
DA:200,0
DA:201,0
DA:202,0
DA:203,0
DA:205,0
DA:206,0
FN:181,System.Void AdLerBackend.Infrastructure.Moodle.MoodleWebApi/<ScoreGenericElementViaPlugin>d__13::MoveNext()
FNDA:0,System.Void AdLerBackend.Infrastructure.Moodle.MoodleWebApi/<ScoreGenericElementViaPlugin>d__13::MoveNext()
DA:182,0
DA:183,0
DA:184,0
DA:185,0
DA:186,0
DA:187,0
DA:188,0
DA:189,0
DA:190,0
DA:192,0
DA:193,0
FN:147,System.Void AdLerBackend.Infrastructure.Moodle.MoodleWebApi/<UploadCourseWorldToLMS>d__11::MoveNext()
FNDA:0,System.Void AdLerBackend.Infrastructure.Moodle.MoodleWebApi/<UploadCourseWorldToLMS>d__11::MoveNext()
DA:148,0
DA:149,0
DA:151,0
DA:152,0
DA:153,0
DA:154,0
DA:155,0
DA:156,0
DA:158,0
DA:160,0
DA:161,0
DA:162,0
DA:163,0
DA:164,0
DA:165,0
LF:302
LH:0
BRF:28
BRH:0
FNF:29
FNH:0
end_of_record
SF:D:\Projects\AdLer\AdLerBackend\AdLerBackend.Infrastructure\Moodle\PostToMoodleOptions.cs
FN:4,AdLerBackend.Infrastructure.Moodle.PostToMoodleOptions/Endpoints AdLerBackend.Infrastructure.Moodle.PostToMoodleOptions::get_Endpoint()
FNDA:0,AdLerBackend.Infrastructure.Moodle.PostToMoodleOptions/Endpoints AdLerBackend.Infrastructure.Moodle.PostToMoodleOptions::get_Endpoint()
DA:5,0
LF:1
LH:0
BRF:0
BRH:0
FNF:1
FNH:0
end_of_record
SF:D:\Projects\AdLer\AdLerBackend\AdLerBackend.Infrastructure\Moodle\ApiResponses\AdaptivityModuleAnsweredResponse.cs
FN:4,AdLerBackend.Infrastructure.Moodle.ApiResponses.AdaptivityModuleAnsweredResponse/AdaptivityModuleInfo AdLerBackend.Infrastructure.Moodle.ApiResponses.AdaptivityModuleAnsweredResponse::get_Module()
FNDA:0,AdLerBackend.Infrastructure.Moodle.ApiResponses.AdaptivityModuleAnsweredResponse/AdaptivityModuleInfo AdLerBackend.Infrastructure.Moodle.ApiResponses.AdaptivityModuleAnsweredResponse::get_Module()
DA:5,0
FN:5,System.Collections.Generic.IList`1<AdLerBackend.Infrastructure.Moodle.ApiResponses.MoodleTaskResponse> AdLerBackend.Infrastructure.Moodle.ApiResponses.AdaptivityModuleAnsweredResponse::get_Tasks()
FNDA:0,System.Collections.Generic.IList`1<AdLerBackend.Infrastructure.Moodle.ApiResponses.MoodleTaskResponse> AdLerBackend.Infrastructure.Moodle.ApiResponses.AdaptivityModuleAnsweredResponse::get_Tasks()
DA:6,0
FN:6,System.Collections.Generic.IList`1<AdLerBackend.Infrastructure.Moodle.ApiResponses.PluginQuestionsDetailResponse/PluginAdaptivityQuestion> AdLerBackend.Infrastructure.Moodle.ApiResponses.AdaptivityModuleAnsweredResponse::get_Questions()
FNDA:0,System.Collections.Generic.IList`1<AdLerBackend.Infrastructure.Moodle.ApiResponses.PluginQuestionsDetailResponse/PluginAdaptivityQuestion> AdLerBackend.Infrastructure.Moodle.ApiResponses.AdaptivityModuleAnsweredResponse::get_Questions()
DA:7,0
FN:10,System.String AdLerBackend.Infrastructure.Moodle.ApiResponses.AdaptivityModuleAnsweredResponse/AdaptivityModuleInfo::get_Status()
FNDA:0,System.String AdLerBackend.Infrastructure.Moodle.ApiResponses.AdaptivityModuleAnsweredResponse/AdaptivityModuleInfo::get_Status()
DA:11,0
LF:4
LH:0
BRF:0
BRH:0
FNF:4
FNH:0
end_of_record
SF:D:\Projects\AdLer\AdLerBackend\AdLerBackend.Infrastructure\Moodle\ApiResponses\CourseDeletionWarningsResponse.cs
FN:4,System.String AdLerBackend.Infrastructure.Moodle.ApiResponses.CourseDeletionWarningsResponse::get_Item()
FNDA:0,System.String AdLerBackend.Infrastructure.Moodle.ApiResponses.CourseDeletionWarningsResponse::get_Item()
DA:5,0
FN:5,System.Int32 AdLerBackend.Infrastructure.Moodle.ApiResponses.CourseDeletionWarningsResponse::get_Itemid()
FNDA:0,System.Int32 AdLerBackend.Infrastructure.Moodle.ApiResponses.CourseDeletionWarningsResponse::get_Itemid()
DA:6,0
FN:6,System.String AdLerBackend.Infrastructure.Moodle.ApiResponses.CourseDeletionWarningsResponse::get_Warningcode()
FNDA:0,System.String AdLerBackend.Infrastructure.Moodle.ApiResponses.CourseDeletionWarningsResponse::get_Warningcode()
DA:7,0
FN:7,System.String AdLerBackend.Infrastructure.Moodle.ApiResponses.CourseDeletionWarningsResponse::get_Message()
FNDA:0,System.String AdLerBackend.Infrastructure.Moodle.ApiResponses.CourseDeletionWarningsResponse::get_Message()
DA:8,0
LF:4
LH:0
BRF:0
BRH:0
FNF:4
FNH:0
end_of_record
SF:D:\Projects\AdLer\AdLerBackend\AdLerBackend.Infrastructure\Moodle\ApiResponses\DetailedUserDataResponse.cs
FN:4,System.String AdLerBackend.Infrastructure.Moodle.ApiResponses.DetailedUserDataResponse::get_Email()
FNDA:0,System.String AdLerBackend.Infrastructure.Moodle.ApiResponses.DetailedUserDataResponse::get_Email()
DA:5,0
LF:1
LH:0
BRF:0
BRH:0
FNF:1
FNH:0
end_of_record
SF:D:\Projects\AdLer\AdLerBackend\AdLerBackend.Infrastructure\Moodle\ApiResponses\GeneralUserDataResponse.cs
FN:4,System.String AdLerBackend.Infrastructure.Moodle.ApiResponses.GeneralUserDataResponse::get_Username()
FNDA:0,System.String AdLerBackend.Infrastructure.Moodle.ApiResponses.GeneralUserDataResponse::get_Username()
DA:5,0
FN:5,System.Int32 AdLerBackend.Infrastructure.Moodle.ApiResponses.GeneralUserDataResponse::get_Userid()
FNDA:0,System.Int32 AdLerBackend.Infrastructure.Moodle.ApiResponses.GeneralUserDataResponse::get_Userid()
DA:6,0
LF:2
LH:0
BRF:0
BRH:0
FNF:2
FNH:0
end_of_record
SF:D:\Projects\AdLer\AdLerBackend\AdLerBackend.Infrastructure\Moodle\ApiResponses\MoodleWsErrorResponse.cs
FN:4,System.String AdLerBackend.Infrastructure.Moodle.ApiResponses.MoodleWsErrorResponse::get_ErrorCode()
FNDA:0,System.String AdLerBackend.Infrastructure.Moodle.ApiResponses.MoodleWsErrorResponse::get_ErrorCode()
DA:5,0
LF:1
LH:0
BRF:0
BRH:0
FNF:1
FNH:0
end_of_record
SF:D:\Projects\AdLer\AdLerBackend\AdLerBackend.Infrastructure\Moodle\ApiResponses\PluginCourseCreationResponse.cs
FN:4,System.Int32 AdLerBackend.Infrastructure.Moodle.ApiResponses.PluginCourseCreationResponse::get_Course_Id()
FNDA:0,System.Int32 AdLerBackend.Infrastructure.Moodle.ApiResponses.PluginCourseCreationResponse::get_Course_Id()
DA:5,0
FN:5,System.String AdLerBackend.Infrastructure.Moodle.ApiResponses.PluginCourseCreationResponse::get_Course_Fullname()
FNDA:0,System.String AdLerBackend.Infrastructure.Moodle.ApiResponses.PluginCourseCreationResponse::get_Course_Fullname()
DA:6,0
LF:2
LH:0
BRF:0
BRH:0
FNF:2
FNH:0
end_of_record
SF:D:\Projects\AdLer\AdLerBackend\AdLerBackend.Infrastructure\Moodle\ApiResponses\PluginElementScoreData.cs
FN:4,System.Int32 AdLerBackend.Infrastructure.Moodle.ApiResponses.PluginElementScoreData::get_Module_id()
FNDA:0,System.Int32 AdLerBackend.Infrastructure.Moodle.ApiResponses.PluginElementScoreData::get_Module_id()
DA:5,0
FN:5,System.Nullable`1<System.Int32> AdLerBackend.Infrastructure.Moodle.ApiResponses.PluginElementScoreData::get_Score()
FNDA:0,System.Nullable`1<System.Int32> AdLerBackend.Infrastructure.Moodle.ApiResponses.PluginElementScoreData::get_Score()
DA:6,0
LF:2
LH:0
BRF:0
BRH:0
FNF:2
FNH:0
end_of_record
SF:D:\Projects\AdLer\AdLerBackend\AdLerBackend.Infrastructure\Moodle\ApiResponses\PluginQuestionsDetailResponse.cs
FN:7,System.Collections.Generic.List`1<AdLerBackend.Infrastructure.Moodle.ApiResponses.PluginQuestionsDetailResponse/PluginAdaptivityQuestion> AdLerBackend.Infrastructure.Moodle.ApiResponses.PluginQuestionsDetailResponse::get_Questions()
FNDA:0,System.Collections.Generic.List`1<AdLerBackend.Infrastructure.Moodle.ApiResponses.PluginQuestionsDetailResponse/PluginAdaptivityQuestion> AdLerBackend.Infrastructure.Moodle.ApiResponses.PluginQuestionsDetailResponse::get_Questions()
DA:8,0
FN:12,System.String AdLerBackend.Infrastructure.Moodle.ApiResponses.PluginQuestionsDetailResponse/PluginAdaptivityQuestion::get_Uuid()
FNDA:0,System.String AdLerBackend.Infrastructure.Moodle.ApiResponses.PluginQuestionsDetailResponse/PluginAdaptivityQuestion::get_Uuid()
DA:13,0
FN:14,System.String AdLerBackend.Infrastructure.Moodle.ApiResponses.PluginQuestionsDetailResponse/PluginAdaptivityQuestion::get_Status()
FNDA:0,System.String AdLerBackend.Infrastructure.Moodle.ApiResponses.PluginQuestionsDetailResponse/PluginAdaptivityQuestion::get_Status()
DA:15,0
FN:15,System.String AdLerBackend.Infrastructure.Moodle.ApiResponses.PluginQuestionsDetailResponse/PluginAdaptivityQuestion::get_Answers()
FNDA:0,System.String AdLerBackend.Infrastructure.Moodle.ApiResponses.PluginQuestionsDetailResponse/PluginAdaptivityQuestion::get_Answers()
DA:16,0
LF:4
LH:0
BRF:0
BRH:0
FNF:4
FNH:0
end_of_record
SF:D:\Projects\AdLer\AdLerBackend\AdLerBackend.Infrastructure\Moodle\ApiResponses\PluginTasksResponse.cs
FN:4,System.Collections.Generic.IList`1<AdLerBackend.Infrastructure.Moodle.ApiResponses.MoodleTaskResponse> AdLerBackend.Infrastructure.Moodle.ApiResponses.PluginTasksResponse::get_Tasks()
FNDA:0,System.Collections.Generic.IList`1<AdLerBackend.Infrastructure.Moodle.ApiResponses.MoodleTaskResponse> AdLerBackend.Infrastructure.Moodle.ApiResponses.PluginTasksResponse::get_Tasks()
DA:5,0
FN:9,System.String AdLerBackend.Infrastructure.Moodle.ApiResponses.MoodleTaskResponse::get_Uuid()
FNDA:0,System.String AdLerBackend.Infrastructure.Moodle.ApiResponses.MoodleTaskResponse::get_Uuid()
DA:10,0
FN:10,System.String AdLerBackend.Infrastructure.Moodle.ApiResponses.MoodleTaskResponse::get_Status()
FNDA:0,System.String AdLerBackend.Infrastructure.Moodle.ApiResponses.MoodleTaskResponse::get_Status()
DA:11,0
LF:3
LH:0
BRF:0
BRH:0
FNF:3
FNH:0
end_of_record
SF:D:\Projects\AdLer\AdLerBackend\AdLerBackend.Infrastructure\Moodle\ApiResponses\PluginUUIDResponse.cs
FN:6,System.String AdLerBackend.Infrastructure.Moodle.ApiResponses.PluginUUIDResponse::get_CourseId()
FNDA:0,System.String AdLerBackend.Infrastructure.Moodle.ApiResponses.PluginUUIDResponse::get_CourseId()
DA:7,0
FN:8,System.String AdLerBackend.Infrastructure.Moodle.ApiResponses.PluginUUIDResponse::get_ElementType()
FNDA:0,System.String AdLerBackend.Infrastructure.Moodle.ApiResponses.PluginUUIDResponse::get_ElementType()
DA:9,0
FN:10,System.Guid AdLerBackend.Infrastructure.Moodle.ApiResponses.PluginUUIDResponse::get_Uuid()
FNDA:0,System.Guid AdLerBackend.Infrastructure.Moodle.ApiResponses.PluginUUIDResponse::get_Uuid()
DA:11,0
FN:12,System.Int32 AdLerBackend.Infrastructure.Moodle.ApiResponses.PluginUUIDResponse::get_MoodleId()
FNDA:0,System.Int32 AdLerBackend.Infrastructure.Moodle.ApiResponses.PluginUUIDResponse::get_MoodleId()
DA:13,0
FN:14,System.Int32 AdLerBackend.Infrastructure.Moodle.ApiResponses.PluginUUIDResponse::get_ContextId()
FNDA:0,System.Int32 AdLerBackend.Infrastructure.Moodle.ApiResponses.PluginUUIDResponse::get_ContextId()
DA:15,0
LF:5
LH:0
BRF:0
BRH:0
FNF:5
FNH:0
end_of_record
SF:D:\Projects\AdLer\AdLerBackend\AdLerBackend.Infrastructure\Moodle\ApiResponses\ResponseWithData.cs
FN:4,T AdLerBackend.Infrastructure.Moodle.ApiResponses.ResponseWithData`1::get_Data()
FNDA:0,T AdLerBackend.Infrastructure.Moodle.ApiResponses.ResponseWithData`1::get_Data()
DA:5,0
LF:1
LH:0
BRF:0
BRH:0
FNF:1
FNH:0
end_of_record
SF:D:\Projects\AdLer\AdLerBackend\AdLerBackend.Infrastructure\Moodle\ApiResponses\ResponseWithDataArray.cs
FN:4,System.Collections.Generic.IList`1<T> AdLerBackend.Infrastructure.Moodle.ApiResponses.ResponseWithDataArray`1::get_Data()
FNDA:0,System.Collections.Generic.IList`1<T> AdLerBackend.Infrastructure.Moodle.ApiResponses.ResponseWithDataArray`1::get_Data()
DA:5,0
LF:1
LH:0
BRF:0
BRH:0
FNF:1
FNH:0
end_of_record
SF:D:\Projects\AdLer\AdLerBackend\AdLerBackend.Infrastructure\Moodle\ApiResponses\ScoreGenericLearningElementResponse.cs
FN:4,System.Boolean AdLerBackend.Infrastructure.Moodle.ApiResponses.ScoreGenericLearningElementResponse::get_Status()
FNDA:0,System.Boolean AdLerBackend.Infrastructure.Moodle.ApiResponses.ScoreGenericLearningElementResponse::get_Status()
DA:5,0
LF:1
LH:0
BRF:0
BRH:0
FNF:1
FNH:0
end_of_record
SF:D:\Projects\AdLer\AdLerBackend\AdLerBackend.Infrastructure\Moodle\ApiResponses\UserTokenResponse.cs
FN:4,System.String AdLerBackend.Infrastructure.Moodle.ApiResponses.UserTokenResponse::get_Token()
FNDA:0,System.String AdLerBackend.Infrastructure.Moodle.ApiResponses.UserTokenResponse::get_Token()
DA:5,0
LF:1
LH:0
BRF:0
BRH:0
FNF:1
FNH:0
end_of_record
SF:D:\Projects\AdLer\AdLerBackend\AdLerBackend.Infrastructure\LmsBackup\FileDescription.cs
FN:10,System.String AdLerBackend.Infrastructure.LmsBackup.File::get_Contenthash()
FNDA:0,System.String AdLerBackend.Infrastructure.LmsBackup.File::get_Contenthash()
DA:11,0
FN:13,System.String AdLerBackend.Infrastructure.LmsBackup.File::get_Component()
FNDA:0,System.String AdLerBackend.Infrastructure.LmsBackup.File::get_Component()
DA:14,0
FN:15,System.String AdLerBackend.Infrastructure.LmsBackup.File::get_Filename()
FNDA:0,System.String AdLerBackend.Infrastructure.LmsBackup.File::get_Filename()
DA:16,0
FN:18,System.String AdLerBackend.Infrastructure.LmsBackup.File::get_ElementUuid()
FNDA:0,System.String AdLerBackend.Infrastructure.LmsBackup.File::get_ElementUuid()
DA:19,0
FN:24,System.Collections.Generic.List`1<AdLerBackend.Infrastructure.LmsBackup.File> AdLerBackend.Infrastructure.LmsBackup.Files::get_File()
FNDA:0,System.Collections.Generic.List`1<AdLerBackend.Infrastructure.LmsBackup.File> AdLerBackend.Infrastructure.LmsBackup.Files::get_File()
DA:25,0
LF:5
LH:0
BRF:0
BRH:0
FNF:5
FNH:0
end_of_record
SF:D:\Projects\AdLer\AdLerBackend\AdLerBackend.Infrastructure\LmsBackup\LmsBackupProcessor.cs
FN:16,System.Collections.Generic.IList`1<AdLerBackend.Application.Common.DTOs.H5PDto> AdLerBackend.Infrastructure.LmsBackup.LmsBackupProcessor::GetH5PFilesFromBackup(System.IO.Stream)
FNDA:0,System.Collections.Generic.IList`1<AdLerBackend.Application.Common.DTOs.H5PDto> AdLerBackend.Infrastructure.LmsBackup.LmsBackupProcessor::GetH5PFilesFromBackup(System.IO.Stream)
DA:17,0
DA:18,0
DA:19,0
DA:21,0
DA:22,0
DA:23,0
DA:24,0
DA:25,0
DA:26,0
DA:27,0
FN:29,AdLerBackend.Application.Common.Responses.World.WorldAtfResponse AdLerBackend.Infrastructure.LmsBackup.LmsBackupProcessor::GetWorldDescriptionFromBackup(System.IO.Stream)
FNDA:0,AdLerBackend.Application.Common.Responses.World.WorldAtfResponse AdLerBackend.Infrastructure.LmsBackup.LmsBackupProcessor::GetWorldDescriptionFromBackup(System.IO.Stream)
DA:30,0
DA:31,0
DA:33,0
DA:34,0
DA:35,0
DA:36,0
DA:38,0
DA:39,0
BRDA:33,30,0,0
BRDA:33,30,1,0
FN:41,System.Collections.Generic.List`1<AdLerBackend.Infrastructure.LmsBackup.LmsBackupProcessor/H5PFile> AdLerBackend.Infrastructure.LmsBackup.LmsBackupProcessor::GetH5PFilesFromBackup(System.IO.Stream,AdLerBackend.Infrastructure.LmsBackup.Files)
FNDA:0,System.Collections.Generic.List`1<AdLerBackend.Infrastructure.LmsBackup.LmsBackupProcessor/H5PFile> AdLerBackend.Infrastructure.LmsBackup.LmsBackupProcessor::GetH5PFilesFromBackup(System.IO.Stream,AdLerBackend.Infrastructure.LmsBackup.Files)
DA:42,0
DA:43,0
DA:44,0
DA:45,0
DA:46,0
DA:48,0
DA:49,0
DA:50,0
DA:51,0
DA:52,0
DA:53,0
DA:54,0
DA:55,0
DA:56,0
DA:57,0
DA:59,0
DA:60,0
BRDA:44,289,1,0
BRDA:45,65,0,0
BRDA:45,65,1,0
BRDA:45,93,0,0
BRDA:48,121,1,0
BRDA:45,93,1,0
BRDA:48,121,0,0
BRDA:44,289,0,0
FN:62,T AdLerBackend.Infrastructure.LmsBackup.LmsBackupProcessor::DeserializeToObject(System.IO.Stream)
FNDA:0,T AdLerBackend.Infrastructure.LmsBackup.LmsBackupProcessor::DeserializeToObject(System.IO.Stream)
DA:63,0
DA:65,0
DA:66,0
DA:67,0
DA:69,0
DA:71,0
DA:73,0
DA:74,0
DA:75,0
DA:77,0
BRDA:69,45,0,0
BRDA:69,45,1,0
FN:79,System.IO.Stream AdLerBackend.Infrastructure.LmsBackup.LmsBackupProcessor::GetFileDescriptionFromTarStream(System.IO.Stream,System.String)
FNDA:0,System.IO.Stream AdLerBackend.Infrastructure.LmsBackup.LmsBackupProcessor::GetFileDescriptionFromTarStream(System.IO.Stream,System.String)
DA:80,0
DA:81,0
DA:82,0
DA:83,0
DA:84,0
DA:85,0
DA:86,0
DA:87,0
DA:88,0
DA:91,0
DA:92,0
BRDA:83,37,1,0
BRDA:82,21,0,0
BRDA:83,37,0,0
BRDA:82,21,1,0
FN:94,ICSharpCode.SharpZipLib.Tar.TarInputStream AdLerBackend.Infrastructure.LmsBackup.LmsBackupProcessor::GetTarInputStream(System.IO.Stream)
FNDA:0,ICSharpCode.SharpZipLib.Tar.TarInputStream AdLerBackend.Infrastructure.LmsBackup.LmsBackupProcessor::GetTarInputStream(System.IO.Stream)
DA:95,0
DA:96,0
DA:97,0
DA:99,0
DA:100,0
FN:103,System.IO.Stream AdLerBackend.Infrastructure.LmsBackup.LmsBackupProcessor/H5PFile::get_FileStream()
FNDA:0,System.IO.Stream AdLerBackend.Infrastructure.LmsBackup.LmsBackupProcessor/H5PFile::get_FileStream()
DA:104,0
FN:104,System.String AdLerBackend.Infrastructure.LmsBackup.LmsBackupProcessor/H5PFile::get_Uuid()
FNDA:0,System.String AdLerBackend.Infrastructure.LmsBackup.LmsBackupProcessor/H5PFile::get_Uuid()
DA:105,0
FN:105,System.String AdLerBackend.Infrastructure.LmsBackup.LmsBackupProcessor/H5PFile::get_ContentHash()
FNDA:0,System.String AdLerBackend.Infrastructure.LmsBackup.LmsBackupProcessor/H5PFile::get_ContentHash()
DA:106,0
LF:64
LH:0
BRF:16
BRH:0
FNF:9
FNH:0
end_of_record