SF:D:\Projects\AdLer\AdLerBackend\AdLerBackend.Domain\Entities\H5PLocationEntity.cs
FN:25,System.String AdLerBackend.Domain.Entities.H5PLocationEntity::get_Path()
FNDA:5,System.String AdLerBackend.Domain.Entities.H5PLocationEntity::get_Path()
DA:26,5
FN:26,System.Nullable`1<System.Int32> AdLerBackend.Domain.Entities.H5PLocationEntity::get_ElementId()
FNDA:5,System.Nullable`1<System.Int32> AdLerBackend.Domain.Entities.H5PLocationEntity::get_ElementId()
DA:27,5
FN:27,System.Nullable`1<System.Int32> AdLerBackend.Domain.Entities.H5PLocationEntity::get_Id()
FNDA:5,System.Nullable`1<System.Int32> AdLerBackend.Domain.Entities.H5PLocationEntity::get_Id()
DA:28,5
FN:11,System.Void AdLerBackend.Domain.Entities.H5PLocationEntity::.ctor()
FNDA:1,System.Void AdLerBackend.Domain.Entities.H5PLocationEntity::.ctor()
DA:12,1
DA:13,1
DA:14,1
DA:15,1
DA:16,1
DA:17,1
FN:18,System.Void AdLerBackend.Domain.Entities.H5PLocationEntity::.ctor(System.String,System.Nullable`1<System.Int32>,System.Nullable`1<System.Int32>)
FNDA:2,System.Void AdLerBackend.Domain.Entities.H5PLocationEntity::.ctor(System.String,System.Nullable`1<System.Int32>,System.Nullable`1<System.Int32>)
DA:19,2
DA:20,2
DA:21,2
DA:22,2
DA:23,2
DA:24,2
LF:15
LH:15
BRF:0
BRH:0
FNF:5
FNH:5
end_of_record
SF:D:\Projects\AdLer\AdLerBackend\AdLerBackend.Domain\Entities\WorldEntity.cs
FN:36,System.String AdLerBackend.Domain.Entities.WorldEntity::get_Name()
FNDA:6,System.String AdLerBackend.Domain.Entities.WorldEntity::get_Name()
DA:37,6
FN:37,System.Int32 AdLerBackend.Domain.Entities.WorldEntity::get_LmsWorldId()
FNDA:4,System.Int32 AdLerBackend.Domain.Entities.WorldEntity::get_LmsWorldId()
DA:38,4
FN:38,System.Collections.Generic.List`1<AdLerBackend.Domain.Entities.H5PLocationEntity> AdLerBackend.Domain.Entities.WorldEntity::get_H5PFilesInCourse()
FNDA:6,System.Collections.Generic.List`1<AdLerBackend.Domain.Entities.H5PLocationEntity> AdLerBackend.Domain.Entities.WorldEntity::get_H5PFilesInCourse()
DA:39,6
FN:40,System.Int32 AdLerBackend.Domain.Entities.WorldEntity::get_AuthorId()
FNDA:3,System.Int32 AdLerBackend.Domain.Entities.WorldEntity::get_AuthorId()
DA:41,3
FN:43,System.String AdLerBackend.Domain.Entities.WorldEntity::get_AtfJson()
FNDA:3,System.String AdLerBackend.Domain.Entities.WorldEntity::get_AtfJson()
DA:44,3
FN:44,System.Nullable`1<System.Int32> AdLerBackend.Domain.Entities.WorldEntity::get_Id()
FNDA:6,System.Nullable`1<System.Int32> AdLerBackend.Domain.Entities.WorldEntity::get_Id()
DA:45,6
FN:12,System.Void AdLerBackend.Domain.Entities.WorldEntity::.ctor()
FNDA:2,System.Void AdLerBackend.Domain.Entities.WorldEntity::.ctor()
DA:13,2
DA:14,2
DA:16,2
DA:17,2
DA:18,2
DA:19,2
DA:20,2
DA:21,2
DA:22,2
FN:24,System.Void AdLerBackend.Domain.Entities.WorldEntity::.ctor(System.String,System.Collections.Generic.List`1<AdLerBackend.Domain.Entities.H5PLocationEntity>,System.Int32,System.String,System.Int32,System.Nullable`1<System.Int32>)
FNDA:1,System.Void AdLerBackend.Domain.Entities.WorldEntity::.ctor(System.String,System.Collections.Generic.List`1<AdLerBackend.Domain.Entities.H5PLocationEntity>,System.Int32,System.String,System.Int32,System.Nullable`1<System.Int32>)
DA:25,1
DA:26,1
DA:27,1
DA:28,1
DA:29,1
DA:30,1
DA:31,1
DA:32,1
DA:33,1
DA:34,1
DA:35,1
LF:26
LH:26
BRF:0
BRH:0
FNF:8
FNH:8
end_of_record
SF:D:\Projects\AdLer\AdLerBackend\AdLerBackend.Domain\Entities\PlayerData\PlayerData.cs
FN:29,AdLerBackend.Domain.Entities.PlayerData.PlayerAvatarGender AdLerBackend.Domain.Entities.PlayerData.PlayerData::get_PlayerGender()
FNDA:4,AdLerBackend.Domain.Entities.PlayerData.PlayerAvatarGender AdLerBackend.Domain.Entities.PlayerData.PlayerData::get_PlayerGender()
DA:30,4
FN:30,AdLerBackend.Domain.Entities.PlayerData.PlayerWorldColor AdLerBackend.Domain.Entities.PlayerData.PlayerData::get_PlayerWorldColor()
FNDA:4,AdLerBackend.Domain.Entities.PlayerData.PlayerWorldColor AdLerBackend.Domain.Entities.PlayerData.PlayerData::get_PlayerWorldColor()
DA:31,4
FN:31,System.Nullable`1<System.Int32> AdLerBackend.Domain.Entities.PlayerData.PlayerData::get_Id()
FNDA:4,System.Nullable`1<System.Int32> AdLerBackend.Domain.Entities.PlayerData.PlayerData::get_Id()
DA:32,4
FN:13,System.Void AdLerBackend.Domain.Entities.PlayerData.PlayerData::.ctor()
FNDA:1,System.Void AdLerBackend.Domain.Entities.PlayerData.PlayerData::.ctor()
DA:14,1
DA:15,1
DA:17,1
DA:18,1
DA:19,1
DA:20,1
FN:21,System.Void AdLerBackend.Domain.Entities.PlayerData.PlayerData::.ctor(AdLerBackend.Domain.Entities.PlayerData.PlayerAvatarGender,AdLerBackend.Domain.Entities.PlayerData.PlayerWorldColor,System.Nullable`1<System.Int32>)
FNDA:1,System.Void AdLerBackend.Domain.Entities.PlayerData.PlayerData::.ctor(AdLerBackend.Domain.Entities.PlayerData.PlayerAvatarGender,AdLerBackend.Domain.Entities.PlayerData.PlayerWorldColor,System.Nullable`1<System.Int32>)
DA:22,1
DA:23,1
DA:24,1
DA:25,1
DA:26,1
DA:27,1
DA:28,1
LF:16
LH:16
BRF:0
BRH:0
FNF:5
FNH:5
end_of_record