SF:D:\Projects\AdLer\AdLerBackend\AdLerBackend.Application\World\WorldManagement\UploadWorld\UploadWorldCommand.cs
FN:8,System.IO.Stream AdLerBackend.Application.World.WorldManagement.UploadWorld.UploadWorldCommand::get_BackupFileStream()
FNDA:0,System.IO.Stream AdLerBackend.Application.World.WorldManagement.UploadWorld.UploadWorldCommand::get_BackupFileStream()
DA:9,0
FN:9,System.IO.Stream AdLerBackend.Application.World.WorldManagement.UploadWorld.UploadWorldCommand::get_ATFFileStream()
FNDA:0,System.IO.Stream AdLerBackend.Application.World.WorldManagement.UploadWorld.UploadWorldCommand::get_ATFFileStream()
DA:10,0
FN:6,System.Void AdLerBackend.Application.World.WorldManagement.UploadWorld.UploadWorldCommand::.ctor(AdLerBackend.Application.World.WorldManagement.UploadWorld.UploadWorldCommand)
FNDA:0,System.Void AdLerBackend.Application.World.WorldManagement.UploadWorld.UploadWorldCommand::.ctor(AdLerBackend.Application.World.WorldManagement.UploadWorld.UploadWorldCommand)
DA:7,0
LF:3
LH:0
BRF:0
BRH:0
FNF:3
FNH:0
end_of_record
SF:D:\Projects\AdLer\AdLerBackend\AdLerBackend.Application\World\WorldManagement\UploadWorld\UploadWorldUseCase.cs
FN:103,System.Collections.Generic.Dictionary`2<System.String,System.String> AdLerBackend.Application.World.WorldManagement.UploadWorld.UploadWorldUseCase::StoreH5PFiles(AdLerBackend.Application.Common.Responses.World.WorldAtfResponse,System.Int32,System.IO.Stream)
FNDA:0,System.Collections.Generic.Dictionary`2<System.String,System.String> AdLerBackend.Application.World.WorldManagement.UploadWorld.UploadWorldUseCase::StoreH5PFiles(AdLerBackend.Application.Common.Responses.World.WorldAtfResponse,System.Int32,System.IO.Stream)
DA:104,0
DA:105,0
DA:106,0
DA:108,0
DA:110,0
DA:111,0
DA:112,0
DA:113,0
DA:114,0
DA:115,0
BRDA:105,50,0,0
BRDA:105,50,1,0
FN:23,System.Void AdLerBackend.Application.World.WorldManagement.UploadWorld.UploadWorldUseCase::.ctor(AdLerBackend.Application.Common.Interfaces.ILmsBackupProcessor,MediatR.IMediator,AdLerBackend.Application.Common.Interfaces.IFileAccess,AdLerBackend.Application.Common.Interfaces.IWorldRepository,AdLerBackend.Application.Common.Interfaces.ISerialization,AdLerBackend.Application.Common.Interfaces.ILMS,Microsoft.Extensions.Options.IOptions`1<AdLerBackend.Application.Configuration.BackendConfig>)
FNDA:0,System.Void AdLerBackend.Application.World.WorldManagement.UploadWorld.UploadWorldUseCase::.ctor(AdLerBackend.Application.Common.Interfaces.ILmsBackupProcessor,MediatR.IMediator,AdLerBackend.Application.Common.Interfaces.IFileAccess,AdLerBackend.Application.Common.Interfaces.IWorldRepository,AdLerBackend.Application.Common.Interfaces.ISerialization,AdLerBackend.Application.Common.Interfaces.ILMS,Microsoft.Extensions.Options.IOptions`1<AdLerBackend.Application.Configuration.BackendConfig>)
DA:24,0
DA:25,0
DA:26,0
DA:27,0
DA:28,0
DA:29,0
DA:30,0
DA:31,0
DA:32,0
DA:33,0
DA:35,0
DA:36,0
FN:50,System.String AdLerBackend.Application.World.WorldManagement.UploadWorld.UploadWorldUseCase/<>c::<Handle>b__8_3(System.String,System.ComponentModel.DataAnnotations.ValidationResult)
FNDA:0,System.String AdLerBackend.Application.World.WorldManagement.UploadWorld.UploadWorldUseCase/<>c::<Handle>b__8_3(System.String,System.ComponentModel.DataAnnotations.ValidationResult)
DA:51,0
FN:62,<>f__AnonymousType1`2<System.Collections.Generic.KeyValuePair`2<System.String,System.String>,System.Guid> AdLerBackend.Application.World.WorldManagement.UploadWorld.UploadWorldUseCase/<>c::<Handle>b__8_0(System.Collections.Generic.KeyValuePair`2<System.String,System.String>)
FNDA:0,<>f__AnonymousType1`2<System.Collections.Generic.KeyValuePair`2<System.String,System.String>,System.Guid> AdLerBackend.Application.World.WorldManagement.UploadWorld.UploadWorldUseCase/<>c::<Handle>b__8_0(System.Collections.Generic.KeyValuePair`2<System.String,System.String>)
DA:63,0
FN:64,AdLerBackend.Domain.Entities.H5PLocationEntity AdLerBackend.Application.World.WorldManagement.UploadWorld.UploadWorldUseCase/<>c::<Handle>b__8_2(<>f__AnonymousType2`2<<>f__AnonymousType1`2<System.Collections.Generic.KeyValuePair`2<System.String,System.String>,System.Guid>,AdLerBackend.Application.Common.Responses.World.BaseElement>)
FNDA:0,AdLerBackend.Domain.Entities.H5PLocationEntity AdLerBackend.Application.World.WorldManagement.UploadWorld.UploadWorldUseCase/<>c::<Handle>b__8_2(<>f__AnonymousType2`2<<>f__AnonymousType1`2<System.Collections.Generic.KeyValuePair`2<System.String,System.String>,System.Guid>,AdLerBackend.Application.Common.Responses.World.BaseElement>)
DA:65,0
FN:63,<>f__AnonymousType2`2<<>f__AnonymousType1`2<System.Collections.Generic.KeyValuePair`2<System.String,System.String>,System.Guid>,AdLerBackend.Application.Common.Responses.World.BaseElement> AdLerBackend.Application.World.WorldManagement.UploadWorld.UploadWorldUseCase/<>c__DisplayClass8_0::<Handle>b__1(<>f__AnonymousType1`2<System.Collections.Generic.KeyValuePair`2<System.String,System.String>,System.Guid>)
FNDA:0,<>f__AnonymousType2`2<<>f__AnonymousType1`2<System.Collections.Generic.KeyValuePair`2<System.String,System.String>,System.Guid>,AdLerBackend.Application.Common.Responses.World.BaseElement> AdLerBackend.Application.World.WorldManagement.UploadWorld.UploadWorldUseCase/<>c__DisplayClass8_0::<Handle>b__1(<>f__AnonymousType1`2<System.Collections.Generic.KeyValuePair`2<System.String,System.String>,System.Guid>)
DA:64,0
FN:92,System.Void AdLerBackend.Application.World.WorldManagement.UploadWorld.UploadWorldUseCase/<GetUserDataFromLms>d__9::MoveNext()
FNDA:0,System.Void AdLerBackend.Application.World.WorldManagement.UploadWorld.UploadWorldUseCase/<GetUserDataFromLms>d__9::MoveNext()
DA:93,0
DA:94,0
DA:95,0
DA:96,0
DA:97,0
DA:98,0
DA:99,0
FN:38,System.Void AdLerBackend.Application.World.WorldManagement.UploadWorld.UploadWorldUseCase/<Handle>d__8::MoveNext()
FNDA:0,System.Void AdLerBackend.Application.World.WorldManagement.UploadWorld.UploadWorldUseCase/<Handle>d__8::MoveNext()
DA:39,0
DA:40,0
DA:42,0
DA:45,0
DA:46,0
DA:47,0
DA:49,0
DA:50,0
DA:52,0
DA:56,0
DA:57,0
DA:59,0
DA:60,0
DA:62,0
DA:66,0
DA:69,0
DA:71,0
DA:72,0
DA:73,0
DA:74,0
DA:75,0
DA:76,0
DA:77,0
DA:79,0
DA:81,0
DA:82,0
DA:83,0
DA:84,0
DA:85,0
DA:86,0
DA:87,0
DA:88,0
DA:89,0
BRDA:49,307,0,0
BRDA:49,307,1,0
BRDA:81,979,0,0
BRDA:81,979,1,0
LF:66
LH:0
BRF:6
BRH:0
FNF:8
FNH:0
end_of_record
SF:D:\Projects\AdLer\AdLerBackend\AdLerBackend.Application\World\WorldManagement\DeleteWorld\DeleteWorldCommand.cs
FN:6,System.Int32 AdLerBackend.Application.World.WorldManagement.DeleteWorld.DeleteWorldCommand::get_WorldId()
FNDA:0,System.Int32 AdLerBackend.Application.World.WorldManagement.DeleteWorld.DeleteWorldCommand::get_WorldId()
DA:7,0
FN:4,System.Void AdLerBackend.Application.World.WorldManagement.DeleteWorld.DeleteWorldCommand::.ctor(AdLerBackend.Application.World.WorldManagement.DeleteWorld.DeleteWorldCommand)
FNDA:0,System.Void AdLerBackend.Application.World.WorldManagement.DeleteWorld.DeleteWorldCommand::.ctor(AdLerBackend.Application.World.WorldManagement.DeleteWorld.DeleteWorldCommand)
DA:5,0
LF:2
LH:0
BRF:0
BRH:0
FNF:2
FNH:0
end_of_record
SF:D:\Projects\AdLer\AdLerBackend\AdLerBackend.Application\World\WorldManagement\DeleteWorld\DeleteWorldUseCase.cs
FN:15,System.Void AdLerBackend.Application.World.WorldManagement.DeleteWorld.DeleteWorldUseCase::.ctor(AdLerBackend.Application.Common.Interfaces.IWorldRepository,AdLerBackend.Application.Common.Interfaces.IFileAccess,MediatR.IMediator,AdLerBackend.Application.Common.Interfaces.ILMS)
FNDA:0,System.Void AdLerBackend.Application.World.WorldManagement.DeleteWorld.DeleteWorldUseCase::.ctor(AdLerBackend.Application.Common.Interfaces.IWorldRepository,AdLerBackend.Application.Common.Interfaces.IFileAccess,MediatR.IMediator,AdLerBackend.Application.Common.Interfaces.ILMS)
DA:16,0
DA:17,0
DA:18,0
DA:19,0
DA:20,0
DA:21,0
DA:22,0
DA:23,0
FN:25,System.Void AdLerBackend.Application.World.WorldManagement.DeleteWorld.DeleteWorldUseCase/<Handle>d__5::MoveNext()
FNDA:0,System.Void AdLerBackend.Application.World.WorldManagement.DeleteWorld.DeleteWorldUseCase/<Handle>d__5::MoveNext()
DA:26,0
DA:27,0
DA:28,0
DA:29,0
DA:30,0
DA:33,0
DA:35,0
DA:36,0
DA:39,0
DA:40,0
DA:43,0
DA:45,0
DA:46,0
DA:47,0
DA:48,0
DA:50,0
DA:52,0
DA:53,0
BRDA:35,365,0,0
BRDA:35,365,1,0
BRDA:39,439,0,0
BRDA:39,439,1,0
LF:26
LH:0
BRF:4
BRH:0
FNF:2
FNH:0
end_of_record
SF:D:\Projects\AdLer\AdLerBackend\AdLerBackend.Application\World\GetWorldStatus\GetWorldStatusCommand.cs
FN:7,System.Int32 AdLerBackend.Application.World.GetWorldStatus.GetWorldStatusCommand::get_WorldId()
FNDA:0,System.Int32 AdLerBackend.Application.World.GetWorldStatus.GetWorldStatusCommand::get_WorldId()
DA:8,0
FN:5,System.Void AdLerBackend.Application.World.GetWorldStatus.GetWorldStatusCommand::.ctor(AdLerBackend.Application.World.GetWorldStatus.GetWorldStatusCommand)
FNDA:0,System.Void AdLerBackend.Application.World.GetWorldStatus.GetWorldStatusCommand::.ctor(AdLerBackend.Application.World.GetWorldStatus.GetWorldStatusCommand)
DA:6,0
LF:2
LH:0
BRF:0
BRH:0
FNF:2
FNH:0
end_of_record
SF:D:\Projects\AdLer\AdLerBackend\AdLerBackend.Application\World\GetWorldStatus\GetWorldStatusUseCase.cs
FN:14,System.Void AdLerBackend.Application.World.GetWorldStatus.GetWorldStatusUseCase::.ctor(MediatR.IMediator,AdLerBackend.Application.Common.Interfaces.ILMS)
FNDA:0,System.Void AdLerBackend.Application.World.GetWorldStatus.GetWorldStatusUseCase::.ctor(MediatR.IMediator,AdLerBackend.Application.Common.Interfaces.ILMS)
DA:15,0
DA:16,0
DA:17,0
DA:18,0
DA:19,0
FN:54,System.Boolean AdLerBackend.Application.World.GetWorldStatus.GetWorldStatusUseCase/<>c__DisplayClass3_0::<Handle>b__0(AdLerBackend.Application.Common.Responses.LMSAdapter.LmsElementStatus)
FNDA:0,System.Boolean AdLerBackend.Application.World.GetWorldStatus.GetWorldStatusUseCase/<>c__DisplayClass3_0::<Handle>b__0(AdLerBackend.Application.Common.Responses.LMSAdapter.LmsElementStatus)
DA:55,0
FN:22,System.Void AdLerBackend.Application.World.GetWorldStatus.GetWorldStatusUseCase/<Handle>d__3::MoveNext()
FNDA:0,System.Void AdLerBackend.Application.World.GetWorldStatus.GetWorldStatusUseCase/<Handle>d__3::MoveNext()
DA:23,0
DA:24,0
DA:25,0
DA:26,0
DA:27,0
DA:28,0
DA:32,0
DA:33,0
DA:35,0
DA:36,0
DA:37,0
DA:38,0
DA:39,0
DA:41,0
DA:42,0
DA:44,0
DA:45,0
DA:46,0
DA:47,0
DA:48,0
DA:49,0
DA:50,0
DA:51,0
DA:56,0
DA:57,0
DA:58,0
DA:59,0
DA:60,0
DA:61,0
DA:63,0
DA:64,0
BRDA:41,687,1,0
BRDA:44,481,0,0
BRDA:44,481,1,0
BRDA:56,638,0,0
BRDA:56,638,1,0
BRDA:41,687,0,0
LF:37
LH:0
BRF:6
BRH:0
FNF:3
FNH:0
end_of_record
SF:D:\Projects\AdLer\AdLerBackend\AdLerBackend.Application\World\GetWorldsForUser\GetWorldsForUserCommand.cs
FN:5,System.Void AdLerBackend.Application.World.GetWorldsForUser.GetWorldsForUserCommand::.ctor(AdLerBackend.Application.World.GetWorldsForUser.GetWorldsForUserCommand)
FNDA:0,System.Void AdLerBackend.Application.World.GetWorldsForUser.GetWorldsForUserCommand::.ctor(AdLerBackend.Application.World.GetWorldsForUser.GetWorldsForUserCommand)
DA:6,0
LF:1
LH:0
BRF:0
BRH:0
FNF:1
FNH:0
end_of_record
SF:D:\Projects\AdLer\AdLerBackend\AdLerBackend.Application\World\GetWorldsForUser\GetWorldsForUserUseCase.cs
FN:11,System.Void AdLerBackend.Application.World.GetWorldsForUser.GetWorldsForUserUseCase::.ctor(AdLerBackend.Application.Common.Interfaces.ILMS,AdLerBackend.Application.Common.Interfaces.IWorldRepository)
FNDA:0,System.Void AdLerBackend.Application.World.GetWorldsForUser.GetWorldsForUserUseCase::.ctor(AdLerBackend.Application.Common.Interfaces.ILMS,AdLerBackend.Application.Common.Interfaces.IWorldRepository)
DA:12,0
DA:13,0
DA:14,0
DA:15,0
DA:16,0
FN:22,System.Int32 AdLerBackend.Application.World.GetWorldsForUser.GetWorldsForUserUseCase/<>c::<Handle>b__3_0(AdLerBackend.Application.Common.Responses.LMSAdapter.MoodleCourse)
FNDA:0,System.Int32 AdLerBackend.Application.World.GetWorldsForUser.GetWorldsForUserUseCase/<>c::<Handle>b__3_0(AdLerBackend.Application.Common.Responses.LMSAdapter.MoodleCourse)
DA:23,0
FN:32,AdLerBackend.Application.Common.Responses.World.WorldResponse AdLerBackend.Application.World.GetWorldsForUser.GetWorldsForUserUseCase/<>c::<Handle>b__3_2(AdLerBackend.Domain.Entities.WorldEntity)
FNDA:0,AdLerBackend.Application.Common.Responses.World.WorldResponse AdLerBackend.Application.World.GetWorldsForUser.GetWorldsForUserUseCase/<>c::<Handle>b__3_2(AdLerBackend.Domain.Entities.WorldEntity)
DA:33,0
DA:34,0
DA:35,0
DA:36,0
DA:37,0
FN:28,System.Boolean AdLerBackend.Application.World.GetWorldsForUser.GetWorldsForUserUseCase/<>c__DisplayClass3_0::<Handle>b__1(AdLerBackend.Domain.Entities.WorldEntity)
FNDA:0,System.Boolean AdLerBackend.Application.World.GetWorldsForUser.GetWorldsForUserUseCase/<>c__DisplayClass3_0::<Handle>b__1(AdLerBackend.Domain.Entities.WorldEntity)
DA:29,0
FN:19,System.Void AdLerBackend.Application.World.GetWorldsForUser.GetWorldsForUserUseCase/<Handle>d__3::MoveNext()
FNDA:0,System.Void AdLerBackend.Application.World.GetWorldsForUser.GetWorldsForUserUseCase/<Handle>d__3::MoveNext()
DA:20,0
DA:21,0
DA:26,0
DA:31,0
DA:32,0
DA:38,0
DA:39,0
BRDA:31,462,0,0
BRDA:31,462,1,0
LF:19
LH:0
BRF:2
BRH:0
FNF:5
FNH:0
end_of_record
SF:D:\Projects\AdLer\AdLerBackend\AdLerBackend.Application\World\GetWorldsForAuthor\GetWorldsForAuthorCommand.cs
FN:7,System.Int32 AdLerBackend.Application.World.GetWorldsForAuthor.GetWorldsForAuthorCommand::get_AuthorId()
FNDA:0,System.Int32 AdLerBackend.Application.World.GetWorldsForAuthor.GetWorldsForAuthorCommand::get_AuthorId()
DA:8,0
FN:5,System.Void AdLerBackend.Application.World.GetWorldsForAuthor.GetWorldsForAuthorCommand::.ctor(AdLerBackend.Application.World.GetWorldsForAuthor.GetWorldsForAuthorCommand)
FNDA:0,System.Void AdLerBackend.Application.World.GetWorldsForAuthor.GetWorldsForAuthorCommand::.ctor(AdLerBackend.Application.World.GetWorldsForAuthor.GetWorldsForAuthorCommand)
DA:6,0
LF:2
LH:0
BRF:0
BRH:0
FNF:2
FNH:0
end_of_record
SF:D:\Projects\AdLer\AdLerBackend\AdLerBackend.Application\World\GetWorldsForAuthor\GetWorldsForAuthorUseCase.cs
FN:11,System.Void AdLerBackend.Application.World.GetWorldsForAuthor.GetWorldsForAuthorUseCase::.ctor(AdLerBackend.Application.Common.Interfaces.IWorldRepository,MediatR.IMediator)
FNDA:0,System.Void AdLerBackend.Application.World.GetWorldsForAuthor.GetWorldsForAuthorUseCase::.ctor(AdLerBackend.Application.Common.Interfaces.IWorldRepository,MediatR.IMediator)
DA:12,0
DA:13,0
DA:14,0
DA:15,0
DA:16,0
FN:24,AdLerBackend.Application.Common.Responses.World.WorldResponse AdLerBackend.Application.World.GetWorldsForAuthor.GetWorldsForAuthorUseCase/<>c::<Handle>b__3_0(AdLerBackend.Domain.Entities.WorldEntity)
FNDA:0,AdLerBackend.Application.Common.Responses.World.WorldResponse AdLerBackend.Application.World.GetWorldsForAuthor.GetWorldsForAuthorUseCase/<>c::<Handle>b__3_0(AdLerBackend.Domain.Entities.WorldEntity)
DA:25,0
DA:26,0
DA:27,0
DA:28,0
DA:29,0
FN:19,System.Void AdLerBackend.Application.World.GetWorldsForAuthor.GetWorldsForAuthorUseCase/<Handle>d__3::MoveNext()
FNDA:0,System.Void AdLerBackend.Application.World.GetWorldsForAuthor.GetWorldsForAuthorUseCase/<Handle>d__3::MoveNext()
DA:20,0
DA:21,0
DA:23,0
DA:24,0
DA:30,0
DA:31,0
LF:16
LH:0
BRF:0
BRH:0
FNF:3
FNH:0
end_of_record
SF:D:\Projects\AdLer\AdLerBackend\AdLerBackend.Application\World\GetWorldDetail\GetWorldDetailCommand.cs
FN:7,System.Int32 AdLerBackend.Application.World.GetWorldDetail.GetWorldDetailCommand::get_WorldId()
FNDA:0,System.Int32 AdLerBackend.Application.World.GetWorldDetail.GetWorldDetailCommand::get_WorldId()
DA:8,0
FN:5,System.Void AdLerBackend.Application.World.GetWorldDetail.GetWorldDetailCommand::.ctor(AdLerBackend.Application.World.GetWorldDetail.GetWorldDetailCommand)
FNDA:0,System.Void AdLerBackend.Application.World.GetWorldDetail.GetWorldDetailCommand::.ctor(AdLerBackend.Application.World.GetWorldDetail.GetWorldDetailCommand)
DA:6,0
LF:2
LH:0
BRF:0
BRH:0
FNF:2
FNH:0
end_of_record
SF:D:\Projects\AdLer\AdLerBackend\AdLerBackend.Application\World\GetWorldDetail\GetWorldDetailUseCase.cs
FN:13,System.Void AdLerBackend.Application.World.GetWorldDetail.GetWorldDetailUseCase::.ctor(AdLerBackend.Application.Common.Interfaces.IWorldRepository,AdLerBackend.Application.Common.Interfaces.IFileAccess,AdLerBackend.Application.Common.Interfaces.ISerialization)
FNDA:0,System.Void AdLerBackend.Application.World.GetWorldDetail.GetWorldDetailUseCase::.ctor(AdLerBackend.Application.Common.Interfaces.IWorldRepository,AdLerBackend.Application.Common.Interfaces.IFileAccess,AdLerBackend.Application.Common.Interfaces.ISerialization)
DA:14,0
DA:15,0
DA:16,0
DA:17,0
DA:18,0
DA:19,0
DA:20,0
FN:28,System.Void AdLerBackend.Application.World.GetWorldDetail.GetWorldDetailUseCase/<Handle>d__4::MoveNext()
FNDA:0,System.Void AdLerBackend.Application.World.GetWorldDetail.GetWorldDetailUseCase/<Handle>d__4::MoveNext()
DA:29,0
DA:31,0
DA:32,0
DA:33,0
DA:35,0
DA:36,0
BRDA:32,169,0,0
BRDA:32,169,1,0
LF:13
LH:0
BRF:2
BRH:0
FNF:2
FNH:0
end_of_record
SF:D:\Projects\AdLer\AdLerBackend\AdLerBackend.Application\Player\UpdatePlayerData\UpdatePlayerCommand.cs
FN:10,Microsoft.AspNetCore.JsonPatch.JsonPatchDocument`1<AdLerBackend.Domain.Entities.PlayerData.PlayerData> AdLerBackend.Application.Player.UpdatePlayerData.UpdatePlayerCommand::get_PatchDocument()
FNDA:0,Microsoft.AspNetCore.JsonPatch.JsonPatchDocument`1<AdLerBackend.Domain.Entities.PlayerData.PlayerData> AdLerBackend.Application.Player.UpdatePlayerData.UpdatePlayerCommand::get_PatchDocument()
DA:11,0
FN:8,System.Void AdLerBackend.Application.Player.UpdatePlayerData.UpdatePlayerCommand::.ctor(AdLerBackend.Application.Player.UpdatePlayerData.UpdatePlayerCommand)
FNDA:0,System.Void AdLerBackend.Application.Player.UpdatePlayerData.UpdatePlayerCommand::.ctor(AdLerBackend.Application.Player.UpdatePlayerData.UpdatePlayerCommand)
DA:9,0
LF:2
LH:0
BRF:0
BRH:0
FNF:2
FNH:0
end_of_record
SF:D:\Projects\AdLer\AdLerBackend\AdLerBackend.Application\Player\UpdatePlayerData\UpdatePlayerDataUseCase.cs
FN:11,System.Void AdLerBackend.Application.Player.UpdatePlayerData.UpdatePlayerDataUseCase::.ctor(AdLerBackend.Application.Common.Interfaces.IPlayerRepository,AdLerBackend.Application.Common.Interfaces.ILMS)
FNDA:0,System.Void AdLerBackend.Application.Player.UpdatePlayerData.UpdatePlayerDataUseCase::.ctor(AdLerBackend.Application.Common.Interfaces.IPlayerRepository,AdLerBackend.Application.Common.Interfaces.ILMS)
DA:12,0
DA:13,0
DA:14,0
DA:15,0
DA:16,0
FN:18,System.Void AdLerBackend.Application.Player.UpdatePlayerData.UpdatePlayerDataUseCase/<Handle>d__3::MoveNext()
FNDA:0,System.Void AdLerBackend.Application.Player.UpdatePlayerData.UpdatePlayerDataUseCase/<Handle>d__3::MoveNext()
DA:19,0
DA:21,0
DA:24,0
DA:27,0
DA:28,0
DA:30,0
DA:31,0
DA:32,0
DA:33,0
DA:34,0
DA:35,0
LF:16
LH:0
BRF:0
BRH:0
FNF:2
FNH:0
end_of_record
SF:D:\Projects\AdLer\AdLerBackend\AdLerBackend.Application\Player\GetPlayerData\GetPlayerDataCommand.cs
FN:5,System.Void AdLerBackend.Application.Player.GetPlayerData.GetPlayerDataCommand::.ctor(AdLerBackend.Application.Player.GetPlayerData.GetPlayerDataCommand)
FNDA:0,System.Void AdLerBackend.Application.Player.GetPlayerData.GetPlayerDataCommand::.ctor(AdLerBackend.Application.Player.GetPlayerData.GetPlayerDataCommand)
DA:6,0
LF:1
LH:0
BRF:0
BRH:0
FNF:1
FNH:0
end_of_record
SF:D:\Projects\AdLer\AdLerBackend\AdLerBackend.Application\Player\GetPlayerData\GetPlayerDataUseCase.cs
FN:11,System.Void AdLerBackend.Application.Player.GetPlayerData.GetPlayerDataUseCase::.ctor(AdLerBackend.Application.Common.Interfaces.ILMS,AdLerBackend.Application.Common.Interfaces.IPlayerRepository)
FNDA:0,System.Void AdLerBackend.Application.Player.GetPlayerData.GetPlayerDataUseCase::.ctor(AdLerBackend.Application.Common.Interfaces.ILMS,AdLerBackend.Application.Common.Interfaces.IPlayerRepository)
DA:12,0
DA:13,0
DA:14,0
DA:15,0
DA:16,0
FN:18,System.Void AdLerBackend.Application.Player.GetPlayerData.GetPlayerDataUseCase/<Handle>d__3::MoveNext()
FNDA:0,System.Void AdLerBackend.Application.Player.GetPlayerData.GetPlayerDataUseCase/<Handle>d__3::MoveNext()
DA:19,0
DA:20,0
DA:22,0
DA:25,0
DA:26,0
DA:27,0
DA:28,0
DA:29,0
DA:30,0
LF:14
LH:0
BRF:0
BRH:0
FNF:2
FNH:0
end_of_record
SF:D:\Projects\AdLer\AdLerBackend\AdLerBackend.Application\Player\DeletePlayerData\DeletePlayerDataCommand.cs
FN:4,System.Void AdLerBackend.Application.Player.DeletePlayerData.DeletePlayerDataCommand::.ctor(AdLerBackend.Application.Player.DeletePlayerData.DeletePlayerDataCommand)
FNDA:0,System.Void AdLerBackend.Application.Player.DeletePlayerData.DeletePlayerDataCommand::.ctor(AdLerBackend.Application.Player.DeletePlayerData.DeletePlayerDataCommand)
DA:5,0
LF:1
LH:0
BRF:0
BRH:0
FNF:1
FNH:0
end_of_record
SF:D:\Projects\AdLer\AdLerBackend\AdLerBackend.Application\Player\DeletePlayerData\DeletePlayerDataUseCase.cs
FN:10,System.Void AdLerBackend.Application.Player.DeletePlayerData.DeletePlayerDataUseCase::.ctor(AdLerBackend.Application.Common.Interfaces.IPlayerRepository,AdLerBackend.Application.Common.Interfaces.ILMS)
FNDA:0,System.Void AdLerBackend.Application.Player.DeletePlayerData.DeletePlayerDataUseCase::.ctor(AdLerBackend.Application.Common.Interfaces.IPlayerRepository,AdLerBackend.Application.Common.Interfaces.ILMS)
DA:11,0
DA:12,0
DA:13,0
DA:14,0
DA:15,0
FN:17,System.Void AdLerBackend.Application.Player.DeletePlayerData.DeletePlayerDataUseCase/<Handle>d__3::MoveNext()
FNDA:0,System.Void AdLerBackend.Application.Player.DeletePlayerData.DeletePlayerDataUseCase/<Handle>d__3::MoveNext()
DA:18,0
DA:19,0
DA:20,0
DA:22,0
DA:23,0
LF:10
LH:0
BRF:0
BRH:0
FNF:2
FNH:0
end_of_record
SF:D:\Projects\AdLer\AdLerBackend\AdLerBackend.Application\LMS\GetUserData\GetLMSUserDataCommand.cs
FN:5,System.Void AdLerBackend.Application.LMS.GetUserData.GetLMSUserDataCommand::.ctor(AdLerBackend.Application.LMS.GetUserData.GetLMSUserDataCommand)
FNDA:0,System.Void AdLerBackend.Application.LMS.GetUserData.GetLMSUserDataCommand::.ctor(AdLerBackend.Application.LMS.GetUserData.GetLMSUserDataCommand)
DA:6,0
LF:1
LH:0
BRF:0
BRH:0
FNF:1
FNH:0
end_of_record
SF:D:\Projects\AdLer\AdLerBackend\AdLerBackend.Application\LMS\GetUserData\GetLmsUserDataUseCase.cs
FN:10,System.Void AdLerBackend.Application.LMS.GetUserData.GetLmsUserDataUseCase::.ctor(AdLerBackend.Application.Common.Interfaces.ILMS)
FNDA:0,System.Void AdLerBackend.Application.LMS.GetUserData.GetLmsUserDataUseCase::.ctor(AdLerBackend.Application.Common.Interfaces.ILMS)
DA:11,0
DA:12,0
DA:13,0
DA:14,0
FN:16,System.Void AdLerBackend.Application.LMS.GetUserData.GetLmsUserDataUseCase/<Handle>d__2::MoveNext()
FNDA:0,System.Void AdLerBackend.Application.LMS.GetUserData.GetLmsUserDataUseCase/<Handle>d__2::MoveNext()
DA:17,0
DA:18,0
DA:19,0
DA:20,0
LF:8
LH:0
BRF:0
BRH:0
FNF:2
FNH:0
end_of_record
SF:D:\Projects\AdLer\AdLerBackend\AdLerBackend.Application\LMS\GetLMSToken\GetLMSTokenCommand.cs
FN:8,System.String AdLerBackend.Application.LMS.GetLMSToken.GetLMSTokenCommand::get_UserName()
FNDA:0,System.String AdLerBackend.Application.LMS.GetLMSToken.GetLMSTokenCommand::get_UserName()
DA:9,0
FN:9,System.String AdLerBackend.Application.LMS.GetLMSToken.GetLMSTokenCommand::get_Password()
FNDA:0,System.String AdLerBackend.Application.LMS.GetLMSToken.GetLMSTokenCommand::get_Password()
DA:10,0
FN:6,System.Void AdLerBackend.Application.LMS.GetLMSToken.GetLMSTokenCommand::.ctor(AdLerBackend.Application.LMS.GetLMSToken.GetLMSTokenCommand)
FNDA:0,System.Void AdLerBackend.Application.LMS.GetLMSToken.GetLMSTokenCommand::.ctor(AdLerBackend.Application.LMS.GetLMSToken.GetLMSTokenCommand)
DA:7,0
LF:3
LH:0
BRF:0
BRH:0
FNF:3
FNH:0
end_of_record
SF:D:\Projects\AdLer\AdLerBackend\AdLerBackend.Application\LMS\GetLMSToken\GetLMSTokenCommandValidator.cs
FN:6,System.Void AdLerBackend.Application.LMS.GetLMSToken.GetLMSTokenCommandValidator::.ctor()
FNDA:0,System.Void AdLerBackend.Application.LMS.GetLMSToken.GetLMSTokenCommandValidator::.ctor()
DA:7,0
DA:8,0
DA:9,0
DA:10,0
DA:12,0
DA:13,0
DA:14,0
LF:7
LH:0
BRF:0
BRH:0
FNF:1
FNH:0
end_of_record
SF:D:\Projects\AdLer\AdLerBackend\AdLerBackend.Application\LMS\GetLMSToken\GetLmsUserTokenUseCase.cs
FN:10,System.Void AdLerBackend.Application.LMS.GetLMSToken.GetLmsUserTokenUseCase::.ctor(AdLerBackend.Application.Common.Interfaces.ILMS)
FNDA:0,System.Void AdLerBackend.Application.LMS.GetLMSToken.GetLmsUserTokenUseCase::.ctor(AdLerBackend.Application.Common.Interfaces.ILMS)
DA:11,0
DA:12,0
DA:13,0
DA:14,0
FN:16,System.Void AdLerBackend.Application.LMS.GetLMSToken.GetLmsUserTokenUseCase/<Handle>d__2::MoveNext()
FNDA:0,System.Void AdLerBackend.Application.LMS.GetLMSToken.GetLmsUserTokenUseCase/<Handle>d__2::MoveNext()
DA:17,0
DA:18,0
DA:19,0
DA:20,0
LF:8
LH:0
BRF:0
BRH:0
FNF:2
FNH:0
end_of_record
SF:D:\Projects\AdLer\AdLerBackend\AdLerBackend.Application\Element\ScoreElement\ScoreElementCommand.cs
FN:8,System.Int32 AdLerBackend.Application.Element.ScoreElement.ScoreElementCommand::get_ElementId()
FNDA:0,System.Int32 AdLerBackend.Application.Element.ScoreElement.ScoreElementCommand::get_ElementId()
DA:9,0
FN:9,System.Int32 AdLerBackend.Application.Element.ScoreElement.ScoreElementCommand::get_WorldId()
FNDA:0,System.Int32 AdLerBackend.Application.Element.ScoreElement.ScoreElementCommand::get_WorldId()
DA:10,0
FN:10,AdLerBackend.Application.Common.DTOs.ScoreElementParams AdLerBackend.Application.Element.ScoreElement.ScoreElementCommand::get_ScoreElementParams()
FNDA:0,AdLerBackend.Application.Common.DTOs.ScoreElementParams AdLerBackend.Application.Element.ScoreElement.ScoreElementCommand::get_ScoreElementParams()
DA:11,0
FN:6,System.Void AdLerBackend.Application.Element.ScoreElement.ScoreElementCommand::.ctor(AdLerBackend.Application.Element.ScoreElement.ScoreElementCommand)
FNDA:0,System.Void AdLerBackend.Application.Element.ScoreElement.ScoreElementCommand::.ctor(AdLerBackend.Application.Element.ScoreElement.ScoreElementCommand)
DA:7,0
LF:4
LH:0
BRF:0
BRH:0
FNF:4
FNH:0
end_of_record
SF:D:\Projects\AdLer\AdLerBackend\AdLerBackend.Application\Element\ScoreElement\ScoreElementUseCase.cs
FN:54,AdLerBackend.Application.Common.CommandWithToken`1<AdLerBackend.Application.Common.Responses.Elements.ScoreElementResponse> AdLerBackend.Application.Element.ScoreElement.ScoreElementUseCase::GetStrategy(System.String,AdLerBackend.Application.Element.ScoreElement.ScoreElementUseCase/GetStrategyParams,System.Int32)
FNDA:0,AdLerBackend.Application.Common.CommandWithToken`1<AdLerBackend.Application.Common.Responses.Elements.ScoreElementResponse> AdLerBackend.Application.Element.ScoreElement.ScoreElementUseCase::GetStrategy(System.String,AdLerBackend.Application.Element.ScoreElement.ScoreElementUseCase/GetStrategyParams,System.Int32)
DA:55,0
DA:56,0
DA:59,0
DA:60,0
DA:61,0
DA:62,0
DA:63,0
DA:64,0
DA:68,0
DA:69,0
DA:70,0
DA:71,0
DA:72,0
DA:74,0
DA:75,0
DA:76,0
DA:77,0
DA:78,0
DA:80,0
DA:82,0
BRDA:56,16,0,0
BRDA:56,29,0,0
BRDA:56,42,0,0
BRDA:56,55,0,0
BRDA:56,16,1,0
BRDA:56,29,1,0
BRDA:56,42,1,0
BRDA:56,55,1,0
BRDA:56,68,1,0
BRDA:56,68,0,0
FN:23,System.Void AdLerBackend.Application.Element.ScoreElement.ScoreElementUseCase::.ctor(MediatR.IMediator)
FNDA:0,System.Void AdLerBackend.Application.Element.ScoreElement.ScoreElementUseCase::.ctor(MediatR.IMediator)
DA:24,0
DA:25,0
DA:26,0
DA:27,0
FN:86,System.String AdLerBackend.Application.Element.ScoreElement.ScoreElementUseCase/GetStrategyParams::get_WebServiceToken()
FNDA:0,System.String AdLerBackend.Application.Element.ScoreElement.ScoreElementUseCase/GetStrategyParams::get_WebServiceToken()
DA:87,0
FN:87,AdLerBackend.Application.Common.DTOs.ScoreElementParams AdLerBackend.Application.Element.ScoreElement.ScoreElementUseCase/GetStrategyParams::get_ScoreElementParams()
FNDA:0,AdLerBackend.Application.Common.DTOs.ScoreElementParams AdLerBackend.Application.Element.ScoreElement.ScoreElementUseCase/GetStrategyParams::get_ScoreElementParams()
DA:88,0
FN:88,AdLerBackend.Application.Common.Responses.LMSAdapter.LmsModule AdLerBackend.Application.Element.ScoreElement.ScoreElementUseCase/GetStrategyParams::get_LearningElementMoule()
FNDA:0,AdLerBackend.Application.Common.Responses.LMSAdapter.LmsModule AdLerBackend.Application.Element.ScoreElement.ScoreElementUseCase/GetStrategyParams::get_LearningElementMoule()
DA:89,0
FN:30,System.Void AdLerBackend.Application.Element.ScoreElement.ScoreElementUseCase/<Handle>d__2::MoveNext()
FNDA:0,System.Void AdLerBackend.Application.Element.ScoreElement.ScoreElementUseCase/<Handle>d__2::MoveNext()
DA:31,0
DA:32,0
DA:33,0
DA:34,0
DA:35,0
DA:36,0
DA:37,0
DA:39,0
DA:40,0
DA:41,0
DA:42,0
DA:43,0
DA:44,0
DA:45,0
DA:47,0
DA:48,0
DA:49,0
DA:50,0
DA:51,0
BRDA:39,305,0,0
BRDA:39,305,1,0
LF:46
LH:0
BRF:12
BRH:0
FNF:6
FNH:0
end_of_record
SF:D:\Projects\AdLer\AdLerBackend\AdLerBackend.Application\Element\GetElementSource\GetElementSourceCommand.cs
FN:7,System.Int32 AdLerBackend.Application.Element.GetElementSource.GetElementSourceCommand::get_ElementId()
FNDA:0,System.Int32 AdLerBackend.Application.Element.GetElementSource.GetElementSourceCommand::get_ElementId()
DA:8,0
FN:8,System.Int32 AdLerBackend.Application.Element.GetElementSource.GetElementSourceCommand::get_WorldId()
FNDA:0,System.Int32 AdLerBackend.Application.Element.GetElementSource.GetElementSourceCommand::get_WorldId()
DA:9,0
FN:5,System.Void AdLerBackend.Application.Element.GetElementSource.GetElementSourceCommand::.ctor(AdLerBackend.Application.Element.GetElementSource.GetElementSourceCommand)
FNDA:0,System.Void AdLerBackend.Application.Element.GetElementSource.GetElementSourceCommand::.ctor(AdLerBackend.Application.Element.GetElementSource.GetElementSourceCommand)
DA:6,0
LF:3
LH:0
BRF:0
BRH:0
FNF:3
FNH:0
end_of_record
SF:D:\Projects\AdLer\AdLerBackend\AdLerBackend.Application\Element\GetElementSource\GetElementSourceUseCase.cs
FN:14,System.Void AdLerBackend.Application.Element.GetElementSource.GetElementSourceUseCase::.ctor(MediatR.IMediator)
FNDA:0,System.Void AdLerBackend.Application.Element.GetElementSource.GetElementSourceUseCase::.ctor(MediatR.IMediator)
DA:15,0
DA:16,0
DA:17,0
DA:18,0
FN:21,System.Void AdLerBackend.Application.Element.GetElementSource.GetElementSourceUseCase/<Handle>d__2::MoveNext()
FNDA:0,System.Void AdLerBackend.Application.Element.GetElementSource.GetElementSourceUseCase/<Handle>d__2::MoveNext()
DA:22,0
DA:23,0
DA:24,0
DA:25,0
DA:26,0
DA:27,0
DA:28,0
DA:31,0
DA:35,0
DA:36,0
DA:37,0
DA:38,0
DA:39,0
DA:40,0
DA:42,0
DA:43,0
DA:44,0
DA:45,0
DA:46,0
DA:47,0
DA:49,0
DA:50,0
DA:51,0
DA:52,0
DA:54,0
DA:55,0
DA:57,0
BRDA:31,270,0,0
BRDA:31,284,0,0
BRDA:31,298,0,0
BRDA:31,270,1,0
BRDA:31,284,1,0
BRDA:31,298,1,0
BRDA:31,312,1,0
BRDA:31,312,0,0
LF:31
LH:0
BRF:8
BRH:0
FNF:2
FNH:0
end_of_record
SF:D:\Projects\AdLer\AdLerBackend\AdLerBackend.Application\Element\GetElementSource\GetH5PFilePath\GetH5PFilePathCommand.cs
FN:2,System.Void AdLerBackend.Application.Element.GetElementSource.GetH5PFilePath.GetH5PFilePathCommand::.ctor(AdLerBackend.Application.Element.GetElementSource.GetH5PFilePath.GetH5PFilePathCommand)
FNDA:0,System.Void AdLerBackend.Application.Element.GetElementSource.GetH5PFilePath.GetH5PFilePathCommand::.ctor(AdLerBackend.Application.Element.GetElementSource.GetH5PFilePath.GetH5PFilePathCommand)
DA:3,0
LF:1
LH:0
BRF:0
BRH:0
FNF:1
FNH:0
end_of_record
SF:D:\Projects\AdLer\AdLerBackend\AdLerBackend.Application\Element\GetElementSource\GetH5PFilePath\GetH5PFilePathHandler.cs
FN:11,System.Void AdLerBackend.Application.Element.GetElementSource.GetH5PFilePath.GetH5PFilePathHandler::.ctor(AdLerBackend.Application.Common.Interfaces.IWorldRepository)
FNDA:0,System.Void AdLerBackend.Application.Element.GetElementSource.GetH5PFilePath.GetH5PFilePathHandler::.ctor(AdLerBackend.Application.Common.Interfaces.IWorldRepository)
DA:12,0
DA:13,0
DA:14,0
DA:15,0
FN:24,System.Boolean AdLerBackend.Application.Element.GetElementSource.GetH5PFilePath.GetH5PFilePathHandler/<>c__DisplayClass2_0::<Handle>b__0(AdLerBackend.Domain.Entities.H5PLocationEntity)
FNDA:0,System.Boolean AdLerBackend.Application.Element.GetElementSource.GetH5PFilePath.GetH5PFilePathHandler/<>c__DisplayClass2_0::<Handle>b__0(AdLerBackend.Domain.Entities.H5PLocationEntity)
DA:25,0
FN:18,System.Void AdLerBackend.Application.Element.GetElementSource.GetH5PFilePath.GetH5PFilePathHandler/<Handle>d__2::MoveNext()
FNDA:0,System.Void AdLerBackend.Application.Element.GetElementSource.GetH5PFilePath.GetH5PFilePathHandler/<Handle>d__2::MoveNext()
DA:19,0
DA:21,0
DA:23,0
DA:27,0
DA:29,0
DA:30,0
DA:31,0
DA:32,0
DA:33,0
BRDA:23,202,0,0
BRDA:23,202,1,0
BRDA:25,250,0,0
BRDA:25,250,1,0
BRDA:27,279,0,0
BRDA:27,279,1,0
LF:14
LH:0
BRF:6
BRH:0
FNF:3
FNH:0
end_of_record
SF:D:\Projects\AdLer\AdLerBackend\AdLerBackend.Application\Element\GetElementScore\GetElementScoreCommand.cs
FN:10,System.Int32 AdLerBackend.Application.Element.GetElementScore.GetElementScoreCommand::get_LearningWorldId()
FNDA:0,System.Int32 AdLerBackend.Application.Element.GetElementScore.GetElementScoreCommand::get_LearningWorldId()
DA:11,0
FN:11,System.Int32 AdLerBackend.Application.Element.GetElementScore.GetElementScoreCommand::get_ElementId()
FNDA:0,System.Int32 AdLerBackend.Application.Element.GetElementScore.GetElementScoreCommand::get_ElementId()
DA:12,0
FN:8,System.Void AdLerBackend.Application.Element.GetElementScore.GetElementScoreCommand::.ctor(AdLerBackend.Application.Element.GetElementScore.GetElementScoreCommand)
FNDA:0,System.Void AdLerBackend.Application.Element.GetElementScore.GetElementScoreCommand::.ctor(AdLerBackend.Application.Element.GetElementScore.GetElementScoreCommand)
DA:9,0
LF:3
LH:0
BRF:0
BRH:0
FNF:3
FNH:0
end_of_record
SF:D:\Projects\AdLer\AdLerBackend\AdLerBackend.Application\Element\GetElementScore\GetElementScoreUseCase.cs
FN:17,System.Void AdLerBackend.Application.Element.GetElementScore.GetElementScoreUseCase::.ctor(MediatR.IMediator,AdLerBackend.Application.Common.Interfaces.ILMS)
FNDA:0,System.Void AdLerBackend.Application.Element.GetElementScore.GetElementScoreUseCase::.ctor(MediatR.IMediator,AdLerBackend.Application.Common.Interfaces.ILMS)
DA:18,0
DA:19,0
DA:20,0
DA:21,0
DA:22,0
FN:25,System.Void AdLerBackend.Application.Element.GetElementScore.GetElementScoreUseCase/<Handle>d__3::MoveNext()
FNDA:0,System.Void AdLerBackend.Application.Element.GetElementScore.GetElementScoreUseCase/<Handle>d__3::MoveNext()
DA:26,0
DA:27,0
DA:28,0
DA:29,0
DA:30,0
DA:31,0
DA:32,0
DA:33,0
DA:35,0
DA:36,0
DA:37,0
DA:38,0
DA:39,0
DA:40,0
DA:42,0
DA:43,0
DA:45,0
DA:46,0
DA:47,0
DA:48,0
DA:49,0
DA:50,0
BRDA:35,246,0,0
BRDA:35,246,1,0
LF:27
LH:0
BRF:2
BRH:0
FNF:2
FNH:0
end_of_record
SF:D:\Projects\AdLer\AdLerBackend\AdLerBackend.Application\Configuration\BackendConfig.cs
FN:15,System.String AdLerBackend.Application.Configuration.BackendConfig::get_Environment()
FNDA:0,System.String AdLerBackend.Application.Configuration.BackendConfig::get_Environment()
DA:16,0
FN:19,System.String AdLerBackend.Application.Configuration.BackendConfig::get_MoodleUrl()
FNDA:41,System.String AdLerBackend.Application.Configuration.BackendConfig::get_MoodleUrl()
DA:20,41
FN:23,System.String AdLerBackend.Application.Configuration.BackendConfig::get_AdLerEngineUrl()
FNDA:0,System.String AdLerBackend.Application.Configuration.BackendConfig::get_AdLerEngineUrl()
DA:24,0
FN:27,System.String AdLerBackend.Application.Configuration.BackendConfig::get_DbPassword()
FNDA:0,System.String AdLerBackend.Application.Configuration.BackendConfig::get_DbPassword()
DA:28,0
FN:31,System.String AdLerBackend.Application.Configuration.BackendConfig::get_DbUser()
FNDA:0,System.String AdLerBackend.Application.Configuration.BackendConfig::get_DbUser()
DA:32,0
FN:35,System.String AdLerBackend.Application.Configuration.BackendConfig::get_DbName()
FNDA:0,System.String AdLerBackend.Application.Configuration.BackendConfig::get_DbName()
DA:36,0
FN:39,System.String AdLerBackend.Application.Configuration.BackendConfig::get_DbHost()
FNDA:0,System.String AdLerBackend.Application.Configuration.BackendConfig::get_DbHost()
DA:40,0
FN:43,System.String AdLerBackend.Application.Configuration.BackendConfig::get_DbPort()
FNDA:0,System.String AdLerBackend.Application.Configuration.BackendConfig::get_DbPort()
DA:44,0
FN:47,System.Int32 AdLerBackend.Application.Configuration.BackendConfig::get_HttpPort()
FNDA:20,System.Int32 AdLerBackend.Application.Configuration.BackendConfig::get_HttpPort()
DA:48,20
FN:55,System.String AdLerBackend.Application.Configuration.BackendConfig::ToString()
FNDA:0,System.String AdLerBackend.Application.Configuration.BackendConfig::ToString()
DA:56,0
DA:58,0
DA:59,0
DA:60,0
DA:62,0
DA:63,0
BRDA:60,108,1,0
BRDA:60,108,0,0
LF:15
LH:2
BRF:2
BRH:0
FNF:10
FNH:2
end_of_record
SF:D:\Projects\AdLer\AdLerBackend\AdLerBackend.Application\Configuration\RequiredIfProductionAttribute.cs
FN:7,System.ComponentModel.DataAnnotations.ValidationResult AdLerBackend.Application.Configuration.RequiredIfProductionAttribute::IsValid(System.Object,System.ComponentModel.DataAnnotations.ValidationContext)
FNDA:0,System.ComponentModel.DataAnnotations.ValidationResult AdLerBackend.Application.Configuration.RequiredIfProductionAttribute::IsValid(System.Object,System.ComponentModel.DataAnnotations.ValidationContext)
DA:8,0
DA:9,0
DA:11,0
DA:12,0
DA:13,0
DA:15,0
DA:16,0
BRDA:11,23,0,0
BRDA:11,23,1,0
BRDA:11,34,0,0
BRDA:11,34,1,0
LF:7
LH:0
BRF:4
BRH:0
FNF:1
FNH:0
end_of_record
SF:D:\Projects\AdLer\AdLerBackend\AdLerBackend.Application\Common\CommandWithToken.cs
FN:7,System.String AdLerBackend.Application.Common.CommandWithToken`1::get_WebServiceToken()
FNDA:0,System.String AdLerBackend.Application.Common.CommandWithToken`1::get_WebServiceToken()
DA:8,0
FN:5,System.Void AdLerBackend.Application.Common.CommandWithToken`1::.ctor(AdLerBackend.Application.Common.CommandWithToken`1<TResponse>)
FNDA:0,System.Void AdLerBackend.Application.Common.CommandWithToken`1::.ctor(AdLerBackend.Application.Common.CommandWithToken`1<TResponse>)
DA:6,0
LF:2
LH:0
BRF:0
BRH:0
FNF:2
FNH:0
end_of_record
SF:D:\Projects\AdLer\AdLerBackend\AdLerBackend.Application\Common\Utils\IdExtractor.cs
FN:7,System.Guid AdLerBackend.Application.Common.Utils.IdExtractor::GetUuidFromQuestionId(System.Int32,AdLerBackend.Application.Common.Responses.World.AdaptivityElement)
FNDA:0,System.Guid AdLerBackend.Application.Common.Utils.IdExtractor::GetUuidFromQuestionId(System.Int32,AdLerBackend.Application.Common.Responses.World.AdaptivityElement)
DA:8,0
DA:9,0
DA:10,0
DA:11,0
DA:12,0
DA:13,0
DA:15,0
DA:16,0
BRDA:9,100,0,0
BRDA:9,100,1,0
BRDA:9,196,1,0
BRDA:9,196,0,0
FN:18,System.Int32 AdLerBackend.Application.Common.Utils.IdExtractor::GetQuestionIdFromUuid(System.Guid,AdLerBackend.Application.Common.Responses.World.AdaptivityElement)
FNDA:0,System.Int32 AdLerBackend.Application.Common.Utils.IdExtractor::GetQuestionIdFromUuid(System.Guid,AdLerBackend.Application.Common.Responses.World.AdaptivityElement)
DA:19,0
DA:20,0
DA:21,0
DA:22,0
DA:23,0
DA:24,0
DA:26,0
DA:27,0
BRDA:20,100,0,0
BRDA:20,100,1,0
BRDA:20,196,1,0
BRDA:20,196,0,0
FN:29,System.Int32 AdLerBackend.Application.Common.Utils.IdExtractor::GetTaskIdFromUuid(System.Guid,AdLerBackend.Application.Common.Responses.World.AdaptivityElement)
FNDA:0,System.Int32 AdLerBackend.Application.Common.Utils.IdExtractor::GetTaskIdFromUuid(System.Guid,AdLerBackend.Application.Common.Responses.World.AdaptivityElement)
DA:30,0
DA:31,0
DA:32,0
DA:33,0
DA:34,0
DA:36,0
DA:37,0
BRDA:31,33,0,0
BRDA:31,33,1,0
BRDA:31,93,1,0
BRDA:31,93,0,0
LF:23
LH:0
BRF:12
BRH:0
FNF:3
FNH:0
end_of_record
SF:D:\Projects\AdLer\AdLerBackend\AdLerBackend.Application\Common\Responses\World\CreateWorldResponse.cs
FN:4,System.Int32 AdLerBackend.Application.Common.Responses.World.CreateWorldResponse::get_WorldId()
FNDA:0,System.Int32 AdLerBackend.Application.Common.Responses.World.CreateWorldResponse::get_WorldId()
DA:5,0
FN:5,System.String AdLerBackend.Application.Common.Responses.World.CreateWorldResponse::get_WorldNameInLms()
FNDA:0,System.String AdLerBackend.Application.Common.Responses.World.CreateWorldResponse::get_WorldNameInLms()
DA:6,0
FN:6,System.String AdLerBackend.Application.Common.Responses.World.CreateWorldResponse::get_WorldLmsUrl()
FNDA:0,System.String AdLerBackend.Application.Common.Responses.World.CreateWorldResponse::get_WorldLmsUrl()
DA:7,0
FN:7,System.String AdLerBackend.Application.Common.Responses.World.CreateWorldResponse::get_World3DUrl()
FNDA:0,System.String AdLerBackend.Application.Common.Responses.World.CreateWorldResponse::get_World3DUrl()
DA:8,0
LF:4
LH:0
BRF:0
BRH:0
FNF:4
FNH:0
end_of_record
SF:D:\Projects\AdLer\AdLerBackend\AdLerBackend.Application\Common\Responses\World\GetAllElementsFromLmsWithAdLerIdResponse.cs
FN:7,System.Int32 AdLerBackend.Application.Common.Responses.World.GetAllElementsFromLmsWithAdLerIdResponse::get_LmsCourseId()
FNDA:0,System.Int32 AdLerBackend.Application.Common.Responses.World.GetAllElementsFromLmsWithAdLerIdResponse::get_LmsCourseId()
DA:8,0
FN:8,System.Int32 AdLerBackend.Application.Common.Responses.World.GetAllElementsFromLmsWithAdLerIdResponse::get_AdLerWorldId()
FNDA:0,System.Int32 AdLerBackend.Application.Common.Responses.World.GetAllElementsFromLmsWithAdLerIdResponse::get_AdLerWorldId()
DA:9,0
FN:9,System.Collections.Generic.IList`1<AdLerBackend.Application.Common.Responses.World.AdLerLmsElementAggregation> AdLerBackend.Application.Common.Responses.World.GetAllElementsFromLmsWithAdLerIdResponse::get_ElementAggregations()
FNDA:0,System.Collections.Generic.IList`1<AdLerBackend.Application.Common.Responses.World.AdLerLmsElementAggregation> AdLerBackend.Application.Common.Responses.World.GetAllElementsFromLmsWithAdLerIdResponse::get_ElementAggregations()
DA:10,0
FN:14,AdLerBackend.Application.Common.Responses.World.BaseElement AdLerBackend.Application.Common.Responses.World.AdLerLmsElementAggregation::get_AdLerElement()
FNDA:0,AdLerBackend.Application.Common.Responses.World.BaseElement AdLerBackend.Application.Common.Responses.World.AdLerLmsElementAggregation::get_AdLerElement()
DA:15,0
FN:15,AdLerBackend.Application.Common.Responses.LMSAdapter.LmsModule AdLerBackend.Application.Common.Responses.World.AdLerLmsElementAggregation::get_LmsModule()
FNDA:0,AdLerBackend.Application.Common.Responses.LMSAdapter.LmsModule AdLerBackend.Application.Common.Responses.World.AdLerLmsElementAggregation::get_LmsModule()
DA:16,0
FN:16,System.Boolean AdLerBackend.Application.Common.Responses.World.AdLerLmsElementAggregation::get_IsLocked()
FNDA:0,System.Boolean AdLerBackend.Application.Common.Responses.World.AdLerLmsElementAggregation::get_IsLocked()
DA:17,0
LF:6
LH:0
BRF:0
BRH:0
FNF:6
FNH:0
end_of_record
SF:D:\Projects\AdLer\AdLerBackend\AdLerBackend.Application\Common\Responses\World\GetWorldOverviewResponse.cs
FN:5,System.Collections.Generic.IList`1<AdLerBackend.Application.Common.Responses.World.WorldResponse> AdLerBackend.Application.Common.Responses.World.GetWorldOverviewResponse::get_Worlds()
FNDA:0,System.Collections.Generic.IList`1<AdLerBackend.Application.Common.Responses.World.WorldResponse> AdLerBackend.Application.Common.Responses.World.GetWorldOverviewResponse::get_Worlds()
DA:6,0
LF:1
LH:0
BRF:0
BRH:0
FNF:1
FNH:0
end_of_record
SF:D:\Projects\AdLer\AdLerBackend\AdLerBackend.Application\Common\Responses\World\WorldAtfResponse.cs
FN:16,System.String AdLerBackend.Application.Common.Responses.World.WorldAtfResponse::get_FileVersion()
FNDA:1,System.String AdLerBackend.Application.Common.Responses.World.WorldAtfResponse::get_FileVersion()
DA:17,1
FN:19,System.String AdLerBackend.Application.Common.Responses.World.WorldAtfResponse::get_AmgVersion()
FNDA:1,System.String AdLerBackend.Application.Common.Responses.World.WorldAtfResponse::get_AmgVersion()
DA:20,1
FN:20,System.String AdLerBackend.Application.Common.Responses.World.WorldAtfResponse::get_Author()
FNDA:1,System.String AdLerBackend.Application.Common.Responses.World.WorldAtfResponse::get_Author()
DA:21,1
FN:21,System.String AdLerBackend.Application.Common.Responses.World.WorldAtfResponse::get_Language()
FNDA:1,System.String AdLerBackend.Application.Common.Responses.World.WorldAtfResponse::get_Language()
DA:22,1
FN:22,AdLerBackend.Application.Common.Responses.World.World AdLerBackend.Application.Common.Responses.World.WorldAtfResponse::get_World()
FNDA:1,AdLerBackend.Application.Common.Responses.World.World AdLerBackend.Application.Common.Responses.World.WorldAtfResponse::get_World()
DA:23,1
FN:28,System.Int32 AdLerBackend.Application.Common.Responses.World.Space::get_SpaceId()
FNDA:3,System.Int32 AdLerBackend.Application.Common.Responses.World.Space::get_SpaceId()
DA:29,3
FN:29,System.String AdLerBackend.Application.Common.Responses.World.Space::get_SpaceUuid()
FNDA:3,System.String AdLerBackend.Application.Common.Responses.World.Space::get_SpaceUuid()
DA:30,3
FN:30,System.String AdLerBackend.Application.Common.Responses.World.Space::get_SpaceName()
FNDA:3,System.String AdLerBackend.Application.Common.Responses.World.Space::get_SpaceName()
DA:31,3
FN:31,System.String AdLerBackend.Application.Common.Responses.World.Space::get_SpaceDescription()
FNDA:3,System.String AdLerBackend.Application.Common.Responses.World.Space::get_SpaceDescription()
DA:32,3
FN:32,System.Collections.Generic.List`1<System.String> AdLerBackend.Application.Common.Responses.World.Space::get_SpaceGoals()
FNDA:3,System.Collections.Generic.List`1<System.String> AdLerBackend.Application.Common.Responses.World.Space::get_SpaceGoals()
DA:33,3
FN:33,System.Collections.Generic.List`1<System.Nullable`1<System.Int32>> AdLerBackend.Application.Common.Responses.World.Space::get_SpaceSlotContents()
FNDA:3,System.Collections.Generic.List`1<System.Nullable`1<System.Int32>> AdLerBackend.Application.Common.Responses.World.Space::get_SpaceSlotContents()
DA:34,3
FN:34,System.Nullable`1<System.Int32> AdLerBackend.Application.Common.Responses.World.Space::get_RequiredPointsToComplete()
FNDA:3,System.Nullable`1<System.Int32> AdLerBackend.Application.Common.Responses.World.Space::get_RequiredPointsToComplete()
DA:35,3
FN:35,System.String AdLerBackend.Application.Common.Responses.World.Space::get_RequiredSpacesToEnter()
FNDA:3,System.String AdLerBackend.Application.Common.Responses.World.Space::get_RequiredSpacesToEnter()
DA:36,3
FN:36,System.String AdLerBackend.Application.Common.Responses.World.Space::get_SpaceTemplate()
FNDA:3,System.String AdLerBackend.Application.Common.Responses.World.Space::get_SpaceTemplate()
DA:37,3
FN:37,System.String AdLerBackend.Application.Common.Responses.World.Space::get_SpaceTemplateStyle()
FNDA:3,System.String AdLerBackend.Application.Common.Responses.World.Space::get_SpaceTemplateStyle()
DA:38,3
FN:38,AdLerBackend.Application.Common.Responses.World.SpaceStory AdLerBackend.Application.Common.Responses.World.Space::get_SpaceStory()
FNDA:3,AdLerBackend.Application.Common.Responses.World.SpaceStory AdLerBackend.Application.Common.Responses.World.Space::get_SpaceStory()
DA:39,3
FN:44,AdLerBackend.Application.Common.Responses.World.StoryElement AdLerBackend.Application.Common.Responses.World.SpaceStory::get_IntroStory()
FNDA:3,AdLerBackend.Application.Common.Responses.World.StoryElement AdLerBackend.Application.Common.Responses.World.SpaceStory::get_IntroStory()
DA:45,3
FN:45,AdLerBackend.Application.Common.Responses.World.StoryElement AdLerBackend.Application.Common.Responses.World.SpaceStory::get_OutroStory()
FNDA:3,AdLerBackend.Application.Common.Responses.World.StoryElement AdLerBackend.Application.Common.Responses.World.SpaceStory::get_OutroStory()
DA:46,3
FN:51,System.Collections.Generic.List`1<System.String> AdLerBackend.Application.Common.Responses.World.StoryElement::get_StoryTexts()
FNDA:6,System.Collections.Generic.List`1<System.String> AdLerBackend.Application.Common.Responses.World.StoryElement::get_StoryTexts()
DA:52,6
FN:52,System.String AdLerBackend.Application.Common.Responses.World.StoryElement::get_ElementModel()
FNDA:6,System.String AdLerBackend.Application.Common.Responses.World.StoryElement::get_ElementModel()
DA:53,6
FN:58,System.Int32 AdLerBackend.Application.Common.Responses.World.Topic::get_TopicId()
FNDA:3,System.Int32 AdLerBackend.Application.Common.Responses.World.Topic::get_TopicId()
DA:59,3
FN:59,System.String AdLerBackend.Application.Common.Responses.World.Topic::get_TopicName()
FNDA:3,System.String AdLerBackend.Application.Common.Responses.World.Topic::get_TopicName()
DA:60,3
FN:60,System.Collections.Generic.List`1<System.Int32> AdLerBackend.Application.Common.Responses.World.Topic::get_TopicContents()
FNDA:3,System.Collections.Generic.List`1<System.Int32> AdLerBackend.Application.Common.Responses.World.Topic::get_TopicContents()
DA:61,3
FN:66,System.String AdLerBackend.Application.Common.Responses.World.World::get_WorldName()
FNDA:1,System.String AdLerBackend.Application.Common.Responses.World.World::get_WorldName()
DA:67,1
FN:67,System.String AdLerBackend.Application.Common.Responses.World.World::get_WorldUuid()
FNDA:1,System.String AdLerBackend.Application.Common.Responses.World.World::get_WorldUuid()
DA:68,1
FN:68,System.String AdLerBackend.Application.Common.Responses.World.World::get_WorldDescription()
FNDA:1,System.String AdLerBackend.Application.Common.Responses.World.World::get_WorldDescription()
DA:69,1
FN:69,System.Collections.Generic.List`1<System.String> AdLerBackend.Application.Common.Responses.World.World::get_WorldGoals()
FNDA:1,System.Collections.Generic.List`1<System.String> AdLerBackend.Application.Common.Responses.World.World::get_WorldGoals()
DA:70,1
FN:70,System.Collections.Generic.List`1<AdLerBackend.Application.Common.Responses.World.Topic> AdLerBackend.Application.Common.Responses.World.World::get_Topics()
FNDA:1,System.Collections.Generic.List`1<AdLerBackend.Application.Common.Responses.World.Topic> AdLerBackend.Application.Common.Responses.World.World::get_Topics()
DA:71,1
FN:71,System.Collections.Generic.List`1<AdLerBackend.Application.Common.Responses.World.Space> AdLerBackend.Application.Common.Responses.World.World::get_Spaces()
FNDA:1,System.Collections.Generic.List`1<AdLerBackend.Application.Common.Responses.World.Space> AdLerBackend.Application.Common.Responses.World.World::get_Spaces()
DA:72,1
FN:72,System.Collections.Generic.List`1<AdLerBackend.Application.Common.Responses.World.BaseElement> AdLerBackend.Application.Common.Responses.World.World::get_Elements()
FNDA:1,System.Collections.Generic.List`1<AdLerBackend.Application.Common.Responses.World.BaseElement> AdLerBackend.Application.Common.Responses.World.World::get_Elements()
DA:73,1
FN:73,System.String AdLerBackend.Application.Common.Responses.World.World::get_EvaluationLink()
FNDA:1,System.String AdLerBackend.Application.Common.Responses.World.World::get_EvaluationLink()
DA:74,1
FN:78,System.String AdLerBackend.Application.Common.Responses.World.Element::get_ElementDescription()
FNDA:0,System.String AdLerBackend.Application.Common.Responses.World.Element::get_ElementDescription()
DA:79,0
FN:79,System.Collections.Generic.List`1<System.String> AdLerBackend.Application.Common.Responses.World.Element::get_ElementGoals()
FNDA:0,System.Collections.Generic.List`1<System.String> AdLerBackend.Application.Common.Responses.World.Element::get_ElementGoals()
DA:80,0
FN:80,System.Int32 AdLerBackend.Application.Common.Responses.World.Element::get_ElementMaxScore()
FNDA:0,System.Int32 AdLerBackend.Application.Common.Responses.World.Element::get_ElementMaxScore()
DA:81,0
FN:81,System.String AdLerBackend.Application.Common.Responses.World.Element::get_ElementModel()
FNDA:0,System.String AdLerBackend.Application.Common.Responses.World.Element::get_ElementModel()
DA:82,0
FN:86,AdLerBackend.Application.Common.Responses.World.AdaptivityContent AdLerBackend.Application.Common.Responses.World.AdaptivityElement::get_AdaptivityContent()
FNDA:0,AdLerBackend.Application.Common.Responses.World.AdaptivityContent AdLerBackend.Application.Common.Responses.World.AdaptivityElement::get_AdaptivityContent()
DA:87,0
FN:94,System.Int32 AdLerBackend.Application.Common.Responses.World.BaseElement::get_ElementId()
FNDA:3,System.Int32 AdLerBackend.Application.Common.Responses.World.BaseElement::get_ElementId()
DA:95,3
FN:95,System.Guid AdLerBackend.Application.Common.Responses.World.BaseElement::get_ElementUuid()
FNDA:3,System.Guid AdLerBackend.Application.Common.Responses.World.BaseElement::get_ElementUuid()
DA:96,3
FN:96,System.String AdLerBackend.Application.Common.Responses.World.BaseElement::get_ElementName()
FNDA:3,System.String AdLerBackend.Application.Common.Responses.World.BaseElement::get_ElementName()
DA:97,3
FN:97,System.String AdLerBackend.Application.Common.Responses.World.BaseElement::get_ElementCategory()
FNDA:3,System.String AdLerBackend.Application.Common.Responses.World.BaseElement::get_ElementCategory()
DA:98,3
FN:98,System.String AdLerBackend.Application.Common.Responses.World.BaseElement::get_ElementFileType()
FNDA:3,System.String AdLerBackend.Application.Common.Responses.World.BaseElement::get_ElementFileType()
DA:99,3
FN:104,System.String AdLerBackend.Application.Common.Responses.World.AdaptivityContent::get_IntroText()
FNDA:0,System.String AdLerBackend.Application.Common.Responses.World.AdaptivityContent::get_IntroText()
DA:105,0
FN:105,System.Collections.Generic.List`1<AdLerBackend.Application.Common.Responses.World.AdaptivityTask> AdLerBackend.Application.Common.Responses.World.AdaptivityContent::get_AdaptivityTasks()
FNDA:0,System.Collections.Generic.List`1<AdLerBackend.Application.Common.Responses.World.AdaptivityTask> AdLerBackend.Application.Common.Responses.World.AdaptivityContent::get_AdaptivityTasks()
DA:106,0
FN:111,System.Int32 AdLerBackend.Application.Common.Responses.World.AdaptivityTask::get_TaskId()
FNDA:0,System.Int32 AdLerBackend.Application.Common.Responses.World.AdaptivityTask::get_TaskId()
DA:112,0
FN:112,System.Guid AdLerBackend.Application.Common.Responses.World.AdaptivityTask::get_TaskUuid()
FNDA:0,System.Guid AdLerBackend.Application.Common.Responses.World.AdaptivityTask::get_TaskUuid()
DA:113,0
FN:114,System.String AdLerBackend.Application.Common.Responses.World.AdaptivityTask::get_TaskTitle()
FNDA:0,System.String AdLerBackend.Application.Common.Responses.World.AdaptivityTask::get_TaskTitle()
DA:115,0
FN:117,System.Nullable`1<System.Boolean> AdLerBackend.Application.Common.Responses.World.AdaptivityTask::get_Optional()
FNDA:0,System.Nullable`1<System.Boolean> AdLerBackend.Application.Common.Responses.World.AdaptivityTask::get_Optional()
DA:118,0
FN:118,System.Nullable`1<System.Int32> AdLerBackend.Application.Common.Responses.World.AdaptivityTask::get_RequiredDifficulty()
FNDA:0,System.Nullable`1<System.Int32> AdLerBackend.Application.Common.Responses.World.AdaptivityTask::get_RequiredDifficulty()
DA:119,0
FN:119,System.Collections.Generic.List`1<AdLerBackend.Application.Common.Responses.World.AdaptivityQuestion> AdLerBackend.Application.Common.Responses.World.AdaptivityTask::get_AdaptivityQuestions()
FNDA:0,System.Collections.Generic.List`1<AdLerBackend.Application.Common.Responses.World.AdaptivityQuestion> AdLerBackend.Application.Common.Responses.World.AdaptivityTask::get_AdaptivityQuestions()
DA:120,0
FN:125,System.String AdLerBackend.Application.Common.Responses.World.AdaptivityQuestion::get_QuestionType()
FNDA:0,System.String AdLerBackend.Application.Common.Responses.World.AdaptivityQuestion::get_QuestionType()
DA:126,0
FN:126,System.Int32 AdLerBackend.Application.Common.Responses.World.AdaptivityQuestion::get_QuestionId()
FNDA:0,System.Int32 AdLerBackend.Application.Common.Responses.World.AdaptivityQuestion::get_QuestionId()
DA:127,0
FN:127,System.Guid AdLerBackend.Application.Common.Responses.World.AdaptivityQuestion::get_QuestionUuid()
FNDA:0,System.Guid AdLerBackend.Application.Common.Responses.World.AdaptivityQuestion::get_QuestionUuid()
DA:128,0
FN:128,System.Int32 AdLerBackend.Application.Common.Responses.World.AdaptivityQuestion::get_QuestionDifficulty()
FNDA:0,System.Int32 AdLerBackend.Application.Common.Responses.World.AdaptivityQuestion::get_QuestionDifficulty()
DA:129,0
FN:129,System.String AdLerBackend.Application.Common.Responses.World.AdaptivityQuestion::get_QuestionText()
FNDA:0,System.String AdLerBackend.Application.Common.Responses.World.AdaptivityQuestion::get_QuestionText()
DA:130,0
FN:130,System.Collections.Generic.List`1<AdLerBackend.Application.Common.Responses.World.AdaptivityTrigger> AdLerBackend.Application.Common.Responses.World.AdaptivityQuestion::get_AdaptivityRules()
FNDA:0,System.Collections.Generic.List`1<AdLerBackend.Application.Common.Responses.World.AdaptivityTrigger> AdLerBackend.Application.Common.Responses.World.AdaptivityQuestion::get_AdaptivityRules()
DA:131,0
FN:131,System.Collections.Generic.List`1<AdLerBackend.Application.Common.Responses.World.AdaptivityQuestionAnswer> AdLerBackend.Application.Common.Responses.World.AdaptivityQuestion::get_Choices()
FNDA:0,System.Collections.Generic.List`1<AdLerBackend.Application.Common.Responses.World.AdaptivityQuestionAnswer> AdLerBackend.Application.Common.Responses.World.AdaptivityQuestion::get_Choices()
DA:132,0
FN:144,System.String AdLerBackend.Application.Common.Responses.World.CommentAction::get_CommentText()
FNDA:0,System.String AdLerBackend.Application.Common.Responses.World.CommentAction::get_CommentText()
DA:145,0
FN:149,System.Int32 AdLerBackend.Application.Common.Responses.World.ElementReferenceAction::get_ElementId()
FNDA:0,System.Int32 AdLerBackend.Application.Common.Responses.World.ElementReferenceAction::get_ElementId()
DA:150,0
FN:150,System.String AdLerBackend.Application.Common.Responses.World.ElementReferenceAction::get_HintText()
FNDA:0,System.String AdLerBackend.Application.Common.Responses.World.ElementReferenceAction::get_HintText()
DA:151,0
FN:156,System.Int32 AdLerBackend.Application.Common.Responses.World.ContentReferenceAction::get_ElementId()
FNDA:0,System.Int32 AdLerBackend.Application.Common.Responses.World.ContentReferenceAction::get_ElementId()
DA:157,0
FN:158,System.String AdLerBackend.Application.Common.Responses.World.ContentReferenceAction::get_HintText()
FNDA:0,System.String AdLerBackend.Application.Common.Responses.World.ContentReferenceAction::get_HintText()
DA:159,0
FN:164,System.Int32 AdLerBackend.Application.Common.Responses.World.AdaptivityTrigger::get_TriggerId()
FNDA:0,System.Int32 AdLerBackend.Application.Common.Responses.World.AdaptivityTrigger::get_TriggerId()
DA:165,0
FN:165,System.String AdLerBackend.Application.Common.Responses.World.AdaptivityTrigger::get_TriggerCondition()
FNDA:0,System.String AdLerBackend.Application.Common.Responses.World.AdaptivityTrigger::get_TriggerCondition()
DA:166,0
FN:166,AdLerBackend.Application.Common.Responses.World.AdaptivityActionBase AdLerBackend.Application.Common.Responses.World.AdaptivityTrigger::get_AdaptivityAction()
FNDA:0,AdLerBackend.Application.Common.Responses.World.AdaptivityActionBase AdLerBackend.Application.Common.Responses.World.AdaptivityTrigger::get_AdaptivityAction()
DA:167,0
FN:176,System.String AdLerBackend.Application.Common.Responses.World.AdaptivityQuestionAnswer::get_AnswerText()
FNDA:0,System.String AdLerBackend.Application.Common.Responses.World.AdaptivityQuestionAnswer::get_AnswerText()
DA:177,0
LF:65
LH:36
BRF:0
BRH:0
FNF:65
FNH:36
end_of_record
SF:D:\Projects\AdLer\AdLerBackend\AdLerBackend.Application\Common\Responses\World\WorldResponse.cs
FN:5,System.String AdLerBackend.Application.Common.Responses.World.WorldResponse::get_WorldName()
FNDA:0,System.String AdLerBackend.Application.Common.Responses.World.WorldResponse::get_WorldName()
DA:6,0
FN:6,System.Int32 AdLerBackend.Application.Common.Responses.World.WorldResponse::get_WorldId()
FNDA:0,System.Int32 AdLerBackend.Application.Common.Responses.World.WorldResponse::get_WorldId()
DA:7,0
LF:2
LH:0
BRF:0
BRH:0
FNF:2
FNH:0
end_of_record
SF:D:\Projects\AdLer\AdLerBackend\AdLerBackend.Application\Common\Responses\World\WorldStatusResponse.cs
FN:7,System.Int32 AdLerBackend.Application.Common.Responses.World.WorldStatusResponse::get_WorldId()
FNDA:0,System.Int32 AdLerBackend.Application.Common.Responses.World.WorldStatusResponse::get_WorldId()
DA:8,0
FN:8,System.Collections.Generic.IList`1<AdLerBackend.Application.Common.Responses.Elements.ElementScoreResponse> AdLerBackend.Application.Common.Responses.World.WorldStatusResponse::get_Elements()
FNDA:0,System.Collections.Generic.IList`1<AdLerBackend.Application.Common.Responses.Elements.ElementScoreResponse> AdLerBackend.Application.Common.Responses.World.WorldStatusResponse::get_Elements()
DA:9,0
LF:2
LH:0
BRF:0
BRH:0
FNF:2
FNH:0
end_of_record
SF:D:\Projects\AdLer\AdLerBackend\AdLerBackend.Application\Common\Responses\Player\PlayerDataResponse.cs
FN:7,AdLerBackend.Domain.Entities.PlayerData.PlayerAvatarGender AdLerBackend.Application.Common.Responses.Player.PlayerDataResponse::get_PlayerGender()
FNDA:0,AdLerBackend.Domain.Entities.PlayerData.PlayerAvatarGender AdLerBackend.Application.Common.Responses.Player.PlayerDataResponse::get_PlayerGender()
DA:8,0
FN:8,AdLerBackend.Domain.Entities.PlayerData.PlayerWorldColor AdLerBackend.Application.Common.Responses.Player.PlayerDataResponse::get_PlayerWorldColor()
FNDA:0,AdLerBackend.Domain.Entities.PlayerData.PlayerWorldColor AdLerBackend.Application.Common.Responses.Player.PlayerDataResponse::get_PlayerWorldColor()
DA:9,0
LF:2
LH:0
BRF:0
BRH:0
FNF:2
FNH:0
end_of_record
SF:D:\Projects\AdLer\AdLerBackend\AdLerBackend.Application\Common\Responses\LMSAdapter\LMSCourseContentResponse.cs
FN:5,System.Collections.Generic.IList`1<AdLerBackend.Application.Common.Responses.LMSAdapter.LmsModule> AdLerBackend.Application.Common.Responses.LMSAdapter.LMSWorldContentResponse::get_Modules()
FNDA:4,System.Collections.Generic.IList`1<AdLerBackend.Application.Common.Responses.LMSAdapter.LmsModule> AdLerBackend.Application.Common.Responses.LMSAdapter.LMSWorldContentResponse::get_Modules()
DA:6,4
FN:10,System.Int32 AdLerBackend.Application.Common.Responses.LMSAdapter.LmsModule::get_Id()
FNDA:3,System.Int32 AdLerBackend.Application.Common.Responses.LMSAdapter.LmsModule::get_Id()
DA:11,3
FN:11,System.String AdLerBackend.Application.Common.Responses.LMSAdapter.LmsModule::get_Name()
FNDA:3,System.String AdLerBackend.Application.Common.Responses.LMSAdapter.LmsModule::get_Name()
DA:12,3
FN:12,System.Int32 AdLerBackend.Application.Common.Responses.LMSAdapter.LmsModule::get_contextid()
FNDA:3,System.Int32 AdLerBackend.Application.Common.Responses.LMSAdapter.LmsModule::get_contextid()
DA:13,3
FN:13,System.String AdLerBackend.Application.Common.Responses.LMSAdapter.LmsModule::get_ModName()
FNDA:3,System.String AdLerBackend.Application.Common.Responses.LMSAdapter.LmsModule::get_ModName()
DA:14,3
FN:14,System.Collections.Generic.IList`1<AdLerBackend.Application.Common.Responses.LMSAdapter.FileContents> AdLerBackend.Application.Common.Responses.LMSAdapter.LmsModule::get_Contents()
FNDA:1,System.Collections.Generic.IList`1<AdLerBackend.Application.Common.Responses.LMSAdapter.FileContents> AdLerBackend.Application.Common.Responses.LMSAdapter.LmsModule::get_Contents()
DA:15,1
FN:19,System.String AdLerBackend.Application.Common.Responses.LMSAdapter.FileContents::get_fileUrl()
FNDA:1,System.String AdLerBackend.Application.Common.Responses.LMSAdapter.FileContents::get_fileUrl()
DA:20,1
LF:7
LH:7
BRF:0
BRH:0
FNF:7
FNH:7
end_of_record
SF:D:\Projects\AdLer\AdLerBackend\AdLerBackend.Application\Common\Responses\LMSAdapter\LMSCourseCreationResponse.cs
FN:4,System.Int32 AdLerBackend.Application.Common.Responses.LMSAdapter.LMSCourseCreationResponse::get_CourseLmsId()
FNDA:2,System.Int32 AdLerBackend.Application.Common.Responses.LMSAdapter.LMSCourseCreationResponse::get_CourseLmsId()
DA:5,2
FN:5,System.String AdLerBackend.Application.Common.Responses.LMSAdapter.LMSCourseCreationResponse::get_CourseLmsName()
FNDA:1,System.String AdLerBackend.Application.Common.Responses.LMSAdapter.LMSCourseCreationResponse::get_CourseLmsName()
DA:6,1
LF:2
LH:2
BRF:0
BRH:0
FNF:2
FNH:2
end_of_record
SF:D:\Projects\AdLer\AdLerBackend\AdLerBackend.Application\Common\Responses\LMSAdapter\LmsCourseStatusResponse.cs
FN:4,System.Collections.Generic.IList`1<AdLerBackend.Application.Common.Responses.LMSAdapter.LmsElementStatus> AdLerBackend.Application.Common.Responses.LMSAdapter.LmsCourseStatusResponse::get_ElementScores()
FNDA:5,System.Collections.Generic.IList`1<AdLerBackend.Application.Common.Responses.LMSAdapter.LmsElementStatus> AdLerBackend.Application.Common.Responses.LMSAdapter.LmsCourseStatusResponse::get_ElementScores()
DA:5,5
LF:1
LH:1
BRF:0
BRH:0
FNF:1
FNH:1
end_of_record
SF:D:\Projects\AdLer\AdLerBackend\AdLerBackend.Application\Common\Responses\LMSAdapter\LmsElementStatus.cs
FN:4,System.Int32 AdLerBackend.Application.Common.Responses.LMSAdapter.LmsElementStatus::get_ModuleId()
FNDA:2,System.Int32 AdLerBackend.Application.Common.Responses.LMSAdapter.LmsElementStatus::get_ModuleId()
DA:5,2
FN:5,System.Boolean AdLerBackend.Application.Common.Responses.LMSAdapter.LmsElementStatus::get_HasScored()
FNDA:2,System.Boolean AdLerBackend.Application.Common.Responses.LMSAdapter.LmsElementStatus::get_HasScored()
DA:6,2
LF:2
LH:2
BRF:0
BRH:0
FNF:2
FNH:2
end_of_record
SF:D:\Projects\AdLer\AdLerBackend\AdLerBackend.Application\Common\Responses\LMSAdapter\LMSUserDataResponse.cs
FN:5,System.String AdLerBackend.Application.Common.Responses.LMSAdapter.LMSUserDataResponse::get_LMSUserName()
FNDA:1,System.String AdLerBackend.Application.Common.Responses.LMSAdapter.LMSUserDataResponse::get_LMSUserName()
DA:6,1
FN:6,System.Int32 AdLerBackend.Application.Common.Responses.LMSAdapter.LMSUserDataResponse::get_UserId()
FNDA:2,System.Int32 AdLerBackend.Application.Common.Responses.LMSAdapter.LMSUserDataResponse::get_UserId()
DA:7,2
FN:7,System.String AdLerBackend.Application.Common.Responses.LMSAdapter.LMSUserDataResponse::get_UserEmail()
FNDA:1,System.String AdLerBackend.Application.Common.Responses.LMSAdapter.LMSUserDataResponse::get_UserEmail()
DA:8,1
LF:3
LH:3
BRF:0
BRH:0
FNF:3
FNH:3
end_of_record
SF:D:\Projects\AdLer\AdLerBackend\AdLerBackend.Application\Common\Responses\LMSAdapter\LMSUserTokenResponse.cs
FN:5,System.String AdLerBackend.Application.Common.Responses.LMSAdapter.LMSUserTokenResponse::get_LMSToken()
FNDA:2,System.String AdLerBackend.Application.Common.Responses.LMSAdapter.LMSUserTokenResponse::get_LMSToken()
DA:6,2
LF:1
LH:1
BRF:0
BRH:0
FNF:1
FNH:1
end_of_record
SF:D:\Projects\AdLer\AdLerBackend\AdLerBackend.Application\Common\Responses\LMSAdapter\LMSUuidResponse.cs
FN:4,System.Guid AdLerBackend.Application.Common.Responses.LMSAdapter.LmsUuidResponse::get_Uuid()
FNDA:4,System.Guid AdLerBackend.Application.Common.Responses.LMSAdapter.LmsUuidResponse::get_Uuid()
DA:5,4
FN:5,System.Int32 AdLerBackend.Application.Common.Responses.LMSAdapter.LmsUuidResponse::get_LmsId()
FNDA:3,System.Int32 AdLerBackend.Application.Common.Responses.LMSAdapter.LmsUuidResponse::get_LmsId()
DA:6,3
FN:6,System.Int32 AdLerBackend.Application.Common.Responses.LMSAdapter.LmsUuidResponse::get_LmsContextId()
FNDA:3,System.Int32 AdLerBackend.Application.Common.Responses.LMSAdapter.LmsUuidResponse::get_LmsContextId()
DA:7,3
LF:3
LH:3
BRF:0
BRH:0
FNF:3
FNH:3
end_of_record
SF:D:\Projects\AdLer\AdLerBackend\AdLerBackend.Application\Common\Responses\LMSAdapter\LMSWorldListResponse.cs
FN:5,System.Int32 AdLerBackend.Application.Common.Responses.LMSAdapter.LMSWorldListResponse::get_Total()
FNDA:2,System.Int32 AdLerBackend.Application.Common.Responses.LMSAdapter.LMSWorldListResponse::get_Total()
DA:6,2
FN:6,System.Collections.Generic.List`1<AdLerBackend.Application.Common.Responses.LMSAdapter.MoodleCourse> AdLerBackend.Application.Common.Responses.LMSAdapter.LMSWorldListResponse::get_Courses()
FNDA:1,System.Collections.Generic.List`1<AdLerBackend.Application.Common.Responses.LMSAdapter.MoodleCourse> AdLerBackend.Application.Common.Responses.LMSAdapter.LMSWorldListResponse::get_Courses()
DA:7,1
FN:11,System.Int32 AdLerBackend.Application.Common.Responses.LMSAdapter.MoodleCourse::get_Id()
FNDA:6,System.Int32 AdLerBackend.Application.Common.Responses.LMSAdapter.MoodleCourse::get_Id()
DA:12,6
FN:12,System.String AdLerBackend.Application.Common.Responses.LMSAdapter.MoodleCourse::get_Fullname()
FNDA:6,System.String AdLerBackend.Application.Common.Responses.LMSAdapter.MoodleCourse::get_Fullname()
DA:13,6
LF:4
LH:4
BRF:0
BRH:0
FNF:4
FNH:4
end_of_record
SF:D:\Projects\AdLer\AdLerBackend\AdLerBackend.Application\Common\Responses\LMSAdapter\Adaptivity\AdaptivityModuleStateResponseAfterAnswer.cs
FN:4,System.Collections.Generic.IEnumerable`1<AdLerBackend.Application.Common.Responses.LMSAdapter.Adaptivity.LMSAdaptivityQuestionStateResponse> AdLerBackend.Application.Common.Responses.LMSAdapter.Adaptivity.AdaptivityModuleStateResponseAfterAnswer::get_Questions()
FNDA:1,System.Collections.Generic.IEnumerable`1<AdLerBackend.Application.Common.Responses.LMSAdapter.Adaptivity.LMSAdaptivityQuestionStateResponse> AdLerBackend.Application.Common.Responses.LMSAdapter.Adaptivity.AdaptivityModuleStateResponseAfterAnswer::get_Questions()
DA:5,1
FN:5,System.Collections.Generic.IEnumerable`1<AdLerBackend.Application.Common.Responses.LMSAdapter.Adaptivity.LMSAdaptivityTaskStateResponse> AdLerBackend.Application.Common.Responses.LMSAdapter.Adaptivity.AdaptivityModuleStateResponseAfterAnswer::get_Tasks()
FNDA:1,System.Collections.Generic.IEnumerable`1<AdLerBackend.Application.Common.Responses.LMSAdapter.Adaptivity.LMSAdaptivityTaskStateResponse> AdLerBackend.Application.Common.Responses.LMSAdapter.Adaptivity.AdaptivityModuleStateResponseAfterAnswer::get_Tasks()
DA:6,1
FN:6,AdLerBackend.Application.Common.Responses.LMSAdapter.Adaptivity.AdaptivityStates AdLerBackend.Application.Common.Responses.LMSAdapter.Adaptivity.AdaptivityModuleStateResponseAfterAnswer::get_State()
FNDA:2,AdLerBackend.Application.Common.Responses.LMSAdapter.Adaptivity.AdaptivityStates AdLerBackend.Application.Common.Responses.LMSAdapter.Adaptivity.AdaptivityModuleStateResponseAfterAnswer::get_State()
DA:7,2
LF:3
LH:3
BRF:0
BRH:0
FNF:3
FNH:3
end_of_record
SF:D:\Projects\AdLer\AdLerBackend\AdLerBackend.Application\Common\Responses\LMSAdapter\Adaptivity\LMSAdaptivityQuestionStateResponse.cs
FN:4,System.Guid AdLerBackend.Application.Common.Responses.LMSAdapter.Adaptivity.LMSAdaptivityQuestionStateResponse::get_Uuid()
FNDA:3,System.Guid AdLerBackend.Application.Common.Responses.LMSAdapter.Adaptivity.LMSAdaptivityQuestionStateResponse::get_Uuid()
DA:5,3
FN:6,AdLerBackend.Application.Common.Responses.LMSAdapter.Adaptivity.AdaptivityStates AdLerBackend.Application.Common.Responses.LMSAdapter.Adaptivity.LMSAdaptivityQuestionStateResponse::get_Status()
FNDA:6,AdLerBackend.Application.Common.Responses.LMSAdapter.Adaptivity.AdaptivityStates AdLerBackend.Application.Common.Responses.LMSAdapter.Adaptivity.LMSAdaptivityQuestionStateResponse::get_Status()
DA:7,6
FN:8,System.Collections.Generic.IList`1<AdLerBackend.Application.Common.Responses.LMSAdapter.Adaptivity.LMSAdaptivityQuestionStateResponse/LMSAdaptivityAnswers> AdLerBackend.Application.Common.Responses.LMSAdapter.Adaptivity.LMSAdaptivityQuestionStateResponse::get_Answers()
FNDA:7,System.Collections.Generic.IList`1<AdLerBackend.Application.Common.Responses.LMSAdapter.Adaptivity.LMSAdaptivityQuestionStateResponse/LMSAdaptivityAnswers> AdLerBackend.Application.Common.Responses.LMSAdapter.Adaptivity.LMSAdaptivityQuestionStateResponse::get_Answers()
DA:9,7
FN:2,System.Void AdLerBackend.Application.Common.Responses.LMSAdapter.Adaptivity.LMSAdaptivityQuestionStateResponse::.ctor(AdLerBackend.Application.Common.Responses.LMSAdapter.Adaptivity.LMSAdaptivityQuestionStateResponse)
FNDA:0,System.Void AdLerBackend.Application.Common.Responses.LMSAdapter.Adaptivity.LMSAdaptivityQuestionStateResponse::.ctor(AdLerBackend.Application.Common.Responses.LMSAdapter.Adaptivity.LMSAdaptivityQuestionStateResponse)
DA:3,0
FN:12,System.Boolean AdLerBackend.Application.Common.Responses.LMSAdapter.Adaptivity.LMSAdaptivityQuestionStateResponse/LMSAdaptivityAnswers::get_Checked()
FNDA:12,System.Boolean AdLerBackend.Application.Common.Responses.LMSAdapter.Adaptivity.LMSAdaptivityQuestionStateResponse/LMSAdaptivityAnswers::get_Checked()
DA:13,12
FN:13,System.Boolean AdLerBackend.Application.Common.Responses.LMSAdapter.Adaptivity.LMSAdaptivityQuestionStateResponse/LMSAdaptivityAnswers::get_User_Answer_correct()
FNDA:12,System.Boolean AdLerBackend.Application.Common.Responses.LMSAdapter.Adaptivity.LMSAdaptivityQuestionStateResponse/LMSAdaptivityAnswers::get_User_Answer_correct()
DA:14,12
LF:6
LH:5
BRF:0
BRH:0
FNF:6
FNH:5
end_of_record
SF:D:\Projects\AdLer\AdLerBackend\AdLerBackend.Application\Common\Responses\LMSAdapter\Adaptivity\LMSAdaptivityTaskStateResponse.cs
FN:4,System.Guid AdLerBackend.Application.Common.Responses.LMSAdapter.Adaptivity.LMSAdaptivityTaskStateResponse::get_Uuid()
FNDA:3,System.Guid AdLerBackend.Application.Common.Responses.LMSAdapter.Adaptivity.LMSAdaptivityTaskStateResponse::get_Uuid()
DA:5,3
FN:5,AdLerBackend.Application.Common.Responses.LMSAdapter.Adaptivity.AdaptivityStates AdLerBackend.Application.Common.Responses.LMSAdapter.Adaptivity.LMSAdaptivityTaskStateResponse::get_State()
FNDA:5,AdLerBackend.Application.Common.Responses.LMSAdapter.Adaptivity.AdaptivityStates AdLerBackend.Application.Common.Responses.LMSAdapter.Adaptivity.LMSAdaptivityTaskStateResponse::get_State()
DA:6,5
LF:2
LH:2
BRF:0
BRH:0
FNF:2
FNH:2
end_of_record
SF:D:\Projects\AdLer\AdLerBackend\AdLerBackend.Application\Common\Responses\Elements\ElementScoreResponse.cs
FN:5,System.Int32 AdLerBackend.Application.Common.Responses.Elements.ElementScoreResponse::get_ElementId()
FNDA:0,System.Int32 AdLerBackend.Application.Common.Responses.Elements.ElementScoreResponse::get_ElementId()
DA:6,0
FN:6,System.Boolean AdLerBackend.Application.Common.Responses.Elements.ElementScoreResponse::get_Success()
FNDA:0,System.Boolean AdLerBackend.Application.Common.Responses.Elements.ElementScoreResponse::get_Success()
DA:7,0
LF:2
LH:0
BRF:0
BRH:0
FNF:2
FNH:0
end_of_record
SF:D:\Projects\AdLer\AdLerBackend\AdLerBackend.Application\Common\Responses\Elements\GetElementSourceResponse.cs
FN:5,System.String AdLerBackend.Application.Common.Responses.Elements.GetElementSourceResponse::get_FilePath()
FNDA:0,System.String AdLerBackend.Application.Common.Responses.Elements.GetElementSourceResponse::get_FilePath()
DA:6,0
LF:1
LH:0
BRF:0
BRH:0
FNF:1
FNH:0
end_of_record
SF:D:\Projects\AdLer\AdLerBackend\AdLerBackend.Application\Common\Responses\Elements\ScoreElementResponse.cs
FN:5,System.Boolean AdLerBackend.Application.Common.Responses.Elements.ScoreElementResponse::get_IsSuccess()
FNDA:0,System.Boolean AdLerBackend.Application.Common.Responses.Elements.ScoreElementResponse::get_IsSuccess()
DA:6,0
LF:1
LH:0
BRF:0
BRH:0
FNF:1
FNH:0
end_of_record
SF:D:\Projects\AdLer\AdLerBackend\AdLerBackend.Application\Common\Responses\Adaptivity\AnswerAdaptivityQuestionResponse.cs
FN:9,AdLerBackend.Application.Common.Responses.Elements.ElementScoreResponse AdLerBackend.Application.Common.Responses.Adaptivity.AnswerAdaptivityQuestionResponse::get_ElementScore()
FNDA:0,AdLerBackend.Application.Common.Responses.Elements.ElementScoreResponse AdLerBackend.Application.Common.Responses.Adaptivity.AnswerAdaptivityQuestionResponse::get_ElementScore()
DA:10,0
FN:10,AdLerBackend.Application.Common.Responses.Adaptivity.Common.GradedTask AdLerBackend.Application.Common.Responses.Adaptivity.AnswerAdaptivityQuestionResponse::get_GradedTask()
FNDA:0,AdLerBackend.Application.Common.Responses.Adaptivity.Common.GradedTask AdLerBackend.Application.Common.Responses.Adaptivity.AnswerAdaptivityQuestionResponse::get_GradedTask()
DA:11,0
FN:11,AdLerBackend.Application.Common.Responses.Adaptivity.Common.GradedQuestion AdLerBackend.Application.Common.Responses.Adaptivity.AnswerAdaptivityQuestionResponse::get_GradedQuestion()
FNDA:0,AdLerBackend.Application.Common.Responses.Adaptivity.Common.GradedQuestion AdLerBackend.Application.Common.Responses.Adaptivity.AnswerAdaptivityQuestionResponse::get_GradedQuestion()
DA:12,0
FN:7,System.Void AdLerBackend.Application.Common.Responses.Adaptivity.AnswerAdaptivityQuestionResponse::.ctor(AdLerBackend.Application.Common.Responses.Adaptivity.AnswerAdaptivityQuestionResponse)
FNDA:0,System.Void AdLerBackend.Application.Common.Responses.Adaptivity.AnswerAdaptivityQuestionResponse::.ctor(AdLerBackend.Application.Common.Responses.Adaptivity.AnswerAdaptivityQuestionResponse)
DA:8,0
LF:4
LH:0
BRF:0
BRH:0
FNF:4
FNH:0
end_of_record
SF:D:\Projects\AdLer\AdLerBackend\AdLerBackend.Application\Common\Responses\Adaptivity\GetAdaptivityElementDetailsResponse.cs
FN:9,AdLerBackend.Application.Common.Responses.Elements.ElementScoreResponse AdLerBackend.Application.Common.Responses.Adaptivity.GetAdaptivityElementDetailsResponse::get_Element()
FNDA:0,AdLerBackend.Application.Common.Responses.Elements.ElementScoreResponse AdLerBackend.Application.Common.Responses.Adaptivity.GetAdaptivityElementDetailsResponse::get_Element()
DA:10,0
FN:10,System.Collections.Generic.IEnumerable`1<AdLerBackend.Application.Common.Responses.Adaptivity.Common.GradedQuestion> AdLerBackend.Application.Common.Responses.Adaptivity.GetAdaptivityElementDetailsResponse::get_Questions()
FNDA:0,System.Collections.Generic.IEnumerable`1<AdLerBackend.Application.Common.Responses.Adaptivity.Common.GradedQuestion> AdLerBackend.Application.Common.Responses.Adaptivity.GetAdaptivityElementDetailsResponse::get_Questions()
DA:11,0
FN:11,System.Collections.Generic.IEnumerable`1<AdLerBackend.Application.Common.Responses.Adaptivity.Common.GradedTask> AdLerBackend.Application.Common.Responses.Adaptivity.GetAdaptivityElementDetailsResponse::get_Tasks()
FNDA:0,System.Collections.Generic.IEnumerable`1<AdLerBackend.Application.Common.Responses.Adaptivity.Common.GradedTask> AdLerBackend.Application.Common.Responses.Adaptivity.GetAdaptivityElementDetailsResponse::get_Tasks()
DA:12,0
FN:7,System.Void AdLerBackend.Application.Common.Responses.Adaptivity.GetAdaptivityElementDetailsResponse::.ctor(AdLerBackend.Application.Common.Responses.Adaptivity.GetAdaptivityElementDetailsResponse)
FNDA:0,System.Void AdLerBackend.Application.Common.Responses.Adaptivity.GetAdaptivityElementDetailsResponse::.ctor(AdLerBackend.Application.Common.Responses.Adaptivity.GetAdaptivityElementDetailsResponse)
DA:8,0
LF:4
LH:0
BRF:0
BRH:0
FNF:4
FNH:0
end_of_record
SF:D:\Projects\AdLer\AdLerBackend\AdLerBackend.Application\Common\Responses\Adaptivity\Common\GradedQuestion.cs
FN:7,System.Int32 AdLerBackend.Application.Common.Responses.Adaptivity.Common.GradedQuestion::get_Id()
FNDA:0,System.Int32 AdLerBackend.Application.Common.Responses.Adaptivity.Common.GradedQuestion::get_Id()
DA:8,0
FN:8,System.String AdLerBackend.Application.Common.Responses.Adaptivity.Common.GradedQuestion::get_Status()
FNDA:0,System.String AdLerBackend.Application.Common.Responses.Adaptivity.Common.GradedQuestion::get_Status()
DA:9,0
FN:13,System.Collections.Generic.IEnumerable`1<AdLerBackend.Application.Common.Responses.Adaptivity.Common.GradedQuestion/GradedAnswer> AdLerBackend.Application.Common.Responses.Adaptivity.Common.GradedQuestion::get_Answers()
FNDA:0,System.Collections.Generic.IEnumerable`1<AdLerBackend.Application.Common.Responses.Adaptivity.Common.GradedQuestion/GradedAnswer> AdLerBackend.Application.Common.Responses.Adaptivity.Common.GradedQuestion::get_Answers()
DA:14,0
FN:20,System.Boolean AdLerBackend.Application.Common.Responses.Adaptivity.Common.GradedQuestion/GradedAnswer::get_Checked()
FNDA:0,System.Boolean AdLerBackend.Application.Common.Responses.Adaptivity.Common.GradedQuestion/GradedAnswer::get_Checked()
DA:21,0
FN:21,System.Boolean AdLerBackend.Application.Common.Responses.Adaptivity.Common.GradedQuestion/GradedAnswer::get_Correct()
FNDA:0,System.Boolean AdLerBackend.Application.Common.Responses.Adaptivity.Common.GradedQuestion/GradedAnswer::get_Correct()
DA:22,0
LF:5
LH:0
BRF:0
BRH:0
FNF:5
FNH:0
end_of_record
SF:D:\Projects\AdLer\AdLerBackend\AdLerBackend.Application\Common\Responses\Adaptivity\Common\GradedTask.cs
FN:6,System.Int32 AdLerBackend.Application.Common.Responses.Adaptivity.Common.GradedTask::get_TaskId()
[...]
DA:218,1
DA:219,1
DA:220,1
DA:227,1
DA:228,1
DA:230,1
DA:231,1
FN:167,System.Void AdLerBackend.Infrastructure.Moodle.MoodleWebApi/<GetElementScoreFromPlugin>d__12::MoveNext()
FNDA:1,System.Void AdLerBackend.Infrastructure.Moodle.MoodleWebApi/<GetElementScoreFromPlugin>d__12::MoveNext()
DA:168,1
DA:169,1
DA:170,1
DA:171,1
DA:172,1
DA:173,1
DA:174,1
DA:175,1
DA:178,1
DA:179,1
FN:233,System.Void AdLerBackend.Infrastructure.Moodle.MoodleWebApi/<GetLMSUserDataAsync>d__16::MoveNext()
FNDA:2,System.Void AdLerBackend.Infrastructure.Moodle.MoodleWebApi/<GetLMSUserDataAsync>d__16::MoveNext()
DA:234,2
DA:235,2
DA:236,2
DA:237,2
DA:238,2
DA:239,2
DA:240,2
DA:241,2
DA:243,1
DA:244,1
DA:245,1
DA:246,1
DA:247,1
DA:248,1
DA:249,1
DA:250,1
DA:252,1
DA:253,1
DA:254,1
DA:255,1
DA:256,1
DA:257,1
DA:258,1
FN:42,System.Void AdLerBackend.Infrastructure.Moodle.MoodleWebApi/<GetLMSUserTokenAsync>d__5::MoveNext()
FNDA:4,System.Void AdLerBackend.Infrastructure.Moodle.MoodleWebApi/<GetLMSUserTokenAsync>d__5::MoveNext()
DA:43,4
DA:44,4
DA:45,4
DA:46,4
DA:47,4
DA:48,4
DA:49,4
DA:50,4
DA:51,4
DA:52,4
DA:54,1
DA:55,1
DA:56,1
DA:57,1
DA:58,1
FN:261,System.Void AdLerBackend.Infrastructure.Moodle.MoodleWebApi/<GetLmsElementIdsByUuidsAsync>d__17::MoveNext()
FNDA:1,System.Void AdLerBackend.Infrastructure.Moodle.MoodleWebApi/<GetLmsElementIdsByUuidsAsync>d__17::MoveNext()
DA:262,1
DA:263,1
DA:264,1
DA:265,1
DA:266,1
DA:267,1
DA:269,6
DA:270,2
DA:271,2
DA:272,2
DA:273,2
DA:274,2
DA:276,1
DA:284,1
BRDA:269,395,1,2
BRDA:269,395,0,1
FN:60,System.Void AdLerBackend.Infrastructure.Moodle.MoodleWebApi/<GetWorldContentAsync>d__6::MoveNext()
FNDA:1,System.Void AdLerBackend.Infrastructure.Moodle.MoodleWebApi/<GetWorldContentAsync>d__6::MoveNext()
DA:61,1
DA:62,1
DA:63,1
DA:64,1
DA:65,1
DA:66,1
DA:67,1
DA:68,1
DA:69,1
FN:71,System.Void AdLerBackend.Infrastructure.Moodle.MoodleWebApi/<GetWorldsForUserAsync>d__7::MoveNext()
FNDA:1,System.Void AdLerBackend.Infrastructure.Moodle.MoodleWebApi/<GetWorldsForUserAsync>d__7::MoveNext()
DA:72,1
DA:73,1
DA:74,1
DA:75,1
DA:76,1
DA:77,1
DA:78,1
DA:79,1
DA:80,1
DA:81,1
FN:329,System.Void AdLerBackend.Infrastructure.Moodle.MoodleWebApi/<MoodleCallAsync>d__19`1::MoveNext()
FNDA:20,System.Void AdLerBackend.Infrastructure.Moodle.MoodleWebApi/<MoodleCallAsync>d__19`1::MoveNext()
DA:330,20
DA:331,20
DA:333,20
DA:335,327
DA:337,20
DA:338,19
DA:340,19
DA:341,16
BRDA:335,161,1,89
BRDA:335,161,0,20
FN:343,System.Void AdLerBackend.Infrastructure.Moodle.MoodleWebApi/<MoodleCallAsync>d__20`1::MoveNext()
FNDA:1,System.Void AdLerBackend.Infrastructure.Moodle.MoodleWebApi/<MoodleCallAsync>d__20`1::MoveNext()
DA:344,1
DA:346,1
DA:347,1
DA:349,1
DA:350,1
DA:352,1
DA:353,1
BRDA:346,55,0,1
BRDA:346,55,1,1
FN:404,System.Void AdLerBackend.Infrastructure.Moodle.MoodleWebApi/<PostToMoodleAsync>d__24::MoveNext()
FNDA:21,System.Void AdLerBackend.Infrastructure.Moodle.MoodleWebApi/<PostToMoodleAsync>d__24::MoveNext()
DA:405,21
DA:406,21
DA:409,21
DA:410,21
DA:411,21
DA:412,21
DA:413,17
DA:414,4
DA:415,21
DA:418,21
DA:421,21
DA:423,1
DA:424,1
DA:425,1
DA:427,20
BRDA:410,44,0,17
BRDA:410,44,1,21
BRDA:411,86,0,4
BRDA:411,86,1,17
BRDA:411,92,1,4
BRDA:411,92,0,0
FN:195,System.Void AdLerBackend.Infrastructure.Moodle.MoodleWebApi/<ProcessXApiViaPlugin>d__14::MoveNext()
FNDA:2,System.Void AdLerBackend.Infrastructure.Moodle.MoodleWebApi/<ProcessXApiViaPlugin>d__14::MoveNext()
DA:196,2
DA:197,2
DA:198,2
DA:199,2
DA:200,2
DA:201,2
DA:202,2
DA:203,2
DA:205,2
DA:206,2
FN:181,System.Void AdLerBackend.Infrastructure.Moodle.MoodleWebApi/<ScoreGenericElementViaPlugin>d__13::MoveNext()
FNDA:1,System.Void AdLerBackend.Infrastructure.Moodle.MoodleWebApi/<ScoreGenericElementViaPlugin>d__13::MoveNext()
DA:182,1
DA:183,1
DA:184,1
DA:185,1
DA:186,1
DA:187,1
DA:188,1
DA:189,1
DA:190,1
DA:192,1
DA:193,1
FN:147,System.Void AdLerBackend.Infrastructure.Moodle.MoodleWebApi/<UploadCourseWorldToLMS>d__11::MoveNext()
FNDA:1,System.Void AdLerBackend.Infrastructure.Moodle.MoodleWebApi/<UploadCourseWorldToLMS>d__11::MoveNext()
DA:148,1
DA:149,1
DA:151,1
DA:152,1
DA:153,1
DA:154,1
DA:155,1
DA:156,1
DA:158,1
DA:160,1
DA:161,1
DA:162,1
DA:163,1
DA:164,1
DA:165,1
LF:302
LH:296
BRF:28
BRH:24
FNF:29
FNH:28
end_of_record
SF:D:\Projects\AdLer\AdLerBackend\AdLerBackend.Infrastructure\Moodle\PostToMoodleOptions.cs
FN:4,AdLerBackend.Infrastructure.Moodle.PostToMoodleOptions/Endpoints AdLerBackend.Infrastructure.Moodle.PostToMoodleOptions::get_Endpoint()
FNDA:46,AdLerBackend.Infrastructure.Moodle.PostToMoodleOptions/Endpoints AdLerBackend.Infrastructure.Moodle.PostToMoodleOptions::get_Endpoint()
DA:5,46
LF:1
LH:1
BRF:0
BRH:0
FNF:1
FNH:1
end_of_record
SF:D:\Projects\AdLer\AdLerBackend\AdLerBackend.Infrastructure\Moodle\ApiResponses\AdaptivityModuleAnsweredResponse.cs
FN:4,AdLerBackend.Infrastructure.Moodle.ApiResponses.AdaptivityModuleAnsweredResponse/AdaptivityModuleInfo AdLerBackend.Infrastructure.Moodle.ApiResponses.AdaptivityModuleAnsweredResponse::get_Module()
FNDA:2,AdLerBackend.Infrastructure.Moodle.ApiResponses.AdaptivityModuleAnsweredResponse/AdaptivityModuleInfo AdLerBackend.Infrastructure.Moodle.ApiResponses.AdaptivityModuleAnsweredResponse::get_Module()
DA:5,2
FN:5,System.Collections.Generic.IList`1<AdLerBackend.Infrastructure.Moodle.ApiResponses.MoodleTaskResponse> AdLerBackend.Infrastructure.Moodle.ApiResponses.AdaptivityModuleAnsweredResponse::get_Tasks()
FNDA:2,System.Collections.Generic.IList`1<AdLerBackend.Infrastructure.Moodle.ApiResponses.MoodleTaskResponse> AdLerBackend.Infrastructure.Moodle.ApiResponses.AdaptivityModuleAnsweredResponse::get_Tasks()
DA:6,2
FN:6,System.Collections.Generic.IList`1<AdLerBackend.Infrastructure.Moodle.ApiResponses.PluginQuestionsDetailResponse/PluginAdaptivityQuestion> AdLerBackend.Infrastructure.Moodle.ApiResponses.AdaptivityModuleAnsweredResponse::get_Questions()
FNDA:2,System.Collections.Generic.IList`1<AdLerBackend.Infrastructure.Moodle.ApiResponses.PluginQuestionsDetailResponse/PluginAdaptivityQuestion> AdLerBackend.Infrastructure.Moodle.ApiResponses.AdaptivityModuleAnsweredResponse::get_Questions()
DA:7,2
FN:10,System.String AdLerBackend.Infrastructure.Moodle.ApiResponses.AdaptivityModuleAnsweredResponse/AdaptivityModuleInfo::get_Status()
FNDA:2,System.String AdLerBackend.Infrastructure.Moodle.ApiResponses.AdaptivityModuleAnsweredResponse/AdaptivityModuleInfo::get_Status()
DA:11,2
LF:4
LH:4
BRF:0
BRH:0
FNF:4
FNH:4
end_of_record
SF:D:\Projects\AdLer\AdLerBackend\AdLerBackend.Infrastructure\Moodle\ApiResponses\CourseDeletionWarningsResponse.cs
FN:4,System.String AdLerBackend.Infrastructure.Moodle.ApiResponses.CourseDeletionWarningsResponse::get_Item()
FNDA:3,System.String AdLerBackend.Infrastructure.Moodle.ApiResponses.CourseDeletionWarningsResponse::get_Item()
DA:5,3
FN:5,System.Int32 AdLerBackend.Infrastructure.Moodle.ApiResponses.CourseDeletionWarningsResponse::get_Itemid()
FNDA:3,System.Int32 AdLerBackend.Infrastructure.Moodle.ApiResponses.CourseDeletionWarningsResponse::get_Itemid()
DA:6,3
FN:6,System.String AdLerBackend.Infrastructure.Moodle.ApiResponses.CourseDeletionWarningsResponse::get_Warningcode()
FNDA:4,System.String AdLerBackend.Infrastructure.Moodle.ApiResponses.CourseDeletionWarningsResponse::get_Warningcode()
DA:7,4
FN:7,System.String AdLerBackend.Infrastructure.Moodle.ApiResponses.CourseDeletionWarningsResponse::get_Message()
FNDA:3,System.String AdLerBackend.Infrastructure.Moodle.ApiResponses.CourseDeletionWarningsResponse::get_Message()
DA:8,3
LF:4
LH:4
BRF:0
BRH:0
FNF:4
FNH:4
end_of_record
SF:D:\Projects\AdLer\AdLerBackend\AdLerBackend.Infrastructure\Moodle\ApiResponses\DetailedUserDataResponse.cs
FN:4,System.String AdLerBackend.Infrastructure.Moodle.ApiResponses.DetailedUserDataResponse::get_Email()
FNDA:5,System.String AdLerBackend.Infrastructure.Moodle.ApiResponses.DetailedUserDataResponse::get_Email()
DA:5,5
LF:1
LH:1
BRF:0
BRH:0
FNF:1
FNH:1
end_of_record
SF:D:\Projects\AdLer\AdLerBackend\AdLerBackend.Infrastructure\Moodle\ApiResponses\GeneralUserDataResponse.cs
FN:4,System.String AdLerBackend.Infrastructure.Moodle.ApiResponses.GeneralUserDataResponse::get_Username()
FNDA:5,System.String AdLerBackend.Infrastructure.Moodle.ApiResponses.GeneralUserDataResponse::get_Username()
DA:5,5
FN:5,System.Int32 AdLerBackend.Infrastructure.Moodle.ApiResponses.GeneralUserDataResponse::get_Userid()
FNDA:6,System.Int32 AdLerBackend.Infrastructure.Moodle.ApiResponses.GeneralUserDataResponse::get_Userid()
DA:6,6
LF:2
LH:2
BRF:0
BRH:0
FNF:2
FNH:2
end_of_record
SF:D:\Projects\AdLer\AdLerBackend\AdLerBackend.Infrastructure\Moodle\ApiResponses\MoodleWsErrorResponse.cs
FN:4,System.String AdLerBackend.Infrastructure.Moodle.ApiResponses.MoodleWsErrorResponse::get_ErrorCode()
FNDA:24,System.String AdLerBackend.Infrastructure.Moodle.ApiResponses.MoodleWsErrorResponse::get_ErrorCode()
DA:5,24
LF:1
LH:1
BRF:0
BRH:0
FNF:1
FNH:1
end_of_record
SF:D:\Projects\AdLer\AdLerBackend\AdLerBackend.Infrastructure\Moodle\ApiResponses\PluginCourseCreationResponse.cs
FN:4,System.Int32 AdLerBackend.Infrastructure.Moodle.ApiResponses.PluginCourseCreationResponse::get_Course_Id()
FNDA:5,System.Int32 AdLerBackend.Infrastructure.Moodle.ApiResponses.PluginCourseCreationResponse::get_Course_Id()
DA:5,5
FN:5,System.String AdLerBackend.Infrastructure.Moodle.ApiResponses.PluginCourseCreationResponse::get_Course_Fullname()
FNDA:4,System.String AdLerBackend.Infrastructure.Moodle.ApiResponses.PluginCourseCreationResponse::get_Course_Fullname()
DA:6,4
LF:2
LH:2
BRF:0
BRH:0
FNF:2
FNH:2
end_of_record
SF:D:\Projects\AdLer\AdLerBackend\AdLerBackend.Infrastructure\Moodle\ApiResponses\PluginElementScoreData.cs
FN:4,System.Int32 AdLerBackend.Infrastructure.Moodle.ApiResponses.PluginElementScoreData::get_Module_id()
FNDA:15,System.Int32 AdLerBackend.Infrastructure.Moodle.ApiResponses.PluginElementScoreData::get_Module_id()
DA:5,15
FN:5,System.Nullable`1<System.Int32> AdLerBackend.Infrastructure.Moodle.ApiResponses.PluginElementScoreData::get_Score()
FNDA:20,System.Nullable`1<System.Int32> AdLerBackend.Infrastructure.Moodle.ApiResponses.PluginElementScoreData::get_Score()
DA:6,20
LF:2
LH:2
BRF:0
BRH:0
FNF:2
FNH:2
end_of_record
SF:D:\Projects\AdLer\AdLerBackend\AdLerBackend.Infrastructure\Moodle\ApiResponses\PluginQuestionsDetailResponse.cs
FN:7,System.Collections.Generic.List`1<AdLerBackend.Infrastructure.Moodle.ApiResponses.PluginQuestionsDetailResponse/PluginAdaptivityQuestion> AdLerBackend.Infrastructure.Moodle.ApiResponses.PluginQuestionsDetailResponse::get_Questions()
FNDA:2,System.Collections.Generic.List`1<AdLerBackend.Infrastructure.Moodle.ApiResponses.PluginQuestionsDetailResponse/PluginAdaptivityQuestion> AdLerBackend.Infrastructure.Moodle.ApiResponses.PluginQuestionsDetailResponse::get_Questions()
DA:8,2
FN:12,System.String AdLerBackend.Infrastructure.Moodle.ApiResponses.PluginQuestionsDetailResponse/PluginAdaptivityQuestion::get_Uuid()
FNDA:6,System.String AdLerBackend.Infrastructure.Moodle.ApiResponses.PluginQuestionsDetailResponse/PluginAdaptivityQuestion::get_Uuid()
DA:13,6
FN:14,System.String AdLerBackend.Infrastructure.Moodle.ApiResponses.PluginQuestionsDetailResponse/PluginAdaptivityQuestion::get_Status()
FNDA:6,System.String AdLerBackend.Infrastructure.Moodle.ApiResponses.PluginQuestionsDetailResponse/PluginAdaptivityQuestion::get_Status()
DA:15,6
FN:15,System.String AdLerBackend.Infrastructure.Moodle.ApiResponses.PluginQuestionsDetailResponse/PluginAdaptivityQuestion::get_Answers()
FNDA:9,System.String AdLerBackend.Infrastructure.Moodle.ApiResponses.PluginQuestionsDetailResponse/PluginAdaptivityQuestion::get_Answers()
DA:16,9
LF:4
LH:4
BRF:0
BRH:0
FNF:4
FNH:4
end_of_record
SF:D:\Projects\AdLer\AdLerBackend\AdLerBackend.Infrastructure\Moodle\ApiResponses\PluginTasksResponse.cs
FN:4,System.Collections.Generic.IList`1<AdLerBackend.Infrastructure.Moodle.ApiResponses.MoodleTaskResponse> AdLerBackend.Infrastructure.Moodle.ApiResponses.PluginTasksResponse::get_Tasks()
FNDA:2,System.Collections.Generic.IList`1<AdLerBackend.Infrastructure.Moodle.ApiResponses.MoodleTaskResponse> AdLerBackend.Infrastructure.Moodle.ApiResponses.PluginTasksResponse::get_Tasks()
DA:5,2
FN:9,System.String AdLerBackend.Infrastructure.Moodle.ApiResponses.MoodleTaskResponse::get_Uuid()
FNDA:4,System.String AdLerBackend.Infrastructure.Moodle.ApiResponses.MoodleTaskResponse::get_Uuid()
DA:10,4
FN:10,System.String AdLerBackend.Infrastructure.Moodle.ApiResponses.MoodleTaskResponse::get_Status()
FNDA:4,System.String AdLerBackend.Infrastructure.Moodle.ApiResponses.MoodleTaskResponse::get_Status()
DA:11,4
LF:3
LH:3
BRF:0
BRH:0
FNF:3
FNH:3
end_of_record
SF:D:\Projects\AdLer\AdLerBackend\AdLerBackend.Infrastructure\Moodle\ApiResponses\PluginUUIDResponse.cs
FN:6,System.String AdLerBackend.Infrastructure.Moodle.ApiResponses.PluginUUIDResponse::get_CourseId()
FNDA:19,System.String AdLerBackend.Infrastructure.Moodle.ApiResponses.PluginUUIDResponse::get_CourseId()
DA:7,19
FN:8,System.String AdLerBackend.Infrastructure.Moodle.ApiResponses.PluginUUIDResponse::get_ElementType()
FNDA:19,System.String AdLerBackend.Infrastructure.Moodle.ApiResponses.PluginUUIDResponse::get_ElementType()
DA:9,19
FN:10,System.Guid AdLerBackend.Infrastructure.Moodle.ApiResponses.PluginUUIDResponse::get_Uuid()
FNDA:24,System.Guid AdLerBackend.Infrastructure.Moodle.ApiResponses.PluginUUIDResponse::get_Uuid()
DA:11,24
FN:12,System.Int32 AdLerBackend.Infrastructure.Moodle.ApiResponses.PluginUUIDResponse::get_MoodleId()
FNDA:22,System.Int32 AdLerBackend.Infrastructure.Moodle.ApiResponses.PluginUUIDResponse::get_MoodleId()
DA:13,22
FN:14,System.Int32 AdLerBackend.Infrastructure.Moodle.ApiResponses.PluginUUIDResponse::get_ContextId()
FNDA:22,System.Int32 AdLerBackend.Infrastructure.Moodle.ApiResponses.PluginUUIDResponse::get_ContextId()
DA:15,22
LF:5
LH:5
BRF:0
BRH:0
FNF:5
FNH:5
end_of_record
SF:D:\Projects\AdLer\AdLerBackend\AdLerBackend.Infrastructure\Moodle\ApiResponses\ResponseWithData.cs
FN:4,T AdLerBackend.Infrastructure.Moodle.ApiResponses.ResponseWithData`1::get_Data()
FNDA:14,T AdLerBackend.Infrastructure.Moodle.ApiResponses.ResponseWithData`1::get_Data()
DA:5,14
LF:1
LH:1
BRF:0
BRH:0
FNF:1
FNH:1
end_of_record
SF:D:\Projects\AdLer\AdLerBackend\AdLerBackend.Infrastructure\Moodle\ApiResponses\ResponseWithDataArray.cs
FN:4,System.Collections.Generic.IList`1<T> AdLerBackend.Infrastructure.Moodle.ApiResponses.ResponseWithDataArray`1::get_Data()
FNDA:31,System.Collections.Generic.IList`1<T> AdLerBackend.Infrastructure.Moodle.ApiResponses.ResponseWithDataArray`1::get_Data()
DA:5,31
LF:1
LH:1
BRF:0
BRH:0
FNF:1
FNH:1
end_of_record
SF:D:\Projects\AdLer\AdLerBackend\AdLerBackend.Infrastructure\Moodle\ApiResponses\ScoreGenericLearningElementResponse.cs
FN:4,System.Boolean AdLerBackend.Infrastructure.Moodle.ApiResponses.ScoreGenericLearningElementResponse::get_Status()
FNDA:3,System.Boolean AdLerBackend.Infrastructure.Moodle.ApiResponses.ScoreGenericLearningElementResponse::get_Status()
DA:5,3
LF:1
LH:1
BRF:0
BRH:0
FNF:1
FNH:1
end_of_record
SF:D:\Projects\AdLer\AdLerBackend\AdLerBackend.Infrastructure\Moodle\ApiResponses\UserTokenResponse.cs
FN:4,System.String AdLerBackend.Infrastructure.Moodle.ApiResponses.UserTokenResponse::get_Token()
FNDA:5,System.String AdLerBackend.Infrastructure.Moodle.ApiResponses.UserTokenResponse::get_Token()
DA:5,5
LF:1
LH:1
BRF:0
BRH:0
FNF:1
FNH:1
end_of_record
SF:D:\Projects\AdLer\AdLerBackend\AdLerBackend.Infrastructure\LmsBackup\FileDescription.cs
FN:10,System.String AdLerBackend.Infrastructure.LmsBackup.File::get_Contenthash()
FNDA:13,System.String AdLerBackend.Infrastructure.LmsBackup.File::get_Contenthash()
DA:11,13
FN:13,System.String AdLerBackend.Infrastructure.LmsBackup.File::get_Component()
FNDA:15,System.String AdLerBackend.Infrastructure.LmsBackup.File::get_Component()
DA:14,15
FN:15,System.String AdLerBackend.Infrastructure.LmsBackup.File::get_Filename()
FNDA:11,System.String AdLerBackend.Infrastructure.LmsBackup.File::get_Filename()
DA:16,11
FN:18,System.String AdLerBackend.Infrastructure.LmsBackup.File::get_ElementUuid()
FNDA:4,System.String AdLerBackend.Infrastructure.LmsBackup.File::get_ElementUuid()
DA:19,4
FN:24,System.Collections.Generic.List`1<AdLerBackend.Infrastructure.LmsBackup.File> AdLerBackend.Infrastructure.LmsBackup.Files::get_File()
FNDA:8,System.Collections.Generic.List`1<AdLerBackend.Infrastructure.LmsBackup.File> AdLerBackend.Infrastructure.LmsBackup.Files::get_File()
DA:25,8
LF:5
LH:5
BRF:0
BRH:0
FNF:5
FNH:5
end_of_record
SF:D:\Projects\AdLer\AdLerBackend\AdLerBackend.Infrastructure\LmsBackup\LmsBackupProcessor.cs
FN:16,System.Collections.Generic.IList`1<AdLerBackend.Application.Common.DTOs.H5PDto> AdLerBackend.Infrastructure.LmsBackup.LmsBackupProcessor::GetH5PFilesFromBackup(System.IO.Stream)
FNDA:4,System.Collections.Generic.IList`1<AdLerBackend.Application.Common.DTOs.H5PDto> AdLerBackend.Infrastructure.LmsBackup.LmsBackupProcessor::GetH5PFilesFromBackup(System.IO.Stream)
DA:17,4
DA:18,4
DA:19,3
DA:21,2
DA:22,3
DA:23,3
DA:24,3
DA:25,3
DA:26,3
DA:27,2
FN:29,AdLerBackend.Application.Common.Responses.World.WorldAtfResponse AdLerBackend.Infrastructure.LmsBackup.LmsBackupProcessor::GetWorldDescriptionFromBackup(System.IO.Stream)
FNDA:1,AdLerBackend.Application.Common.Responses.World.WorldAtfResponse AdLerBackend.Infrastructure.LmsBackup.LmsBackupProcessor::GetWorldDescriptionFromBackup(System.IO.Stream)
DA:30,1
DA:31,1
DA:33,1
DA:34,1
DA:35,1
DA:36,1
DA:38,1
DA:39,1
BRDA:33,30,0,0
BRDA:33,30,1,1
FN:41,System.Collections.Generic.List`1<AdLerBackend.Infrastructure.LmsBackup.LmsBackupProcessor/H5PFile> AdLerBackend.Infrastructure.LmsBackup.LmsBackupProcessor::GetH5PFilesFromBackup(System.IO.Stream,AdLerBackend.Infrastructure.LmsBackup.Files)
FNDA:2,System.Collections.Generic.List`1<AdLerBackend.Infrastructure.LmsBackup.LmsBackupProcessor/H5PFile> AdLerBackend.Infrastructure.LmsBackup.LmsBackupProcessor::GetH5PFilesFromBackup(System.IO.Stream,AdLerBackend.Infrastructure.LmsBackup.Files)
DA:42,2
DA:43,2
DA:44,18
DA:45,6
DA:46,2
DA:48,4
DA:49,1
DA:50,1
DA:51,1
DA:52,1
DA:53,1
DA:54,1
DA:55,1
DA:56,1
DA:57,1
DA:59,2
DA:60,2
BRDA:44,289,1,6
BRDA:45,65,0,2
BRDA:45,65,1,4
BRDA:45,93,0,2
BRDA:48,121,1,1
BRDA:45,93,1,8
BRDA:48,121,0,8
BRDA:44,289,0,2
FN:62,T AdLerBackend.Infrastructure.LmsBackup.LmsBackupProcessor::DeserializeToObject(System.IO.Stream)
FNDA:3,T AdLerBackend.Infrastructure.LmsBackup.LmsBackupProcessor::DeserializeToObject(System.IO.Stream)
DA:63,3
DA:65,3
DA:66,3
DA:67,3
DA:69,3
DA:71,2
DA:73,1
DA:74,1
DA:75,1
DA:77,2
BRDA:69,45,0,0
BRDA:69,45,1,2
FN:79,System.IO.Stream AdLerBackend.Infrastructure.LmsBackup.LmsBackupProcessor::GetFileDescriptionFromTarStream(System.IO.Stream,System.String)
FNDA:5,System.IO.Stream AdLerBackend.Infrastructure.LmsBackup.LmsBackupProcessor::GetFileDescriptionFromTarStream(System.IO.Stream,System.String)
DA:80,5
DA:81,5
DA:82,90
DA:83,89
DA:84,4
DA:85,4
DA:86,4
DA:87,4
DA:88,4
DA:91,1
DA:92,4
BRDA:83,37,1,90
BRDA:82,21,0,89
BRDA:83,37,0,4
BRDA:82,21,1,1
FN:94,ICSharpCode.SharpZipLib.Tar.TarInputStream AdLerBackend.Infrastructure.LmsBackup.LmsBackupProcessor::GetTarInputStream(System.IO.Stream)
FNDA:5,ICSharpCode.SharpZipLib.Tar.TarInputStream AdLerBackend.Infrastructure.LmsBackup.LmsBackupProcessor::GetTarInputStream(System.IO.Stream)
DA:95,5
DA:96,5
DA:97,5
DA:99,5
DA:100,5
FN:103,System.IO.Stream AdLerBackend.Infrastructure.LmsBackup.LmsBackupProcessor/H5PFile::get_FileStream()
FNDA:2,System.IO.Stream AdLerBackend.Infrastructure.LmsBackup.LmsBackupProcessor/H5PFile::get_FileStream()
DA:104,2
FN:104,System.String AdLerBackend.Infrastructure.LmsBackup.LmsBackupProcessor/H5PFile::get_Uuid()
FNDA:2,System.String AdLerBackend.Infrastructure.LmsBackup.LmsBackupProcessor/H5PFile::get_Uuid()
DA:105,2
FN:105,System.String AdLerBackend.Infrastructure.LmsBackup.LmsBackupProcessor/H5PFile::get_ContentHash()
FNDA:2,System.String AdLerBackend.Infrastructure.LmsBackup.LmsBackupProcessor/H5PFile::get_ContentHash()
DA:106,2
LF:64
LH:64
BRF:16
BRH:14
FNF:9
FNH:9
end_of_record